Read1 before filtering:
total reads: 32167198
total bases: 1640527098
Q20 bases: 1522064199(92.779%)
Q30 bases: 1477669936(90.0729%)

Read2 before filtering:
total reads: 32167198
total bases: 836347148
Q20 bases: 768934364(91.9396%)
Q30 bases: 725290154(86.7212%)

Read1 after filtering:
total reads: 32167198
total bases: 1640527098
Q20 bases: 1522064199(92.779%)
Q30 bases: 1477669936(90.0729%)

Read2 aftering filtering:
total reads: 32167198
total bases: 836347148
Q20 bases: 768934364(91.9396%)
Q30 bases: 725290154(86.7212%)

Filtering result:
reads passed filter: 64334396
reads failed due to low quality: 0
reads failed due to too many N: 0
reads failed due to too short: 0

Duplication rate: 0%

Insert size peak (evaluated by paired-end reads): 51

JSON report: fastp.json
HTML report: fastp_1.html

fastp --in1 /media/robert/Elements/Deep_sequencing_data/24-03-13-S1-seq/Merged_FastQ_files/LSY5415_4h/LSY5415_4h_R1.fastq.gz --in2 /media/robert/Elements/Deep_sequencing_data/24-03-13-S1-seq/Merged_FastQ_files/LSY5415_4h/LSY5415_4h_R2.fastq.gz --out1 tmp_R1.fastq.gz --out2 tmp_R2.fastq.gz --length_required=12 --disable_adapter_trimming --disable_quality_filtering --disable_trim_poly_g -h fastp_1.html 
fastp v0.20.1, time used: 121 seconds
