# UMI-tools version: 1.0.0
# output generated by dedup --stdin=tmp_2.bam --umi-separator=: --no-sort-output --log=umi_tools.log --method=unique
# job started at Tue Mar 19 06:06:51 2024 on thinkpad -- c5a11412-19ff-46c7-8350-6cba3e4b8f7f
# pid: 5794, system: Linux 5.15.0-100-generic #110-Ubuntu SMP Wed Feb 7 13:27:48 UTC 2024 x86_64
# assigned_tag                            : None
# cell_tag                                : None
# cell_tag_delim                          : None
# cell_tag_split                          : -
# chimeric_pairs                          : use
# chrom                                   : None
# compresslevel                           : 6
# detection_method                        : None
# gene_tag                                : None
# gene_transcript_map                     : None
# get_umi_method                          : read_id
# ignore_umi                              : False
# in_sam                                  : False
# log2stderr                              : False
# loglevel                                : 1
# mapping_quality                         : 0
# method                                  : unique
# no_sort_output                          : True
# out_sam                                 : False
# output_unmapped                         : False
# paired                                  : False
# per_cell                                : False
# per_contig                              : False
# per_gene                                : False
# random_seed                             : None
# read_length                             : False
# short_help                              : None
# skip_regex                              : ^(__|Unassigned)
# soft_clip_threshold                     : 4
# spliced                                 : False
# stats                                   : False
# stderr                                  : <_io.TextIOWrapper name='<stderr>' mode='w' encoding='UTF-8'>
# stdin                                   : <_io.TextIOWrapper name='tmp_2.bam' mode='r' encoding='UTF-8'>
# stdlog                                  : <_io.TextIOWrapper name='umi_tools.log' mode='a' encoding='UTF-8'>
# stdout                                  : <_io.TextIOWrapper name='<stdout>' mode='w' encoding='UTF-8'>
# subset                                  : None
# threshold                               : 1
# timeit_file                             : None
# timeit_header                           : None
# timeit_name                             : all
# tmpdir                                  : None
# umi_sep                                 : :
# umi_tag                                 : RX
# umi_tag_delim                           : None
# umi_tag_split                           : None
# unmapped_reads                          : discard
# unpaired_reads                          : use
# whole_contig                            : False
2024-03-19 06:06:51,782 INFO command: dedup --stdin=tmp_2.bam --umi-separator=: --no-sort-output --log=umi_tools.log --method=unique
2024-03-19 06:06:58,190 INFO Written out 100000 reads
2024-03-19 06:06:58,943 INFO Written out 200000 reads
2024-03-19 06:06:59,404 INFO Written out 300000 reads
2024-03-19 06:07:00,209 INFO Written out 400000 reads
2024-03-19 06:07:03,528 INFO Written out 500000 reads
2024-03-19 06:07:04,173 INFO Written out 600000 reads
2024-03-19 06:07:04,639 INFO Written out 700000 reads
2024-03-19 06:07:13,304 INFO Written out 800000 reads
2024-03-19 06:07:14,017 INFO Written out 900000 reads
2024-03-19 06:07:14,480 INFO Parsed 1000000 input reads
2024-03-19 06:07:14,670 INFO Written out 1000000 reads
2024-03-19 06:07:15,494 INFO Written out 1100000 reads
2024-03-19 06:07:16,331 INFO Written out 1200000 reads
2024-03-19 06:07:17,164 INFO Written out 1300000 reads
2024-03-19 06:07:22,030 INFO Written out 1400000 reads
2024-03-19 06:07:22,523 INFO Written out 1500000 reads
2024-03-19 06:07:23,076 INFO Written out 1600000 reads
2024-03-19 06:07:23,704 INFO Written out 1700000 reads
2024-03-19 06:07:24,321 INFO Written out 1800000 reads
2024-03-19 06:07:26,462 INFO Written out 1900000 reads
2024-03-19 06:07:33,631 INFO Parsed 2000000 input reads
2024-03-19 06:07:33,994 INFO Written out 2000000 reads
2024-03-19 06:07:34,566 INFO Written out 2100000 reads
2024-03-19 06:07:35,110 INFO Written out 2200000 reads
2024-03-19 06:07:35,687 INFO Written out 2300000 reads
2024-03-19 06:07:36,280 INFO Written out 2400000 reads
2024-03-19 06:07:37,084 INFO Written out 2500000 reads
2024-03-19 06:07:40,364 INFO Written out 2600000 reads
2024-03-19 06:07:41,166 INFO Written out 2700000 reads
2024-03-19 06:07:44,707 INFO Written out 2800000 reads
2024-03-19 06:07:45,255 INFO Written out 2900000 reads
2024-03-19 06:07:45,514 INFO Parsed 3000000 input reads
2024-03-19 06:07:46,050 INFO Written out 3000000 reads
2024-03-19 06:07:50,727 INFO Written out 3100000 reads
2024-03-19 06:07:51,393 INFO Written out 3200000 reads
2024-03-19 06:07:52,020 INFO Written out 3300000 reads
2024-03-19 06:08:00,793 INFO Written out 3400000 reads
2024-03-19 06:08:01,587 INFO Written out 3500000 reads
2024-03-19 06:08:02,380 INFO Written out 3600000 reads
2024-03-19 06:08:15,198 INFO Written out 3700000 reads
2024-03-19 06:08:15,990 INFO Written out 3800000 reads
2024-03-19 06:08:16,426 INFO Written out 3900000 reads
2024-03-19 06:08:16,473 INFO Parsed 4000000 input reads
2024-03-19 06:08:16,832 INFO Written out 4000000 reads
2024-03-19 06:08:17,230 INFO Written out 4100000 reads
2024-03-19 06:08:17,605 INFO Written out 4200000 reads
2024-03-19 06:08:18,002 INFO Written out 4300000 reads
2024-03-19 06:08:18,408 INFO Written out 4400000 reads
2024-03-19 06:08:18,804 INFO Written out 4500000 reads
2024-03-19 06:08:19,228 INFO Written out 4600000 reads
2024-03-19 06:08:19,794 INFO Written out 4700000 reads
2024-03-19 06:08:20,592 INFO Written out 4800000 reads
2024-03-19 06:08:27,689 INFO Parsed 5000000 input reads
2024-03-19 06:08:27,730 INFO Written out 4900000 reads
2024-03-19 06:08:28,155 INFO Written out 5000000 reads
2024-03-19 06:08:28,869 INFO Written out 5100000 reads
2024-03-19 06:08:29,623 INFO Written out 5200000 reads
2024-03-19 06:08:30,088 INFO Written out 5300000 reads
2024-03-19 06:08:30,487 INFO Written out 5400000 reads
2024-03-19 06:08:31,077 INFO Written out 5500000 reads
2024-03-19 06:08:36,438 INFO Written out 5600000 reads
2024-03-19 06:08:37,005 INFO Written out 5700000 reads
2024-03-19 06:08:37,553 INFO Written out 5800000 reads
2024-03-19 06:08:38,100 INFO Parsed 6000000 input reads
2024-03-19 06:08:38,344 INFO Written out 5900000 reads
2024-03-19 06:08:46,554 INFO Written out 6000000 reads
2024-03-19 06:08:47,103 INFO Written out 6100000 reads
2024-03-19 06:08:47,842 INFO Written out 6200000 reads
2024-03-19 06:08:48,326 INFO Written out 6300000 reads
2024-03-19 06:08:49,127 INFO Written out 6400000 reads
2024-03-19 06:08:49,685 INFO Written out 6500000 reads
2024-03-19 06:08:50,409 INFO Written out 6600000 reads
2024-03-19 06:09:00,593 INFO Written out 6700000 reads
2024-03-19 06:09:01,345 INFO Written out 6800000 reads
2024-03-19 06:09:01,679 INFO Parsed 7000000 input reads
2024-03-19 06:09:01,861 INFO Written out 6900000 reads
2024-03-19 06:09:02,573 INFO Written out 7000000 reads
2024-03-19 06:09:03,325 INFO Written out 7100000 reads
2024-03-19 06:09:03,449 INFO Reads: Input Reads: 7275188
2024-03-19 06:09:03,449 INFO Number of reads out: 7116440
2024-03-19 06:09:03,449 INFO Total number of positions deduplicated: 3827151
2024-03-19 06:09:03,449 INFO Mean number of unique UMIs per position: 1.86
2024-03-19 06:09:03,449 INFO Max. number of unique UMIs per position: 6755
# job finished in 131 seconds at Tue Mar 19 06:09:03 2024 -- 118.68  3.55  0.00  0.00 -- c5a11412-19ff-46c7-8350-6cba3e4b8f7f
