Streaming uncompressed  reads to STDOUT...

Read1 before filtering:
total reads: 27077007
total bases: 1380927357
Q20 bases: 1277867536(92.5369%)
Q30 bases: 1238832108(89.7102%)

Read1 after filtering:
total reads: 26606803
total bases: 1354070562
Q20 bases: 1263025563(93.2762%)
Q30 bases: 1225572157(90.5102%)

Filtering result:
reads passed filter: 26606803
reads failed due to low quality: 451360
reads failed due to too many N: 4823
reads failed due to too short: 14021
reads with adapter trimmed: 206037
bases trimmed due to adapters: 2773533

Duplication rate (may be overestimated since this is SE data): 26.185%

JSON report: fastp.json
HTML report: fastp_3.html

fastp --in1 tmp2_R1.fastq.gz --adapter_sequence=AGATCGGAAGAGCACACGTCTGAACTCCAGTCA --adapter_fasta /home/robert/Research/Manuscripts/My_manuscripts/23-09-Chromatin_remodeler_Impact_on_MRX_nicking/Data_Analyses_and_Figures/S1-seq/01_Raw_data/2nd_Adpt_linkers.fa -h fastp_3.html --stdout 
fastp v0.20.1, time used: 542 seconds
