Read1 before filtering:
total reads: 27077007
total bases: 1380927357
Q20 bases: 1277867536(92.5369%)
Q30 bases: 1238832108(89.7102%)

Read2 before filtering:
total reads: 27077007
total bases: 704002182
Q20 bases: 647594474(91.9876%)
Q30 bases: 610813490(86.763%)

Read1 after filtering:
total reads: 27077007
total bases: 1380927357
Q20 bases: 1277867536(92.5369%)
Q30 bases: 1238832108(89.7102%)

Read2 aftering filtering:
total reads: 27077007
total bases: 704002182
Q20 bases: 647594474(91.9876%)
Q30 bases: 610813490(86.763%)

Filtering result:
reads passed filter: 54154014
reads failed due to low quality: 0
reads failed due to too many N: 0
reads failed due to too short: 0

Duplication rate: 0%

Insert size peak (evaluated by paired-end reads): 51

JSON report: fastp.json
HTML report: fastp_1.html

fastp --in1 /media/robert/Elements/Deep_sequencing_data/24-03-13-S1-seq/Merged_FastQ_files/LSY4518-13B_4h/LSY4518-13B_4h_R1.fastq.gz --in2 /media/robert/Elements/Deep_sequencing_data/24-03-13-S1-seq/Merged_FastQ_files/LSY4518-13B_4h/LSY4518-13B_4h_R2.fastq.gz --out1 tmp_R1.fastq.gz --out2 tmp_R2.fastq.gz --length_required=12 --disable_adapter_trimming --disable_quality_filtering --disable_trim_poly_g -h fastp_1.html 
fastp v0.20.1, time used: 104 seconds
