# UMI-tools version: 1.0.0
# output generated by dedup --stdin=tmp_2.bam --umi-separator=: --no-sort-output --log=umi_tools.log --method=unique
# job started at Mon Mar 18 20:36:06 2024 on thinkpad -- 32667e13-177c-4b18-b1e2-cff58df2df1e
# pid: 14274, system: Linux 5.15.0-100-generic #110-Ubuntu SMP Wed Feb 7 13:27:48 UTC 2024 x86_64
# assigned_tag                            : None
# cell_tag                                : None
# cell_tag_delim                          : None
# cell_tag_split                          : -
# chimeric_pairs                          : use
# chrom                                   : None
# compresslevel                           : 6
# detection_method                        : None
# gene_tag                                : None
# gene_transcript_map                     : None
# get_umi_method                          : read_id
# ignore_umi                              : False
# in_sam                                  : False
# log2stderr                              : False
# loglevel                                : 1
# mapping_quality                         : 0
# method                                  : unique
# no_sort_output                          : True
# out_sam                                 : False
# output_unmapped                         : False
# paired                                  : False
# per_cell                                : False
# per_contig                              : False
# per_gene                                : False
# random_seed                             : None
# read_length                             : False
# short_help                              : None
# skip_regex                              : ^(__|Unassigned)
# soft_clip_threshold                     : 4
# spliced                                 : False
# stats                                   : False
# stderr                                  : <_io.TextIOWrapper name='<stderr>' mode='w' encoding='UTF-8'>
# stdin                                   : <_io.TextIOWrapper name='tmp_2.bam' mode='r' encoding='UTF-8'>
# stdlog                                  : <_io.TextIOWrapper name='umi_tools.log' mode='a' encoding='UTF-8'>
# stdout                                  : <_io.TextIOWrapper name='<stdout>' mode='w' encoding='UTF-8'>
# subset                                  : None
# threshold                               : 1
# timeit_file                             : None
# timeit_header                           : None
# timeit_name                             : all
# tmpdir                                  : None
# umi_sep                                 : :
# umi_tag                                 : RX
# umi_tag_delim                           : None
# umi_tag_split                           : None
# unmapped_reads                          : discard
# unpaired_reads                          : use
# whole_contig                            : False
2024-03-18 20:36:06,505 INFO command: dedup --stdin=tmp_2.bam --umi-separator=: --no-sort-output --log=umi_tools.log --method=unique
2024-03-18 20:36:08,582 INFO Written out 100000 reads
2024-03-18 20:36:14,910 INFO Written out 200000 reads
2024-03-18 20:36:15,374 INFO Written out 300000 reads
2024-03-18 20:36:16,089 INFO Written out 400000 reads
2024-03-18 20:36:16,894 INFO Written out 500000 reads
2024-03-18 20:36:20,558 INFO Written out 600000 reads
2024-03-18 20:36:21,156 INFO Written out 700000 reads
2024-03-18 20:36:21,533 INFO Written out 800000 reads
2024-03-18 20:36:31,741 INFO Written out 900000 reads
2024-03-18 20:36:32,404 INFO Parsed 1000000 input reads
2024-03-18 20:36:32,541 INFO Written out 1000000 reads
2024-03-18 20:36:32,945 INFO Written out 1100000 reads
2024-03-18 20:36:33,699 INFO Written out 1200000 reads
2024-03-18 20:36:34,504 INFO Written out 1300000 reads
2024-03-18 20:36:35,332 INFO Written out 1400000 reads
2024-03-18 20:36:36,144 INFO Written out 1500000 reads
2024-03-18 20:36:36,955 INFO Written out 1600000 reads
2024-03-18 20:36:42,692 INFO Written out 1700000 reads
2024-03-18 20:36:43,062 INFO Written out 1800000 reads
2024-03-18 20:36:43,782 INFO Written out 1900000 reads
2024-03-18 20:36:44,220 INFO Parsed 2000000 input reads
2024-03-18 20:36:44,350 INFO Written out 2000000 reads
2024-03-18 20:36:45,008 INFO Written out 2100000 reads
2024-03-18 20:36:47,489 INFO Written out 2200000 reads
2024-03-18 20:36:56,779 INFO Written out 2300000 reads
2024-03-18 20:36:57,567 INFO Written out 2400000 reads
2024-03-18 20:36:57,974 INFO Written out 2500000 reads
2024-03-18 20:36:58,521 INFO Written out 2600000 reads
2024-03-18 20:36:59,137 INFO Written out 2700000 reads
2024-03-18 20:36:59,680 INFO Written out 2800000 reads
2024-03-18 20:37:00,480 INFO Written out 2900000 reads
2024-03-18 20:37:00,866 INFO Parsed 3000000 input reads
2024-03-18 20:37:04,267 INFO Written out 3000000 reads
2024-03-18 20:37:05,066 INFO Written out 3100000 reads
2024-03-18 20:37:05,872 INFO Written out 3200000 reads
2024-03-18 20:37:09,805 INFO Written out 3300000 reads
2024-03-18 20:37:15,357 INFO Written out 3400000 reads
2024-03-18 20:37:16,153 INFO Written out 3500000 reads
2024-03-18 20:37:22,399 INFO Written out 3600000 reads
2024-03-18 20:37:23,203 INFO Written out 3700000 reads
2024-03-18 20:37:23,717 INFO Written out 3800000 reads
2024-03-18 20:37:24,610 INFO Written out 3900000 reads
2024-03-18 20:37:25,081 INFO Parsed 4000000 input reads
2024-03-18 20:37:29,283 INFO Written out 4000000 reads
2024-03-18 20:37:30,088 INFO Written out 4100000 reads
2024-03-18 20:37:30,889 INFO Written out 4200000 reads
2024-03-18 20:37:48,711 INFO Written out 4300000 reads
2024-03-18 20:37:49,511 INFO Written out 4400000 reads
2024-03-18 20:37:50,195 INFO Written out 4500000 reads
2024-03-18 20:37:50,586 INFO Written out 4600000 reads
2024-03-18 20:37:50,981 INFO Written out 4700000 reads
2024-03-18 20:37:51,373 INFO Written out 4800000 reads
2024-03-18 20:37:51,758 INFO Written out 4900000 reads
2024-03-18 20:37:51,830 INFO Parsed 5000000 input reads
2024-03-18 20:37:52,137 INFO Written out 5000000 reads
2024-03-18 20:37:52,504 INFO Written out 5100000 reads
2024-03-18 20:37:52,871 INFO Written out 5200000 reads
2024-03-18 20:37:53,268 INFO Written out 5300000 reads
2024-03-18 20:37:53,655 INFO Written out 5400000 reads
2024-03-18 20:37:54,048 INFO Written out 5500000 reads
2024-03-18 20:37:54,431 INFO Written out 5600000 reads
2024-03-18 20:37:54,865 INFO Written out 5700000 reads
2024-03-18 20:37:55,240 INFO Written out 5800000 reads
2024-03-18 20:37:56,062 INFO Written out 5900000 reads
2024-03-18 20:37:56,117 INFO Parsed 6000000 input reads
2024-03-18 20:37:56,867 INFO Written out 6000000 reads
2024-03-18 20:38:05,655 INFO Written out 6100000 reads
2024-03-18 20:38:06,054 INFO Written out 6200000 reads
2024-03-18 20:38:06,660 INFO Written out 6300000 reads
2024-03-18 20:38:07,461 INFO Written out 6400000 reads
2024-03-18 20:38:08,029 INFO Written out 6500000 reads
2024-03-18 20:38:08,567 INFO Written out 6600000 reads
2024-03-18 20:38:13,653 INFO Written out 6700000 reads
2024-03-18 20:38:14,329 INFO Written out 6800000 reads
2024-03-18 20:38:20,264 INFO Parsed 7000000 input reads
2024-03-18 20:38:20,357 INFO Written out 6900000 reads
2024-03-18 20:38:21,014 INFO Written out 7000000 reads
2024-03-18 20:38:21,403 INFO Written out 7100000 reads
2024-03-18 20:38:22,196 INFO Written out 7200000 reads
2024-03-18 20:38:22,987 INFO Written out 7300000 reads
2024-03-18 20:38:32,573 INFO Written out 7400000 reads
2024-03-18 20:38:33,176 INFO Written out 7500000 reads
2024-03-18 20:38:33,971 INFO Written out 7600000 reads
2024-03-18 20:38:34,336 INFO Written out 7700000 reads
2024-03-18 20:38:35,128 INFO Written out 7800000 reads
2024-03-18 20:38:35,696 INFO Parsed 8000000 input reads
2024-03-18 20:38:35,824 INFO Written out 7900000 reads
2024-03-18 20:38:36,334 INFO Written out 8000000 reads
2024-03-18 20:38:37,093 INFO Written out 8100000 reads
2024-03-18 20:38:43,687 INFO Written out 8200000 reads
2024-03-18 20:38:44,444 INFO Written out 8300000 reads
2024-03-18 20:38:45,115 INFO Written out 8400000 reads
2024-03-18 20:38:45,615 INFO Written out 8500000 reads
2024-03-18 20:38:46,372 INFO Written out 8600000 reads
2024-03-18 20:38:47,125 INFO Written out 8700000 reads
2024-03-18 20:38:47,163 INFO Reads: Input Reads: 8848484
2024-03-18 20:38:47,163 INFO Number of reads out: 8704637
2024-03-18 20:38:47,163 INFO Total number of positions deduplicated: 4493713
2024-03-18 20:38:47,163 INFO Mean number of unique UMIs per position: 1.94
2024-03-18 20:38:47,163 INFO Max. number of unique UMIs per position: 5462
# job finished in 160 seconds at Mon Mar 18 20:38:47 2024 -- 146.97  4.30  0.00  0.00 -- 32667e13-177c-4b18-b1e2-cff58df2df1e
