Streaming uncompressed  reads to STDOUT...

Read1 before filtering:
total reads: 46906774
total bases: 2392245474
Q20 bases: 2196803033(91.8302%)
Q30 bases: 2125278545(88.8403%)

Read1 after filtering:
total reads: 46096780
total bases: 2345916851
Q20 bases: 2170757771(92.5334%)
Q30 bases: 2101962831(89.6009%)

Filtering result:
reads passed filter: 46096780
reads failed due to low quality: 777433
reads failed due to too many N: 7951
reads failed due to too short: 24610
reads with adapter trimmed: 356012
bases trimmed due to adapters: 4851503

Duplication rate (may be overestimated since this is SE data): 26.2131%

JSON report: fastp.json
HTML report: fastp_3.html

fastp --in1 tmp2_R1.fastq.gz --adapter_sequence=AGATCGGAAGAGCACACGTCTGAACTCCAGTCA --adapter_fasta /home/robert/Research/Manuscripts/My_manuscripts/23-09-Chromatin_remodeler_Impact_on_MRX_nicking/Data_Analyses_and_Figures/S1-seq/01_Raw_data/2nd_Adpt_linkers.fa -h fastp_3.html --stdout 
fastp v0.20.1, time used: 954 seconds
