Read1 before filtering:
total reads: 46906774
total bases: 2392245474
Q20 bases: 2196803033(91.8302%)
Q30 bases: 2125278545(88.8403%)

Read2 before filtering:
total reads: 46906774
total bases: 1219576124
Q20 bases: 1108259139(90.8725%)
Q30 bases: 1039457423(85.231%)

Read1 after filtering:
total reads: 46906774
total bases: 2392245474
Q20 bases: 2196803033(91.8302%)
Q30 bases: 2125278545(88.8403%)

Read2 aftering filtering:
total reads: 46906774
total bases: 656694836
Q20 bases: 580441341(88.3883%)
Q30 bases: 532585824(81.101%)

Filtering result:
reads passed filter: 93813548
reads failed due to low quality: 0
reads failed due to too many N: 0

Duplication rate: 0%

Insert size peak (evaluated by paired-end reads): 51

JSON report: fastp.json
HTML report: fastp_2.html

fastp --in1 tmp_R1.fastq.gz --in2 tmp_R2.fastq.gz --out1 tmp2_R1.fastq.gz --out2 tmp2_R2.fastq.gz --umi --umi_loc=read2 --umi_len=12 --disable_adapter_trimming --disable_quality_filtering --disable_trim_poly_g --disable_length_filtering -h fastp_2.html 
fastp v0.20.1, time used: 187 seconds
