Read1 before filtering:
total reads: 46906774
total bases: 2392245474
Q20 bases: 2196803033(91.8302%)
Q30 bases: 2125278545(88.8403%)

Read2 before filtering:
total reads: 46906774
total bases: 1219576124
Q20 bases: 1108259139(90.8725%)
Q30 bases: 1039457423(85.231%)

Read1 after filtering:
total reads: 46906774
total bases: 2392245474
Q20 bases: 2196803033(91.8302%)
Q30 bases: 2125278545(88.8403%)

Read2 aftering filtering:
total reads: 46906774
total bases: 1219576124
Q20 bases: 1108259139(90.8725%)
Q30 bases: 1039457423(85.231%)

Filtering result:
reads passed filter: 93813548
reads failed due to low quality: 0
reads failed due to too many N: 0
reads failed due to too short: 0

Duplication rate: 0%

Insert size peak (evaluated by paired-end reads): 51

JSON report: fastp.json
HTML report: fastp_1.html

fastp --in1 /media/robert/Elements/Deep_sequencing_data/24-03-13-S1-seq/Merged_FastQ_files/LSY4518-13B_2h/LSY4518-13B_2h_R1.fastq.gz --in2 /media/robert/Elements/Deep_sequencing_data/24-03-13-S1-seq/Merged_FastQ_files/LSY4518-13B_2h/LSY4518-13B_2h_R2.fastq.gz --out1 tmp_R1.fastq.gz --out2 tmp_R2.fastq.gz --length_required=12 --disable_adapter_trimming --disable_quality_filtering --disable_trim_poly_g -h fastp_1.html 
fastp v0.20.1, time used: 179 seconds
