# UMI-tools version: 1.0.0
# output generated by dedup --stdin=tmp_2.bam --umi-separator=: --no-sort-output --log=umi_tools.log --method=unique
# job started at Mon Mar 18 20:16:13 2024 on thinkpad -- d6f97050-a9e8-44d7-b9f3-52d98e84ffb2
# pid: 14020, system: Linux 5.15.0-100-generic #110-Ubuntu SMP Wed Feb 7 13:27:48 UTC 2024 x86_64
# assigned_tag                            : None
# cell_tag                                : None
# cell_tag_delim                          : None
# cell_tag_split                          : -
# chimeric_pairs                          : use
# chrom                                   : None
# compresslevel                           : 6
# detection_method                        : None
# gene_tag                                : None
# gene_transcript_map                     : None
# get_umi_method                          : read_id
# ignore_umi                              : False
# in_sam                                  : False
# log2stderr                              : False
# loglevel                                : 1
# mapping_quality                         : 0
# method                                  : unique
# no_sort_output                          : True
# out_sam                                 : False
# output_unmapped                         : False
# paired                                  : False
# per_cell                                : False
# per_contig                              : False
# per_gene                                : False
# random_seed                             : None
# read_length                             : False
# short_help                              : None
# skip_regex                              : ^(__|Unassigned)
# soft_clip_threshold                     : 4
# spliced                                 : False
# stats                                   : False
# stderr                                  : <_io.TextIOWrapper name='<stderr>' mode='w' encoding='UTF-8'>
# stdin                                   : <_io.TextIOWrapper name='tmp_2.bam' mode='r' encoding='UTF-8'>
# stdlog                                  : <_io.TextIOWrapper name='umi_tools.log' mode='a' encoding='UTF-8'>
# stdout                                  : <_io.TextIOWrapper name='<stdout>' mode='w' encoding='UTF-8'>
# subset                                  : None
# threshold                               : 1
# timeit_file                             : None
# timeit_header                           : None
# timeit_name                             : all
# tmpdir                                  : None
# umi_sep                                 : :
# umi_tag                                 : RX
# umi_tag_delim                           : None
# umi_tag_split                           : None
# unmapped_reads                          : discard
# unpaired_reads                          : use
# whole_contig                            : False
2024-03-18 20:16:13,892 INFO command: dedup --stdin=tmp_2.bam --umi-separator=: --no-sort-output --log=umi_tools.log --method=unique
2024-03-18 20:16:17,038 INFO Written out 100000 reads
2024-03-18 20:16:27,105 INFO Written out 200000 reads
2024-03-18 20:16:27,850 INFO Written out 300000 reads
2024-03-18 20:16:28,592 INFO Written out 400000 reads
2024-03-18 20:16:29,067 INFO Written out 500000 reads
2024-03-18 20:16:29,594 INFO Written out 600000 reads
2024-03-18 20:16:30,340 INFO Written out 700000 reads
2024-03-18 20:16:31,093 INFO Written out 800000 reads
2024-03-18 20:16:31,845 INFO Written out 900000 reads
2024-03-18 20:16:32,472 INFO Parsed 1000000 input reads
2024-03-18 20:16:32,596 INFO Written out 1000000 reads
2024-03-18 20:16:38,205 INFO Written out 1100000 reads
2024-03-18 20:16:38,949 INFO Written out 1200000 reads
2024-03-18 20:16:39,361 INFO Written out 1300000 reads
2024-03-18 20:16:39,709 INFO Written out 1400000 reads
2024-03-18 20:16:40,277 INFO Written out 1500000 reads
2024-03-18 20:16:58,468 INFO Written out 1600000 reads
2024-03-18 20:16:59,225 INFO Written out 1700000 reads
2024-03-18 20:16:59,987 INFO Written out 1800000 reads
2024-03-18 20:17:00,596 INFO Written out 1900000 reads
2024-03-18 20:17:00,848 INFO Parsed 2000000 input reads
2024-03-18 20:17:01,109 INFO Written out 2000000 reads
2024-03-18 20:17:01,831 INFO Written out 2100000 reads
2024-03-18 20:17:02,567 INFO Written out 2200000 reads
2024-03-18 20:17:03,323 INFO Written out 2300000 reads
2024-03-18 20:17:04,080 INFO Written out 2400000 reads
2024-03-18 20:17:04,829 INFO Written out 2500000 reads
2024-03-18 20:17:05,580 INFO Written out 2600000 reads
2024-03-18 20:17:06,332 INFO Written out 2700000 reads
2024-03-18 20:17:07,085 INFO Written out 2800000 reads
2024-03-18 20:17:07,839 INFO Written out 2900000 reads
2024-03-18 20:17:08,214 INFO Parsed 3000000 input reads
2024-03-18 20:17:08,591 INFO Written out 3000000 reads
2024-03-18 20:17:17,071 INFO Written out 3100000 reads
2024-03-18 20:17:17,579 INFO Written out 3200000 reads
2024-03-18 20:17:17,938 INFO Written out 3300000 reads
2024-03-18 20:17:23,603 INFO Written out 3400000 reads
2024-03-18 20:17:24,352 INFO Written out 3500000 reads
2024-03-18 20:17:25,040 INFO Written out 3600000 reads
2024-03-18 20:17:25,407 INFO Written out 3700000 reads
2024-03-18 20:17:26,126 INFO Written out 3800000 reads
2024-03-18 20:17:29,630 INFO Written out 3900000 reads
2024-03-18 20:17:29,916 INFO Parsed 4000000 input reads
2024-03-18 20:17:30,426 INFO Written out 4000000 reads
2024-03-18 20:17:44,782 INFO Written out 4100000 reads
2024-03-18 20:17:45,532 INFO Written out 4200000 reads
2024-03-18 20:17:46,285 INFO Written out 4300000 reads
2024-03-18 20:17:47,047 INFO Written out 4400000 reads
2024-03-18 20:17:47,499 INFO Written out 4500000 reads
2024-03-18 20:17:47,991 INFO Written out 4600000 reads
2024-03-18 20:17:48,561 INFO Written out 4700000 reads
2024-03-18 20:17:49,044 INFO Written out 4800000 reads
2024-03-18 20:17:49,709 INFO Written out 4900000 reads
2024-03-18 20:17:49,762 INFO Parsed 5000000 input reads
2024-03-18 20:17:50,311 INFO Written out 5000000 reads
2024-03-18 20:17:51,053 INFO Written out 5100000 reads
2024-03-18 20:17:51,796 INFO Written out 5200000 reads
2024-03-18 20:17:52,545 INFO Written out 5300000 reads
2024-03-18 20:17:58,875 INFO Written out 5400000 reads
2024-03-18 20:17:59,622 INFO Written out 5500000 reads
2024-03-18 20:18:00,361 INFO Written out 5600000 reads
2024-03-18 20:18:01,112 INFO Written out 5700000 reads
2024-03-18 20:18:01,863 INFO Written out 5800000 reads
2024-03-18 20:18:08,351 INFO Parsed 6000000 input reads
2024-03-18 20:18:08,358 INFO Written out 5900000 reads
2024-03-18 20:18:08,712 INFO Written out 6000000 reads
2024-03-18 20:18:09,274 INFO Written out 6100000 reads
2024-03-18 20:18:10,021 INFO Written out 6200000 reads
2024-03-18 20:18:10,763 INFO Written out 6300000 reads
2024-03-18 20:18:11,513 INFO Written out 6400000 reads
2024-03-18 20:18:20,724 INFO Written out 6500000 reads
2024-03-18 20:18:21,470 INFO Written out 6600000 reads
2024-03-18 20:18:27,050 INFO Written out 6700000 reads
2024-03-18 20:18:27,652 INFO Written out 6800000 reads
2024-03-18 20:18:28,029 INFO Parsed 7000000 input reads
2024-03-18 20:18:28,154 INFO Written out 6900000 reads
2024-03-18 20:18:28,904 INFO Written out 7000000 reads
2024-03-18 20:18:29,651 INFO Written out 7100000 reads
2024-03-18 20:18:30,404 INFO Written out 7200000 reads
2024-03-18 20:18:37,968 INFO Written out 7300000 reads
2024-03-18 20:18:38,720 INFO Written out 7400000 reads
2024-03-18 20:18:39,466 INFO Written out 7500000 reads
2024-03-18 20:18:40,215 INFO Written out 7600000 reads
2024-03-18 20:18:40,964 INFO Written out 7700000 reads
2024-03-18 20:19:10,317 INFO Written out 7800000 reads
2024-03-18 20:19:10,810 INFO Parsed 8000000 input reads
2024-03-18 20:19:11,059 INFO Written out 7900000 reads
2024-03-18 20:19:11,808 INFO Written out 8000000 reads
2024-03-18 20:19:12,557 INFO Written out 8100000 reads
2024-03-18 20:19:13,305 INFO Written out 8200000 reads
2024-03-18 20:19:13,713 INFO Written out 8300000 reads
2024-03-18 20:19:14,103 INFO Written out 8400000 reads
2024-03-18 20:19:14,489 INFO Written out 8500000 reads
2024-03-18 20:19:14,874 INFO Written out 8600000 reads
2024-03-18 20:19:15,249 INFO Written out 8700000 reads
2024-03-18 20:19:15,638 INFO Written out 8800000 reads
2024-03-18 20:19:15,840 INFO Parsed 9000000 input reads
2024-03-18 20:19:16,011 INFO Written out 8900000 reads
2024-03-18 20:19:16,387 INFO Written out 9000000 reads
2024-03-18 20:19:16,762 INFO Written out 9100000 reads
2024-03-18 20:19:17,130 INFO Written out 9200000 reads
2024-03-18 20:19:17,491 INFO Written out 9300000 reads
2024-03-18 20:19:17,855 INFO Written out 9400000 reads
2024-03-18 20:19:18,224 INFO Written out 9500000 reads
2024-03-18 20:19:18,614 INFO Written out 9600000 reads
2024-03-18 20:19:18,998 INFO Written out 9700000 reads
2024-03-18 20:19:19,379 INFO Written out 9800000 reads
2024-03-18 20:19:19,534 INFO Parsed 10000000 input reads
2024-03-18 20:19:19,765 INFO Written out 9900000 reads
2024-03-18 20:19:24,933 INFO Written out 10000000 reads
2024-03-18 20:19:25,311 INFO Written out 10100000 reads
2024-03-18 20:19:25,684 INFO Written out 10200000 reads
2024-03-18 20:19:26,124 INFO Written out 10300000 reads
2024-03-18 20:19:26,501 INFO Written out 10400000 reads
2024-03-18 20:19:26,963 INFO Written out 10500000 reads
2024-03-18 20:19:27,718 INFO Written out 10600000 reads
2024-03-18 20:19:28,461 INFO Written out 10700000 reads
2024-03-18 20:19:29,212 INFO Written out 10800000 reads
2024-03-18 20:19:29,427 INFO Parsed 11000000 input reads
2024-03-18 20:19:29,962 INFO Written out 10900000 reads
2024-03-18 20:19:44,519 INFO Written out 11000000 reads
2024-03-18 20:19:45,212 INFO Written out 11100000 reads
2024-03-18 20:19:45,570 INFO Written out 11200000 reads
2024-03-18 20:19:45,919 INFO Written out 11300000 reads
2024-03-18 20:19:46,573 INFO Written out 11400000 reads
2024-03-18 20:19:47,313 INFO Written out 11500000 reads
2024-03-18 20:19:48,061 INFO Written out 11600000 reads
2024-03-18 20:19:48,811 INFO Written out 11700000 reads
2024-03-18 20:19:49,255 INFO Written out 11800000 reads
2024-03-18 20:19:49,287 INFO Parsed 12000000 input reads
2024-03-18 20:19:49,776 INFO Written out 11900000 reads
2024-03-18 20:19:50,270 INFO Written out 12000000 reads
2024-03-18 20:19:50,631 INFO Written out 12100000 reads
2024-03-18 20:19:51,007 INFO Written out 12200000 reads
2024-03-18 20:19:51,759 INFO Written out 12300000 reads
2024-03-18 20:20:02,579 INFO Written out 12400000 reads
2024-03-18 20:20:03,326 INFO Written out 12500000 reads
2024-03-18 20:20:04,092 INFO Written out 12600000 reads
2024-03-18 20:20:04,685 INFO Written out 12700000 reads
2024-03-18 20:20:05,004 INFO Parsed 13000000 input reads
2024-03-18 20:20:05,048 INFO Written out 12800000 reads
2024-03-18 20:20:05,470 INFO Written out 12900000 reads
2024-03-18 20:20:06,204 INFO Written out 13000000 reads
2024-03-18 20:20:06,946 INFO Written out 13100000 reads
2024-03-18 20:20:07,675 INFO Written out 13200000 reads
2024-03-18 20:20:08,419 INFO Written out 13300000 reads
2024-03-18 20:20:28,190 INFO Written out 13400000 reads
2024-03-18 20:20:28,545 INFO Written out 13500000 reads
2024-03-18 20:20:29,283 INFO Written out 13600000 reads
2024-03-18 20:20:30,031 INFO Written out 13700000 reads
2024-03-18 20:20:30,575 INFO Parsed 14000000 input reads
2024-03-18 20:20:30,781 INFO Written out 13800000 reads
2024-03-18 20:20:31,165 INFO Written out 13900000 reads
2024-03-18 20:20:31,654 INFO Written out 14000000 reads
2024-03-18 20:20:32,403 INFO Written out 14100000 reads
2024-03-18 20:20:33,153 INFO Written out 14200000 reads
2024-03-18 20:20:33,897 INFO Written out 14300000 reads
2024-03-18 20:20:34,442 INFO Written out 14400000 reads
2024-03-18 20:20:35,218 INFO Written out 14500000 reads
2024-03-18 20:20:35,988 INFO Written out 14600000 reads
2024-03-18 20:20:36,453 INFO Written out 14700000 reads
2024-03-18 20:20:36,731 INFO Parsed 15000000 input reads
2024-03-18 20:20:47,907 INFO Written out 14800000 reads
2024-03-18 20:20:48,616 INFO Written out 14900000 reads
2024-03-18 20:20:49,329 INFO Written out 15000000 reads
2024-03-18 20:20:50,037 INFO Written out 15100000 reads
2024-03-18 20:20:50,527 INFO Written out 15200000 reads
2024-03-18 20:20:51,001 INFO Written out 15300000 reads
2024-03-18 20:20:51,710 INFO Written out 15400000 reads
2024-03-18 20:20:52,419 INFO Written out 15500000 reads
2024-03-18 20:20:53,131 INFO Written out 15600000 reads
2024-03-18 20:20:53,831 INFO Written out 15700000 reads
2024-03-18 20:20:54,105 INFO Parsed 16000000 input reads
2024-03-18 20:20:54,135 INFO Reads: Input Reads: 16003597
2024-03-18 20:20:54,135 INFO Number of reads out: 15741978
2024-03-18 20:20:54,135 INFO Total number of positions deduplicated: 7444490
2024-03-18 20:20:54,135 INFO Mean number of unique UMIs per position: 2.11
2024-03-18 20:20:54,135 INFO Max. number of unique UMIs per position: 16819
# job finished in 280 seconds at Mon Mar 18 20:20:54 2024 -- 253.47  7.67  0.00  0.00 -- d6f97050-a9e8-44d7-b9f3-52d98e84ffb2
