# UMI-tools version: 1.0.0
# output generated by dedup --stdin=tmp_2.bam --umi-separator=: --no-sort-output --log=umi_tools.log --method=unique
# job started at Tue Mar 19 14:00:21 2024 on thinkpad -- ccb11662-f59c-4dad-97d4-8164e9a1e778
# pid: 9676, system: Linux 5.15.0-100-generic #110-Ubuntu SMP Wed Feb 7 13:27:48 UTC 2024 x86_64
# assigned_tag                            : None
# cell_tag                                : None
# cell_tag_delim                          : None
# cell_tag_split                          : -
# chimeric_pairs                          : use
# chrom                                   : None
# compresslevel                           : 6
# detection_method                        : None
# gene_tag                                : None
# gene_transcript_map                     : None
# get_umi_method                          : read_id
# ignore_umi                              : False
# in_sam                                  : False
# log2stderr                              : False
# loglevel                                : 1
# mapping_quality                         : 0
# method                                  : unique
# no_sort_output                          : True
# out_sam                                 : False
# output_unmapped                         : False
# paired                                  : False
# per_cell                                : False
# per_contig                              : False
# per_gene                                : False
# random_seed                             : None
# read_length                             : False
# short_help                              : None
# skip_regex                              : ^(__|Unassigned)
# soft_clip_threshold                     : 4
# spliced                                 : False
# stats                                   : False
# stderr                                  : <_io.TextIOWrapper name='<stderr>' mode='w' encoding='UTF-8'>
# stdin                                   : <_io.TextIOWrapper name='tmp_2.bam' mode='r' encoding='UTF-8'>
# stdlog                                  : <_io.TextIOWrapper name='umi_tools.log' mode='a' encoding='UTF-8'>
# stdout                                  : <_io.TextIOWrapper name='<stdout>' mode='w' encoding='UTF-8'>
# subset                                  : None
# threshold                               : 1
# timeit_file                             : None
# timeit_header                           : None
# timeit_name                             : all
# tmpdir                                  : None
# umi_sep                                 : :
# umi_tag                                 : RX
# umi_tag_delim                           : None
# umi_tag_split                           : None
# unmapped_reads                          : discard
# unpaired_reads                          : use
# whole_contig                            : False
2024-03-19 14:00:21,236 INFO command: dedup --stdin=tmp_2.bam --umi-separator=: --no-sort-output --log=umi_tools.log --method=unique
2024-03-19 14:00:23,928 INFO Written out 100000 reads
2024-03-19 14:00:31,940 INFO Written out 200000 reads
2024-03-19 14:00:32,709 INFO Written out 300000 reads
2024-03-19 14:00:33,649 INFO Written out 400000 reads
2024-03-19 14:00:34,063 INFO Written out 500000 reads
2024-03-19 14:00:34,823 INFO Written out 600000 reads
2024-03-19 14:00:35,596 INFO Written out 700000 reads
2024-03-19 14:00:36,366 INFO Written out 800000 reads
2024-03-19 14:00:40,812 INFO Written out 900000 reads
2024-03-19 14:00:41,133 INFO Parsed 1000000 input reads
2024-03-19 14:00:41,556 INFO Written out 1000000 reads
2024-03-19 14:00:41,773 INFO Written out 1100000 reads
2024-03-19 14:00:55,115 INFO Written out 1200000 reads
2024-03-19 14:00:55,886 INFO Written out 1300000 reads
2024-03-19 14:00:56,658 INFO Written out 1400000 reads
2024-03-19 14:00:57,342 INFO Written out 1500000 reads
2024-03-19 14:00:58,099 INFO Written out 1600000 reads
2024-03-19 14:00:58,865 INFO Written out 1700000 reads
2024-03-19 14:00:59,628 INFO Written out 1800000 reads
2024-03-19 14:01:00,391 INFO Written out 1900000 reads
2024-03-19 14:01:00,832 INFO Parsed 2000000 input reads
2024-03-19 14:01:01,173 INFO Written out 2000000 reads
2024-03-19 14:01:01,948 INFO Written out 2100000 reads
2024-03-19 14:01:02,719 INFO Written out 2200000 reads
2024-03-19 14:01:09,086 INFO Written out 2300000 reads
2024-03-19 14:01:09,509 INFO Written out 2400000 reads
2024-03-19 14:01:10,280 INFO Written out 2500000 reads
2024-03-19 14:01:10,995 INFO Written out 2600000 reads
2024-03-19 14:01:11,474 INFO Written out 2700000 reads
2024-03-19 14:01:14,320 INFO Written out 2800000 reads
2024-03-19 14:01:15,096 INFO Written out 2900000 reads
2024-03-19 14:01:24,955 INFO Parsed 3000000 input reads
2024-03-19 14:01:25,479 INFO Written out 3000000 reads
2024-03-19 14:01:26,265 INFO Written out 3100000 reads
2024-03-19 14:01:27,179 INFO Written out 3200000 reads
2024-03-19 14:01:27,554 INFO Written out 3300000 reads
2024-03-19 14:01:33,246 INFO Written out 3400000 reads
2024-03-19 14:01:34,030 INFO Written out 3500000 reads
2024-03-19 14:01:34,858 INFO Written out 3600000 reads
2024-03-19 14:01:35,688 INFO Written out 3700000 reads
2024-03-19 14:01:41,163 INFO Written out 3800000 reads
2024-03-19 14:01:42,005 INFO Written out 3900000 reads
2024-03-19 14:01:42,121 INFO Parsed 4000000 input reads
2024-03-19 14:01:42,839 INFO Written out 4000000 reads
2024-03-19 14:01:43,696 INFO Written out 4100000 reads
2024-03-19 14:01:48,482 INFO Written out 4200000 reads
2024-03-19 14:01:49,085 INFO Written out 4300000 reads
2024-03-19 14:01:49,905 INFO Written out 4400000 reads
2024-03-19 14:01:50,722 INFO Written out 4500000 reads
2024-03-19 14:01:57,514 INFO Written out 4600000 reads
2024-03-19 14:01:58,349 INFO Written out 4700000 reads
2024-03-19 14:01:59,101 INFO Written out 4800000 reads
2024-03-19 14:01:59,809 INFO Parsed 5000000 input reads
2024-03-19 14:01:59,859 INFO Written out 4900000 reads
2024-03-19 14:02:00,684 INFO Written out 5000000 reads
2024-03-19 14:02:06,876 INFO Written out 5100000 reads
2024-03-19 14:02:07,706 INFO Written out 5200000 reads
2024-03-19 14:02:08,535 INFO Written out 5300000 reads
2024-03-19 14:02:09,371 INFO Written out 5400000 reads
2024-03-19 14:02:32,277 INFO Written out 5500000 reads
2024-03-19 14:02:33,103 INFO Written out 5600000 reads
2024-03-19 14:02:33,939 INFO Written out 5700000 reads
2024-03-19 14:02:34,771 INFO Written out 5800000 reads
2024-03-19 14:02:35,080 INFO Parsed 6000000 input reads
2024-03-19 14:02:35,188 INFO Written out 5900000 reads
2024-03-19 14:02:35,591 INFO Written out 6000000 reads
2024-03-19 14:02:35,988 INFO Written out 6100000 reads
2024-03-19 14:02:36,386 INFO Written out 6200000 reads
2024-03-19 14:02:36,855 INFO Written out 6300000 reads
2024-03-19 14:02:37,244 INFO Written out 6400000 reads
2024-03-19 14:02:37,630 INFO Written out 6500000 reads
2024-03-19 14:02:38,001 INFO Written out 6600000 reads
2024-03-19 14:02:43,337 INFO Written out 6700000 reads
2024-03-19 14:02:43,727 INFO Written out 6800000 reads
2024-03-19 14:02:43,966 INFO Parsed 7000000 input reads
2024-03-19 14:02:44,130 INFO Written out 6900000 reads
2024-03-19 14:02:44,529 INFO Written out 7000000 reads
2024-03-19 14:02:44,927 INFO Written out 7100000 reads
2024-03-19 14:02:45,318 INFO Written out 7200000 reads
2024-03-19 14:02:45,706 INFO Written out 7300000 reads
2024-03-19 14:02:46,144 INFO Written out 7400000 reads
2024-03-19 14:02:46,619 INFO Written out 7500000 reads
2024-03-19 14:02:47,273 INFO Written out 7600000 reads
2024-03-19 14:02:48,063 INFO Written out 7700000 reads
2024-03-19 14:02:48,860 INFO Written out 7800000 reads
2024-03-19 14:02:49,218 INFO Parsed 8000000 input reads
2024-03-19 14:02:58,138 INFO Written out 7900000 reads
2024-03-19 14:02:58,938 INFO Written out 8000000 reads
2024-03-19 14:02:59,509 INFO Written out 8100000 reads
2024-03-19 14:03:00,297 INFO Written out 8200000 reads
2024-03-19 14:03:01,086 INFO Written out 8300000 reads
2024-03-19 14:03:01,643 INFO Written out 8400000 reads
2024-03-19 14:03:02,402 INFO Written out 8500000 reads
2024-03-19 14:03:03,059 INFO Written out 8600000 reads
2024-03-19 14:03:10,959 INFO Written out 8700000 reads
2024-03-19 14:03:11,751 INFO Written out 8800000 reads
2024-03-19 14:03:11,937 INFO Parsed 9000000 input reads
2024-03-19 14:03:12,480 INFO Written out 8900000 reads
2024-03-19 14:03:13,016 INFO Written out 9000000 reads
2024-03-19 14:03:13,803 INFO Written out 9100000 reads
2024-03-19 14:03:14,591 INFO Written out 9200000 reads
2024-03-19 14:03:24,661 INFO Written out 9300000 reads
2024-03-19 14:03:25,724 INFO Written out 9400000 reads
2024-03-19 14:03:26,552 INFO Written out 9500000 reads
2024-03-19 14:03:27,360 INFO Written out 9600000 reads
2024-03-19 14:03:27,870 INFO Written out 9700000 reads
2024-03-19 14:03:28,649 INFO Written out 9800000 reads
2024-03-19 14:03:28,667 INFO Parsed 10000000 input reads
2024-03-19 14:03:29,428 INFO Written out 9900000 reads
2024-03-19 14:03:34,823 INFO Written out 10000000 reads
2024-03-19 14:03:35,585 INFO Written out 10100000 reads
2024-03-19 14:03:43,823 INFO Written out 10200000 reads
2024-03-19 14:03:44,550 INFO Written out 10300000 reads
2024-03-19 14:03:45,291 INFO Written out 10400000 reads
2024-03-19 14:03:45,903 INFO Written out 10500000 reads
2024-03-19 14:03:46,625 INFO Written out 10600000 reads
2024-03-19 14:03:47,350 INFO Written out 10700000 reads
2024-03-19 14:03:47,932 INFO Parsed 11000000 input reads
2024-03-19 14:03:48,065 INFO Written out 10800000 reads
2024-03-19 14:03:48,295 INFO Reads: Input Reads: 11050940
2024-03-19 14:03:48,295 INFO Number of reads out: 10831511
2024-03-19 14:03:48,295 INFO Total number of positions deduplicated: 5991321
2024-03-19 14:03:48,295 INFO Mean number of unique UMIs per position: 1.81
2024-03-19 14:03:48,295 INFO Max. number of unique UMIs per position: 118740
# job finished in 207 seconds at Tue Mar 19 14:03:48 2024 -- 186.95  5.71  0.00  0.00 -- ccb11662-f59c-4dad-97d4-8164e9a1e778
