Read1 before filtering:
total reads: 55051575
total bases: 2807630325
Q20 bases: 2582164107(91.9695%)
Q30 bases: 2498688186(88.9963%)

Read2 before filtering:
total reads: 55051575
total bases: 1431340950
Q20 bases: 1311223031(91.608%)
Q30 bases: 1234461526(86.2451%)

Read1 after filtering:
total reads: 55051575
total bases: 2807630325
Q20 bases: 2582164107(91.9695%)
Q30 bases: 2498688186(88.9963%)

Read2 aftering filtering:
total reads: 55051575
total bases: 1431340950
Q20 bases: 1311223031(91.608%)
Q30 bases: 1234461526(86.2451%)

Filtering result:
reads passed filter: 110103150
reads failed due to low quality: 0
reads failed due to too many N: 0
reads failed due to too short: 0

Duplication rate: 0%

Insert size peak (evaluated by paired-end reads): 51

JSON report: fastp.json
HTML report: fastp_1.html

fastp --in1 /media/robert/Elements/Deep_sequencing_data/24-03-13-S1-seq/Merged_FastQ_files/LSY4518-13B_0h/LSY4518-13B_0h_R1.fastq.gz --in2 /media/robert/Elements/Deep_sequencing_data/24-03-13-S1-seq/Merged_FastQ_files/LSY4518-13B_0h/LSY4518-13B_0h_R2.fastq.gz --out1 tmp_R1.fastq.gz --out2 tmp_R2.fastq.gz --length_required=12 --disable_adapter_trimming --disable_quality_filtering --disable_trim_poly_g -h fastp_1.html 
fastp v0.20.1, time used: 194 seconds
