Read1 before filtering:
total reads: 55051575
total bases: 2807630325
Q20 bases: 2582164107(91.9695%)
Q30 bases: 2498688186(88.9963%)

Read2 before filtering:
total reads: 55051575
total bases: 1431340950
Q20 bases: 1311223031(91.608%)
Q30 bases: 1234461526(86.2451%)

Read1 after filtering:
total reads: 55051575
total bases: 2807630325
Q20 bases: 2582164107(91.9695%)
Q30 bases: 2498688186(88.9963%)

Read2 aftering filtering:
total reads: 55051575
total bases: 770722050
Q20 bases: 687505817(89.2028%)
Q30 bases: 633376816(82.1797%)

Filtering result:
reads passed filter: 110103150
reads failed due to low quality: 0
reads failed due to too many N: 0

Duplication rate: 0%

Insert size peak (evaluated by paired-end reads): 51

JSON report: fastp.json
HTML report: fastp_2.html

fastp --in1 tmp_R1.fastq.gz --in2 tmp_R2.fastq.gz --out1 tmp2_R1.fastq.gz --out2 tmp2_R2.fastq.gz --umi --umi_loc=read2 --umi_len=12 --disable_adapter_trimming --disable_quality_filtering --disable_trim_poly_g --disable_length_filtering -h fastp_2.html 
fastp v0.20.1, time used: 215 seconds
