# UMI-tools version: 1.0.0
# output generated by dedup --stdin=tmp_2.bam --umi-separator=: --no-sort-output --log=umi_tools.log --method=unique
# job started at Mon Mar 18 19:10:13 2024 on thinkpad -- 207628bd-ea03-4f89-a002-4b0d98f78ac6
# pid: 13278, system: Linux 5.15.0-100-generic #110-Ubuntu SMP Wed Feb 7 13:27:48 UTC 2024 x86_64
# assigned_tag                            : None
# cell_tag                                : None
# cell_tag_delim                          : None
# cell_tag_split                          : -
# chimeric_pairs                          : use
# chrom                                   : None
# compresslevel                           : 6
# detection_method                        : None
# gene_tag                                : None
# gene_transcript_map                     : None
# get_umi_method                          : read_id
# ignore_umi                              : False
# in_sam                                  : False
# log2stderr                              : False
# loglevel                                : 1
# mapping_quality                         : 0
# method                                  : unique
# no_sort_output                          : True
# out_sam                                 : False
# output_unmapped                         : False
# paired                                  : False
# per_cell                                : False
# per_contig                              : False
# per_gene                                : False
# random_seed                             : None
# read_length                             : False
# short_help                              : None
# skip_regex                              : ^(__|Unassigned)
# soft_clip_threshold                     : 4
# spliced                                 : False
# stats                                   : False
# stderr                                  : <_io.TextIOWrapper name='<stderr>' mode='w' encoding='UTF-8'>
# stdin                                   : <_io.TextIOWrapper name='tmp_2.bam' mode='r' encoding='UTF-8'>
# stdlog                                  : <_io.TextIOWrapper name='umi_tools.log' mode='a' encoding='UTF-8'>
# stdout                                  : <_io.TextIOWrapper name='<stdout>' mode='w' encoding='UTF-8'>
# subset                                  : None
# threshold                               : 1
# timeit_file                             : None
# timeit_header                           : None
# timeit_name                             : all
# tmpdir                                  : None
# umi_sep                                 : :
# umi_tag                                 : RX
# umi_tag_delim                           : None
# umi_tag_split                           : None
# unmapped_reads                          : discard
# unpaired_reads                          : use
# whole_contig                            : False
2024-03-18 19:10:13,267 INFO command: dedup --stdin=tmp_2.bam --umi-separator=: --no-sort-output --log=umi_tools.log --method=unique
2024-03-18 19:10:18,237 INFO Written out 100000 reads
2024-03-18 19:10:18,913 INFO Written out 200000 reads
2024-03-18 19:10:19,584 INFO Written out 300000 reads
2024-03-18 19:10:36,011 INFO Written out 400000 reads
2024-03-18 19:10:36,684 INFO Written out 500000 reads
2024-03-18 19:10:37,358 INFO Written out 600000 reads
2024-03-18 19:10:38,029 INFO Written out 700000 reads
2024-03-18 19:10:38,721 INFO Written out 800000 reads
2024-03-18 19:10:39,397 INFO Written out 900000 reads
2024-03-18 19:10:39,944 INFO Parsed 1000000 input reads
2024-03-18 19:10:40,080 INFO Written out 1000000 reads
2024-03-18 19:10:40,759 INFO Written out 1100000 reads
2024-03-18 19:10:41,443 INFO Written out 1200000 reads
2024-03-18 19:10:42,130 INFO Written out 1300000 reads
2024-03-18 19:10:42,824 INFO Written out 1400000 reads
2024-03-18 19:10:43,507 INFO Written out 1500000 reads
2024-03-18 19:10:44,186 INFO Written out 1600000 reads
2024-03-18 19:10:44,868 INFO Written out 1700000 reads
2024-03-18 19:10:50,825 INFO Written out 1800000 reads
2024-03-18 19:10:51,519 INFO Written out 1900000 reads
2024-03-18 19:10:51,921 INFO Parsed 2000000 input reads
2024-03-18 19:10:52,200 INFO Written out 2000000 reads
2024-03-18 19:10:52,885 INFO Written out 2100000 reads
2024-03-18 19:10:53,564 INFO Written out 2200000 reads
2024-03-18 19:10:54,252 INFO Written out 2300000 reads
2024-03-18 19:11:24,715 INFO Written out 2400000 reads
2024-03-18 19:11:25,403 INFO Written out 2500000 reads
2024-03-18 19:11:26,088 INFO Written out 2600000 reads
2024-03-18 19:11:26,777 INFO Written out 2700000 reads
2024-03-18 19:11:27,475 INFO Written out 2800000 reads
2024-03-18 19:11:28,156 INFO Written out 2900000 reads
2024-03-18 19:11:28,413 INFO Parsed 3000000 input reads
2024-03-18 19:11:28,845 INFO Written out 3000000 reads
2024-03-18 19:11:29,532 INFO Written out 3100000 reads
2024-03-18 19:11:30,211 INFO Written out 3200000 reads
2024-03-18 19:11:30,873 INFO Written out 3300000 reads
2024-03-18 19:11:36,533 INFO Written out 3400000 reads
2024-03-18 19:11:37,223 INFO Written out 3500000 reads
2024-03-18 19:11:37,915 INFO Written out 3600000 reads
2024-03-18 19:11:38,603 INFO Written out 3700000 reads
2024-03-18 19:11:39,295 INFO Written out 3800000 reads
2024-03-18 19:11:39,967 INFO Written out 3900000 reads
2024-03-18 19:11:40,086 INFO Parsed 4000000 input reads
2024-03-18 19:11:40,659 INFO Written out 4000000 reads
2024-03-18 19:11:41,339 INFO Written out 4100000 reads
2024-03-18 19:11:42,024 INFO Written out 4200000 reads
2024-03-18 19:11:42,709 INFO Written out 4300000 reads
2024-03-18 19:11:43,396 INFO Written out 4400000 reads
2024-03-18 19:11:44,083 INFO Written out 4500000 reads
2024-03-18 19:11:44,770 INFO Written out 4600000 reads
2024-03-18 19:11:45,449 INFO Written out 4700000 reads
2024-03-18 19:11:46,134 INFO Written out 4800000 reads
2024-03-18 19:11:46,791 INFO Parsed 5000000 input reads
2024-03-18 19:11:46,814 INFO Written out 4900000 reads
2024-03-18 19:11:47,494 INFO Written out 5000000 reads
2024-03-18 19:11:58,130 INFO Written out 5100000 reads
2024-03-18 19:11:58,811 INFO Written out 5200000 reads
2024-03-18 19:11:59,488 INFO Written out 5300000 reads
2024-03-18 19:12:00,179 INFO Written out 5400000 reads
2024-03-18 19:12:00,859 INFO Written out 5500000 reads
2024-03-18 19:12:01,543 INFO Written out 5600000 reads
2024-03-18 19:12:02,227 INFO Written out 5700000 reads
2024-03-18 19:12:02,910 INFO Written out 5800000 reads
2024-03-18 19:12:03,419 INFO Parsed 6000000 input reads
2024-03-18 19:12:03,581 INFO Written out 5900000 reads
2024-03-18 19:12:04,267 INFO Written out 6000000 reads
2024-03-18 19:12:09,659 INFO Written out 6100000 reads
2024-03-18 19:12:10,339 INFO Written out 6200000 reads
2024-03-18 19:12:11,026 INFO Written out 6300000 reads
2024-03-18 19:12:11,709 INFO Written out 6400000 reads
2024-03-18 19:12:32,983 INFO Written out 6500000 reads
2024-03-18 19:12:33,667 INFO Written out 6600000 reads
2024-03-18 19:12:39,181 INFO Written out 6700000 reads
2024-03-18 19:12:39,865 INFO Written out 6800000 reads
2024-03-18 19:12:40,250 INFO Parsed 7000000 input reads
2024-03-18 19:12:40,568 INFO Written out 6900000 reads
2024-03-18 19:12:41,256 INFO Written out 7000000 reads
2024-03-18 19:12:41,945 INFO Written out 7100000 reads
2024-03-18 19:12:42,618 INFO Written out 7200000 reads
2024-03-18 19:12:43,312 INFO Written out 7300000 reads
2024-03-18 19:12:43,990 INFO Written out 7400000 reads
2024-03-18 19:12:44,662 INFO Written out 7500000 reads
2024-03-18 19:12:45,338 INFO Written out 7600000 reads
2024-03-18 19:12:46,023 INFO Written out 7700000 reads
2024-03-18 19:12:46,707 INFO Written out 7800000 reads
2024-03-18 19:12:46,942 INFO Parsed 8000000 input reads
2024-03-18 19:12:47,380 INFO Written out 7900000 reads
2024-03-18 19:12:48,059 INFO Written out 8000000 reads
2024-03-18 19:12:48,739 INFO Written out 8100000 reads
2024-03-18 19:12:49,434 INFO Written out 8200000 reads
2024-03-18 19:12:50,115 INFO Written out 8300000 reads
2024-03-18 19:13:01,202 INFO Written out 8400000 reads
2024-03-18 19:13:01,882 INFO Written out 8500000 reads
2024-03-18 19:13:02,572 INFO Written out 8600000 reads
2024-03-18 19:13:03,258 INFO Written out 8700000 reads
2024-03-18 19:13:03,927 INFO Written out 8800000 reads
2024-03-18 19:13:04,027 INFO Parsed 9000000 input reads
2024-03-18 19:13:04,617 INFO Written out 8900000 reads
2024-03-18 19:13:05,310 INFO Written out 9000000 reads
2024-03-18 19:13:05,992 INFO Written out 9100000 reads
2024-03-18 19:13:06,680 INFO Written out 9200000 reads
2024-03-18 19:13:07,368 INFO Written out 9300000 reads
2024-03-18 19:13:16,221 INFO Written out 9400000 reads
2024-03-18 19:13:16,921 INFO Written out 9500000 reads
2024-03-18 19:13:17,624 INFO Written out 9600000 reads
2024-03-18 19:13:18,328 INFO Written out 9700000 reads
2024-03-18 19:13:18,973 INFO Parsed 10000000 input reads
2024-03-18 19:13:19,011 INFO Written out 9800000 reads
2024-03-18 19:13:19,696 INFO Written out 9900000 reads
2024-03-18 19:13:20,400 INFO Written out 10000000 reads
2024-03-18 19:13:25,908 INFO Written out 10100000 reads
2024-03-18 19:13:40,536 INFO Written out 10200000 reads
2024-03-18 19:13:41,219 INFO Written out 10300000 reads
2024-03-18 19:13:41,907 INFO Written out 10400000 reads
2024-03-18 19:13:42,599 INFO Written out 10500000 reads
2024-03-18 19:13:43,291 INFO Written out 10600000 reads
2024-03-18 19:13:43,981 INFO Written out 10700000 reads
2024-03-18 19:13:44,484 INFO Parsed 11000000 input reads
2024-03-18 19:13:44,665 INFO Written out 10800000 reads
2024-03-18 19:13:45,354 INFO Written out 10900000 reads
2024-03-18 19:13:46,037 INFO Written out 11000000 reads
2024-03-18 19:13:46,716 INFO Written out 11100000 reads
2024-03-18 19:13:47,412 INFO Written out 11200000 reads
2024-03-18 19:13:48,095 INFO Written out 11300000 reads
2024-03-18 19:13:48,789 INFO Written out 11400000 reads
2024-03-18 19:14:01,485 INFO Written out 11500000 reads
2024-03-18 19:14:02,162 INFO Written out 11600000 reads
2024-03-18 19:14:02,856 INFO Written out 11700000 reads
2024-03-18 19:14:03,224 INFO Parsed 12000000 input reads
2024-03-18 19:14:03,553 INFO Written out 11800000 reads
2024-03-18 19:14:04,238 INFO Written out 11900000 reads
2024-03-18 19:14:04,925 INFO Written out 12000000 reads
2024-03-18 19:14:05,613 INFO Written out 12100000 reads
2024-03-18 19:14:06,305 INFO Written out 12200000 reads
2024-03-18 19:14:06,995 INFO Written out 12300000 reads
2024-03-18 19:14:07,690 INFO Written out 12400000 reads
2024-03-18 19:14:08,385 INFO Written out 12500000 reads
2024-03-18 19:15:05,197 INFO Written out 12600000 reads
2024-03-18 19:15:05,883 INFO Written out 12700000 reads
2024-03-18 19:15:06,100 INFO Parsed 13000000 input reads
2024-03-18 19:15:06,579 INFO Written out 12800000 reads
2024-03-18 19:15:07,271 INFO Written out 12900000 reads
2024-03-18 19:15:07,982 INFO Written out 13000000 reads
2024-03-18 19:15:08,707 INFO Written out 13100000 reads
2024-03-18 19:15:09,421 INFO Written out 13200000 reads
2024-03-18 19:15:10,137 INFO Written out 13300000 reads
2024-03-18 19:15:15,506 INFO Written out 13400000 reads
2024-03-18 19:15:15,854 INFO Written out 13500000 reads
2024-03-18 19:15:16,225 INFO Written out 13600000 reads
2024-03-18 19:15:16,595 INFO Written out 13700000 reads
2024-03-18 19:15:16,646 INFO Parsed 14000000 input reads
2024-03-18 19:15:16,967 INFO Written out 13800000 reads
2024-03-18 19:15:17,333 INFO Written out 13900000 reads
2024-03-18 19:15:17,701 INFO Written out 14000000 reads
2024-03-18 19:15:18,067 INFO Written out 14100000 reads
2024-03-18 19:15:18,425 INFO Written out 14200000 reads
2024-03-18 19:15:18,789 INFO Written out 14300000 reads
2024-03-18 19:15:19,166 INFO Written out 14400000 reads
2024-03-18 19:15:19,533 INFO Written out 14500000 reads
2024-03-18 19:15:19,884 INFO Written out 14600000 reads
2024-03-18 19:15:20,247 INFO Written out 14700000 reads
2024-03-18 19:15:20,255 INFO Parsed 15000000 input reads
2024-03-18 19:15:20,634 INFO Written out 14800000 reads
2024-03-18 19:15:20,986 INFO Written out 14900000 reads
2024-03-18 19:15:21,344 INFO Written out 15000000 reads
2024-03-18 19:15:21,698 INFO Written out 15100000 reads
2024-03-18 19:15:22,067 INFO Written out 15200000 reads
2024-03-18 19:15:22,414 INFO Written out 15300000 reads
2024-03-18 19:15:22,774 INFO Written out 15400000 reads
2024-03-18 19:15:23,117 INFO Written out 15500000 reads
2024-03-18 19:15:23,479 INFO Written out 15600000 reads
2024-03-18 19:15:23,750 INFO Parsed 16000000 input reads
2024-03-18 19:15:23,829 INFO Written out 15700000 reads
2024-03-18 19:15:24,180 INFO Written out 15800000 reads
2024-03-18 19:15:24,545 INFO Written out 15900000 reads
2024-03-18 19:15:24,917 INFO Written out 16000000 reads
2024-03-18 19:15:25,287 INFO Written out 16100000 reads
2024-03-18 19:15:25,657 INFO Written out 16200000 reads
2024-03-18 19:15:26,024 INFO Written out 16300000 reads
2024-03-18 19:15:26,391 INFO Written out 16400000 reads
2024-03-18 19:15:26,750 INFO Written out 16500000 reads
2024-03-18 19:15:27,109 INFO Written out 16600000 reads
2024-03-18 19:15:31,772 INFO Parsed 17000000 input reads
2024-03-18 19:15:31,898 INFO Written out 16700000 reads
2024-03-18 19:15:32,266 INFO Written out 16800000 reads
2024-03-18 19:15:32,626 INFO Written out 16900000 reads
2024-03-18 19:15:32,983 INFO Written out 17000000 reads
2024-03-18 19:15:33,348 INFO Written out 17100000 reads
2024-03-18 19:15:33,706 INFO Written out 17200000 reads
2024-03-18 19:15:34,058 INFO Written out 17300000 reads
2024-03-18 19:15:34,416 INFO Written out 17400000 reads
2024-03-18 19:15:34,870 INFO Written out 17500000 reads
2024-03-18 19:15:35,283 INFO Written out 17600000 reads
2024-03-18 19:15:35,584 INFO Parsed 18000000 input reads
2024-03-18 19:15:35,884 INFO Written out 17700000 reads
2024-03-18 19:15:36,568 INFO Written out 17800000 reads
2024-03-18 19:15:37,315 INFO Written out 17900000 reads
2024-03-18 19:15:37,995 INFO Written out 18000000 reads
2024-03-18 19:15:38,682 INFO Written out 18100000 reads
2024-03-18 19:15:39,367 INFO Written out 18200000 reads
2024-03-18 19:15:40,057 INFO Written out 18300000 reads
2024-03-18 19:15:40,745 INFO Written out 18400000 reads
2024-03-18 19:15:41,430 INFO Written out 18500000 reads
2024-03-18 19:15:42,115 INFO Written out 18600000 reads
2024-03-18 19:15:42,360 INFO Parsed 19000000 input reads
2024-03-18 19:15:58,503 INFO Written out 18700000 reads
2024-03-18 19:15:59,187 INFO Written out 18800000 reads
2024-03-18 19:15:59,870 INFO Written out 18900000 reads
2024-03-18 19:16:00,539 INFO Written out 19000000 reads
2024-03-18 19:16:01,220 INFO Written out 19100000 reads
2024-03-18 19:16:01,901 INFO Written out 19200000 reads
2024-03-18 19:16:02,581 INFO Written out 19300000 reads
2024-03-18 19:16:03,264 INFO Written out 19400000 reads
2024-03-18 19:16:03,956 INFO Written out 19500000 reads
2024-03-18 19:16:04,643 INFO Written out 19600000 reads
2024-03-18 19:16:04,748 INFO Parsed 20000000 input reads
2024-03-18 19:16:05,330 INFO Written out 19700000 reads
2024-03-18 19:16:06,018 INFO Written out 19800000 reads
2024-03-18 19:16:06,704 INFO Written out 19900000 reads
2024-03-18 19:16:12,102 INFO Written out 20000000 reads
2024-03-18 19:16:12,787 INFO Written out 20100000 reads
2024-03-18 19:16:13,472 INFO Written out 20200000 reads
2024-03-18 19:16:28,597 INFO Written out 20300000 reads
2024-03-18 19:16:29,279 INFO Written out 20400000 reads
2024-03-18 19:16:29,961 INFO Written out 20500000 reads
2024-03-18 19:16:30,632 INFO Parsed 21000000 input reads
2024-03-18 19:16:30,714 INFO Written out 20600000 reads
2024-03-18 19:16:31,404 INFO Written out 20700000 reads
2024-03-18 19:16:32,088 INFO Written out 20800000 reads
2024-03-18 19:16:32,788 INFO Written out 20900000 reads
2024-03-18 19:16:33,470 INFO Written out 21000000 reads
2024-03-18 19:16:34,162 INFO Written out 21100000 reads
2024-03-18 19:16:34,848 INFO Written out 21200000 reads
2024-03-18 19:16:35,533 INFO Written out 21300000 reads
2024-03-18 19:16:36,225 INFO Written out 21400000 reads
2024-03-18 19:16:36,908 INFO Written out 21500000 reads
2024-03-18 19:16:37,401 INFO Parsed 22000000 input reads
2024-03-18 19:16:37,591 INFO Written out 21600000 reads
2024-03-18 19:16:59,396 INFO Written out 21700000 reads
2024-03-18 19:17:00,080 INFO Written out 21800000 reads
2024-03-18 19:17:00,764 INFO Written out 21900000 reads
2024-03-18 19:17:01,449 INFO Written out 22000000 reads
2024-03-18 19:17:02,144 INFO Written out 22100000 reads
2024-03-18 19:17:02,836 INFO Written out 22200000 reads
2024-03-18 19:17:03,523 INFO Written out 22300000 reads
2024-03-18 19:17:04,207 INFO Written out 22400000 reads
2024-03-18 19:17:04,896 INFO Written out 22500000 reads
2024-03-18 19:17:05,253 INFO Parsed 23000000 input reads
2024-03-18 19:17:05,588 INFO Written out 22600000 reads
2024-03-18 19:17:06,274 INFO Written out 22700000 reads
2024-03-18 19:17:06,964 INFO Written out 22800000 reads
2024-03-18 19:17:07,643 INFO Written out 22900000 reads
2024-03-18 19:17:08,332 INFO Written out 23000000 reads
2024-03-18 19:17:09,023 INFO Written out 23100000 reads
2024-03-18 19:17:09,708 INFO Written out 23200000 reads
2024-03-18 19:17:15,173 INFO Written out 23300000 reads
2024-03-18 19:17:15,855 INFO Written out 23400000 reads
2024-03-18 19:17:16,543 INFO Written out 23500000 reads
2024-03-18 19:17:16,768 INFO Parsed 24000000 input reads
2024-03-18 19:17:34,865 INFO Written out 23600000 reads
2024-03-18 19:17:35,502 INFO Written out 23700000 reads
2024-03-18 19:17:36,156 INFO Written out 23800000 reads
2024-03-18 19:17:36,991 INFO Written out 23900000 reads
2024-03-18 19:17:37,860 INFO Written out 24000000 reads
2024-03-18 19:17:38,550 INFO Written out 24100000 reads
2024-03-18 19:17:39,203 INFO Written out 24200000 reads
2024-03-18 19:17:39,868 INFO Written out 24300000 reads
2024-03-18 19:17:40,536 INFO Written out 24400000 reads
2024-03-18 19:17:41,186 INFO Written out 24500000 reads
2024-03-18 19:17:41,250 INFO Parsed 25000000 input reads
2024-03-18 19:17:41,847 INFO Written out 24600000 reads
2024-03-18 19:17:42,521 INFO Written out 24700000 reads
2024-03-18 19:17:43,187 INFO Written out 24800000 reads
2024-03-18 19:17:43,857 INFO Written out 24900000 reads
2024-03-18 19:17:44,491 INFO Written out 25000000 reads
2024-03-18 19:17:45,123 INFO Written out 25100000 reads
2024-03-18 19:17:45,772 INFO Reads: Input Reads: 25703064
2024-03-18 19:17:45,772 INFO Number of reads out: 25198982
2024-03-18 19:17:45,772 INFO Total number of positions deduplicated: 11703316
2024-03-18 19:17:45,772 INFO Mean number of unique UMIs per position: 2.15
2024-03-18 19:17:45,772 INFO Max. number of unique UMIs per position: 7489
# job finished in 452 seconds at Mon Mar 18 19:17:45 2024 -- 407.96 11.57  0.00  0.00 -- 207628bd-ea03-4f89-a002-4b0d98f78ac6
