Read1 before filtering:
total reads: 21782555
total bases: 1110910305
Q20 bases: 1028352156(92.5684%)
Q30 bases: 997631774(89.8031%)

Read2 before filtering:
total reads: 21782555
total bases: 566346430
Q20 bases: 520249880(91.8607%)
Q30 bases: 490651597(86.6345%)

Read1 after filtering:
total reads: 21782555
total bases: 1110910305
Q20 bases: 1028352156(92.5684%)
Q30 bases: 997631774(89.8031%)

Read2 aftering filtering:
total reads: 21782555
total bases: 566346430
Q20 bases: 520249880(91.8607%)
Q30 bases: 490651597(86.6345%)

Filtering result:
reads passed filter: 43565110
reads failed due to low quality: 0
reads failed due to too many N: 0
reads failed due to too short: 0

Duplication rate: 0%

Insert size peak (evaluated by paired-end reads): 51

JSON report: fastp.json
HTML report: fastp_1.html

fastp --in1 /media/robert/Elements/Deep_sequencing_data/24-03-13-S1-seq/Merged_FastQ_files/LSY5415_0h/LSY5415_0h_R1.fastq.gz --in2 /media/robert/Elements/Deep_sequencing_data/24-03-13-S1-seq/Merged_FastQ_files/LSY5415_0h/LSY5415_0h_R2.fastq.gz --out1 tmp_R1.fastq.gz --out2 tmp_R2.fastq.gz --length_required=12 --disable_adapter_trimming --disable_quality_filtering --disable_trim_poly_g -h fastp_1.html 
fastp v0.20.1, time used: 80 seconds
