# UMI-tools version: 1.0.0
# output generated by dedup --stdin=tmp_2.bam --umi-separator=: --no-sort-output --log=umi_tools.log --method=unique
# job started at Mon Mar 18 21:54:43 2024 on thinkpad -- 4e39685e-4a0b-40bc-ac46-89bdff679092
# pid: 15063, system: Linux 5.15.0-100-generic #110-Ubuntu SMP Wed Feb 7 13:27:48 UTC 2024 x86_64
# assigned_tag                            : None
# cell_tag                                : None
# cell_tag_delim                          : None
# cell_tag_split                          : -
# chimeric_pairs                          : use
# chrom                                   : None
# compresslevel                           : 6
# detection_method                        : None
# gene_tag                                : None
# gene_transcript_map                     : None
# get_umi_method                          : read_id
# ignore_umi                              : False
# in_sam                                  : False
# log2stderr                              : False
# loglevel                                : 1
# mapping_quality                         : 0
# method                                  : unique
# no_sort_output                          : True
# out_sam                                 : False
# output_unmapped                         : False
# paired                                  : False
# per_cell                                : False
# per_contig                              : False
# per_gene                                : False
# random_seed                             : None
# read_length                             : False
# short_help                              : None
# skip_regex                              : ^(__|Unassigned)
# soft_clip_threshold                     : 4
# spliced                                 : False
# stats                                   : False
# stderr                                  : <_io.TextIOWrapper name='<stderr>' mode='w' encoding='UTF-8'>
# stdin                                   : <_io.TextIOWrapper name='tmp_2.bam' mode='r' encoding='UTF-8'>
# stdlog                                  : <_io.TextIOWrapper name='umi_tools.log' mode='a' encoding='UTF-8'>
# stdout                                  : <_io.TextIOWrapper name='<stdout>' mode='w' encoding='UTF-8'>
# subset                                  : None
# threshold                               : 1
# timeit_file                             : None
# timeit_header                           : None
# timeit_name                             : all
# tmpdir                                  : None
# umi_sep                                 : :
# umi_tag                                 : RX
# umi_tag_delim                           : None
# umi_tag_split                           : None
# unmapped_reads                          : discard
# unpaired_reads                          : use
# whole_contig                            : False
2024-03-18 21:54:43,056 INFO command: dedup --stdin=tmp_2.bam --umi-separator=: --no-sort-output --log=umi_tools.log --method=unique
2024-03-18 21:54:48,733 INFO Written out 100000 reads
2024-03-18 21:54:49,532 INFO Written out 200000 reads
2024-03-18 21:54:50,337 INFO Written out 300000 reads
2024-03-18 21:54:52,687 INFO Written out 400000 reads
2024-03-18 21:54:53,482 INFO Written out 500000 reads
2024-03-18 21:55:01,734 INFO Written out 600000 reads
2024-03-18 21:55:02,526 INFO Written out 700000 reads
2024-03-18 21:55:03,326 INFO Written out 800000 reads
2024-03-18 21:55:04,131 INFO Written out 900000 reads
2024-03-18 21:55:04,796 INFO Parsed 1000000 input reads
2024-03-18 21:55:04,949 INFO Written out 1000000 reads
2024-03-18 21:55:08,397 INFO Written out 1100000 reads
2024-03-18 21:55:09,199 INFO Written out 1200000 reads
2024-03-18 21:55:10,003 INFO Written out 1300000 reads
2024-03-18 21:55:17,236 INFO Written out 1400000 reads
2024-03-18 21:55:18,046 INFO Written out 1500000 reads
2024-03-18 21:55:18,845 INFO Written out 1600000 reads
2024-03-18 21:55:19,654 INFO Written out 1700000 reads
2024-03-18 21:55:20,471 INFO Written out 1800000 reads
2024-03-18 21:55:23,807 INFO Written out 1900000 reads
2024-03-18 21:55:24,316 INFO Parsed 2000000 input reads
2024-03-18 21:55:24,625 INFO Written out 2000000 reads
2024-03-18 21:55:27,493 INFO Written out 2100000 reads
2024-03-18 21:55:31,818 INFO Written out 2200000 reads
2024-03-18 21:55:32,600 INFO Written out 2300000 reads
2024-03-18 21:55:33,399 INFO Written out 2400000 reads
2024-03-18 21:55:37,350 INFO Written out 2500000 reads
2024-03-18 21:55:38,161 INFO Written out 2600000 reads
2024-03-18 21:55:38,975 INFO Written out 2700000 reads
2024-03-18 21:55:51,364 INFO Written out 2800000 reads
2024-03-18 21:55:52,140 INFO Written out 2900000 reads
2024-03-18 21:55:52,314 INFO Parsed 3000000 input reads
2024-03-18 21:55:52,548 INFO Written out 3000000 reads
2024-03-18 21:55:52,956 INFO Written out 3100000 reads
2024-03-18 21:55:53,357 INFO Written out 3200000 reads
2024-03-18 21:55:53,734 INFO Written out 3300000 reads
2024-03-18 21:55:59,066 INFO Written out 3400000 reads
2024-03-18 21:55:59,473 INFO Written out 3500000 reads
2024-03-18 21:55:59,876 INFO Written out 3600000 reads
2024-03-18 21:56:00,477 INFO Written out 3700000 reads
2024-03-18 21:56:01,288 INFO Written out 3800000 reads
2024-03-18 21:56:06,176 INFO Written out 3900000 reads
2024-03-18 21:56:06,425 INFO Parsed 4000000 input reads
2024-03-18 21:56:06,986 INFO Written out 4000000 reads
2024-03-18 21:56:07,800 INFO Written out 4100000 reads
2024-03-18 21:56:08,619 INFO Written out 4200000 reads
2024-03-18 21:56:13,257 INFO Written out 4300000 reads
2024-03-18 21:56:14,060 INFO Written out 4400000 reads
2024-03-18 21:56:14,874 INFO Written out 4500000 reads
2024-03-18 21:56:20,993 INFO Written out 4600000 reads
2024-03-18 21:56:21,804 INFO Written out 4700000 reads
2024-03-18 21:56:22,620 INFO Written out 4800000 reads
2024-03-18 21:56:23,439 INFO Written out 4900000 reads
2024-03-18 21:56:23,532 INFO Parsed 5000000 input reads
2024-03-18 21:56:28,573 INFO Written out 5000000 reads
2024-03-18 21:56:29,333 INFO Written out 5100000 reads
2024-03-18 21:56:30,096 INFO Written out 5200000 reads
2024-03-18 21:56:30,861 INFO Written out 5300000 reads
2024-03-18 21:56:30,864 INFO Reads: Input Reads: 5396149
2024-03-18 21:56:30,865 INFO Number of reads out: 5300107
2024-03-18 21:56:30,865 INFO Total number of positions deduplicated: 3790244
2024-03-18 21:56:30,865 INFO Mean number of unique UMIs per position: 1.40
2024-03-18 21:56:30,865 INFO Max. number of unique UMIs per position: 1511
# job finished in 107 seconds at Mon Mar 18 21:56:30 2024 -- 100.00  3.23  0.00  0.00 -- 4e39685e-4a0b-40bc-ac46-89bdff679092
