Read1 before filtering:
total reads: 30986364
total bases: 1580304564
Q20 bases: 1460212710(92.4007%)
Q30 bases: 1415511843(89.5721%)

Read2 before filtering:
total reads: 30986364
total bases: 805645464
Q20 bases: 717880212(89.1062%)
Q30 bases: 669410885(83.09%)

Read1 after filtering:
total reads: 30986364
total bases: 1580304564
Q20 bases: 1460212710(92.4007%)
Q30 bases: 1415511843(89.5721%)

Read2 aftering filtering:
total reads: 30986364
total bases: 433809096
Q20 bases: 375644196(86.5921%)
Q30 bases: 343715006(79.2319%)

Filtering result:
reads passed filter: 61972728
reads failed due to low quality: 0
reads failed due to too many N: 0

Duplication rate: 0%

Insert size peak (evaluated by paired-end reads): 51

JSON report: fastp.json
HTML report: fastp_2.html

fastp --in1 tmp_R1.fastq.gz --in2 tmp_R2.fastq.gz --out1 tmp2_R1.fastq.gz --out2 tmp2_R2.fastq.gz --umi --umi_loc=read2 --umi_len=12 --disable_adapter_trimming --disable_quality_filtering --disable_trim_poly_g --disable_length_filtering -h fastp_2.html 
fastp v0.20.1, time used: 122 seconds
