Streaming uncompressed  reads to STDOUT...

Read1 before filtering:
total reads: 30986364
total bases: 1580304564
Q20 bases: 1460212710(92.4007%)
Q30 bases: 1415511843(89.5721%)

Read1 after filtering:
total reads: 30476889
total bases: 1551089962
Q20 bases: 1443870400(93.0875%)
Q30 bases: 1400884922(90.3162%)

Filtering result:
reads passed filter: 30476889
reads failed due to low quality: 486113
reads failed due to too many N: 5385
reads failed due to too short: 17977
reads with adapter trimmed: 205636
bases trimmed due to adapters: 3054114

Duplication rate (may be overestimated since this is SE data): 22.0747%

JSON report: fastp.json
HTML report: fastp_3.html

fastp --in1 tmp2_R1.fastq.gz --adapter_sequence=AGATCGGAAGAGCACACGTCTGAACTCCAGTCA --adapter_fasta /home/robert/Research/Manuscripts/My_manuscripts/23-09-Chromatin_remodeler_Impact_on_MRX_nicking/Data_Analyses_and_Figures/S1-seq/01_Raw_data/2nd_Adpt_linkers.fa -h fastp_3.html --stdout 
fastp v0.20.1, time used: 672 seconds
