# UMI-tools version: 1.0.0
# output generated by dedup --stdin=tmp_2.bam --umi-separator=: --no-sort-output --log=umi_tools.log --method=unique
# job started at Tue Mar 19 07:02:59 2024 on thinkpad -- b995701d-b948-445c-b03c-148885bd2d59
# pid: 14476, system: Linux 5.15.0-100-generic #110-Ubuntu SMP Wed Feb 7 13:27:48 UTC 2024 x86_64
# assigned_tag                            : None
# cell_tag                                : None
# cell_tag_delim                          : None
# cell_tag_split                          : -
# chimeric_pairs                          : use
# chrom                                   : None
# compresslevel                           : 6
# detection_method                        : None
# gene_tag                                : None
# gene_transcript_map                     : None
# get_umi_method                          : read_id
# ignore_umi                              : False
# in_sam                                  : False
# log2stderr                              : False
# loglevel                                : 1
# mapping_quality                         : 0
# method                                  : unique
# no_sort_output                          : True
# out_sam                                 : False
# output_unmapped                         : False
# paired                                  : False
# per_cell                                : False
# per_contig                              : False
# per_gene                                : False
# random_seed                             : None
# read_length                             : False
# short_help                              : None
# skip_regex                              : ^(__|Unassigned)
# soft_clip_threshold                     : 4
# spliced                                 : False
# stats                                   : False
# stderr                                  : <_io.TextIOWrapper name='<stderr>' mode='w' encoding='UTF-8'>
# stdin                                   : <_io.TextIOWrapper name='tmp_2.bam' mode='r' encoding='UTF-8'>
# stdlog                                  : <_io.TextIOWrapper name='umi_tools.log' mode='a' encoding='UTF-8'>
# stdout                                  : <_io.TextIOWrapper name='<stdout>' mode='w' encoding='UTF-8'>
# subset                                  : None
# threshold                               : 1
# timeit_file                             : None
# timeit_header                           : None
# timeit_name                             : all
# tmpdir                                  : None
# umi_sep                                 : :
# umi_tag                                 : RX
# umi_tag_delim                           : None
# umi_tag_split                           : None
# unmapped_reads                          : discard
# unpaired_reads                          : use
# whole_contig                            : False
2024-03-19 07:02:59,078 INFO command: dedup --stdin=tmp_2.bam --umi-separator=: --no-sort-output --log=umi_tools.log --method=unique
2024-03-19 07:03:06,239 INFO Written out 100000 reads
2024-03-19 07:03:07,038 INFO Written out 200000 reads
2024-03-19 07:03:07,574 INFO Written out 300000 reads
2024-03-19 07:03:08,498 INFO Written out 400000 reads
2024-03-19 07:03:09,311 INFO Written out 500000 reads
2024-03-19 07:03:12,841 INFO Written out 600000 reads
2024-03-19 07:03:13,112 INFO Written out 700000 reads
2024-03-19 07:03:23,242 INFO Written out 800000 reads
2024-03-19 07:03:24,078 INFO Written out 900000 reads
2024-03-19 07:03:24,697 INFO Parsed 1000000 input reads
2024-03-19 07:03:24,837 INFO Written out 1000000 reads
2024-03-19 07:03:25,648 INFO Written out 1100000 reads
2024-03-19 07:03:26,445 INFO Written out 1200000 reads
2024-03-19 07:03:27,254 INFO Written out 1300000 reads
2024-03-19 07:03:28,061 INFO Written out 1400000 reads
2024-03-19 07:03:32,685 INFO Written out 1500000 reads
2024-03-19 07:03:33,548 INFO Written out 1600000 reads
2024-03-19 07:03:34,284 INFO Written out 1700000 reads
2024-03-19 07:03:36,606 INFO Written out 1800000 reads
2024-03-19 07:03:44,128 INFO Written out 1900000 reads
2024-03-19 07:03:44,668 INFO Parsed 2000000 input reads
2024-03-19 07:03:44,941 INFO Written out 2000000 reads
2024-03-19 07:03:45,489 INFO Written out 2100000 reads
2024-03-19 07:03:46,188 INFO Written out 2200000 reads
2024-03-19 07:03:46,983 INFO Written out 2300000 reads
2024-03-19 07:03:47,828 INFO Written out 2400000 reads
2024-03-19 07:03:51,589 INFO Written out 2500000 reads
2024-03-19 07:03:52,406 INFO Written out 2600000 reads
2024-03-19 07:03:55,826 INFO Written out 2700000 reads
2024-03-19 07:03:56,504 INFO Written out 2800000 reads
2024-03-19 07:03:57,323 INFO Written out 2900000 reads
2024-03-19 07:04:01,775 INFO Parsed 3000000 input reads
2024-03-19 07:04:02,178 INFO Written out 3000000 reads
2024-03-19 07:04:03,031 INFO Written out 3100000 reads
2024-03-19 07:04:03,838 INFO Written out 3200000 reads
2024-03-19 07:04:08,063 INFO Written out 3300000 reads
2024-03-19 07:04:14,065 INFO Written out 3400000 reads
2024-03-19 07:04:14,875 INFO Written out 3500000 reads
2024-03-19 07:04:30,956 INFO Written out 3600000 reads
2024-03-19 07:04:31,793 INFO Written out 3700000 reads
2024-03-19 07:04:32,389 INFO Written out 3800000 reads
2024-03-19 07:04:32,831 INFO Written out 3900000 reads
2024-03-19 07:04:32,989 INFO Parsed 4000000 input reads
2024-03-19 07:04:33,264 INFO Written out 4000000 reads
2024-03-19 07:04:33,668 INFO Written out 4100000 reads
2024-03-19 07:04:34,066 INFO Written out 4200000 reads
2024-03-19 07:04:34,442 INFO Written out 4300000 reads
2024-03-19 07:04:34,818 INFO Written out 4400000 reads
2024-03-19 07:04:35,230 INFO Written out 4500000 reads
2024-03-19 07:04:35,635 INFO Written out 4600000 reads
2024-03-19 07:04:36,045 INFO Written out 4700000 reads
2024-03-19 07:04:36,444 INFO Written out 4800000 reads
2024-03-19 07:04:36,895 INFO Written out 4900000 reads
2024-03-19 07:04:36,979 INFO Parsed 5000000 input reads
2024-03-19 07:04:37,583 INFO Written out 5000000 reads
2024-03-19 07:04:38,403 INFO Written out 5100000 reads
2024-03-19 07:04:44,964 INFO Written out 5200000 reads
2024-03-19 07:04:45,692 INFO Written out 5300000 reads
2024-03-19 07:04:46,512 INFO Written out 5400000 reads
2024-03-19 07:04:47,189 INFO Written out 5500000 reads
2024-03-19 07:04:47,731 INFO Written out 5600000 reads
2024-03-19 07:04:53,346 INFO Written out 5700000 reads
2024-03-19 07:04:54,205 INFO Written out 5800000 reads
2024-03-19 07:04:55,031 INFO Written out 5900000 reads
2024-03-19 07:04:55,098 INFO Parsed 6000000 input reads
2024-03-19 07:04:56,130 INFO Written out 6000000 reads
2024-03-19 07:05:04,408 INFO Written out 6100000 reads
2024-03-19 07:05:05,130 INFO Written out 6200000 reads
2024-03-19 07:05:05,898 INFO Written out 6300000 reads
2024-03-19 07:05:06,668 INFO Written out 6400000 reads
2024-03-19 07:05:07,603 INFO Written out 6500000 reads
2024-03-19 07:05:08,884 INFO Written out 6600000 reads
2024-03-19 07:05:20,941 INFO Written out 6700000 reads
2024-03-19 07:05:21,956 INFO Written out 6800000 reads
2024-03-19 07:05:22,571 INFO Parsed 7000000 input reads
2024-03-19 07:05:22,640 INFO Written out 6900000 reads
2024-03-19 07:05:23,434 INFO Written out 7000000 reads
2024-03-19 07:05:23,988 INFO Reads: Input Reads: 7185108
2024-03-19 07:05:23,988 INFO Number of reads out: 7073348
2024-03-19 07:05:23,988 INFO Total number of positions deduplicated: 4220589
2024-03-19 07:05:23,988 INFO Mean number of unique UMIs per position: 1.68
2024-03-19 07:05:23,988 INFO Max. number of unique UMIs per position: 67260
# job finished in 144 seconds at Tue Mar 19 07:05:23 2024 -- 131.69  3.28  0.00  0.00 -- b995701d-b948-445c-b03c-148885bd2d59
