Read1 before filtering:
total reads: 38450332
total bases: 1960966932
Q20 bases: 1815973735(92.606%)
Q30 bases: 1761231514(89.8144%)

Read2 before filtering:
total reads: 38450332
total bases: 999708632
Q20 bases: 919303175(91.9571%)
Q30 bases: 867164943(86.7418%)

Read1 after filtering:
total reads: 38450332
total bases: 1960966932
Q20 bases: 1815973735(92.606%)
Q30 bases: 1761231514(89.8144%)

Read2 aftering filtering:
total reads: 38450332
total bases: 999708632
Q20 bases: 919303175(91.9571%)
Q30 bases: 867164943(86.7418%)

Filtering result:
reads passed filter: 76900664
reads failed due to low quality: 0
reads failed due to too many N: 0
reads failed due to too short: 0

Duplication rate: 0%

Insert size peak (evaluated by paired-end reads): 51

JSON report: fastp.json
HTML report: fastp_1.html

fastp --in1 /media/robert/Elements/Deep_sequencing_data/24-03-13-S1-seq/Merged_FastQ_files/LSY5935_4h/LSY5935_4h_R1.fastq.gz --in2 /media/robert/Elements/Deep_sequencing_data/24-03-13-S1-seq/Merged_FastQ_files/LSY5935_4h/LSY5935_4h_R2.fastq.gz --out1 tmp_R1.fastq.gz --out2 tmp_R2.fastq.gz --length_required=12 --disable_adapter_trimming --disable_quality_filtering --disable_trim_poly_g -h fastp_1.html 
fastp v0.20.1, time used: 153 seconds
