Streaming uncompressed  reads to STDOUT...

Read1 before filtering:
total reads: 38450332
total bases: 1960966932
Q20 bases: 1815973735(92.606%)
Q30 bases: 1761231514(89.8144%)

Read1 after filtering:
total reads: 37815274
total bases: 1924621778
Q20 bases: 1795756584(93.3044%)
Q30 bases: 1743160312(90.5716%)

Filtering result:
reads passed filter: 37815274
reads failed due to low quality: 607717
reads failed due to too many N: 6804
reads failed due to too short: 20537
reads with adapter trimmed: 255631
bases trimmed due to adapters: 3716000

Duplication rate (may be overestimated since this is SE data): 23.5084%

JSON report: fastp.json
HTML report: fastp_3.html

fastp --in1 tmp2_R1.fastq.gz --adapter_sequence=AGATCGGAAGAGCACACGTCTGAACTCCAGTCA --adapter_fasta /home/robert/Research/Manuscripts/My_manuscripts/23-09-Chromatin_remodeler_Impact_on_MRX_nicking/Data_Analyses_and_Figures/S1-seq/01_Raw_data/2nd_Adpt_linkers.fa -h fastp_3.html --stdout 
fastp v0.20.1, time used: 881 seconds
