# UMI-tools version: 1.0.0
# output generated by dedup --stdin=tmp_2.bam --umi-separator=: --no-sort-output --log=umi_tools.log --method=unique
# job started at Tue Mar 19 16:33:18 2024 on thinkpad -- 2e3ad5f6-df11-4cd8-a036-599dcfad0d23
# pid: 7421, system: Linux 5.15.0-100-generic #110-Ubuntu SMP Wed Feb 7 13:27:48 UTC 2024 x86_64
# assigned_tag                            : None
# cell_tag                                : None
# cell_tag_delim                          : None
# cell_tag_split                          : -
# chimeric_pairs                          : use
# chrom                                   : None
# compresslevel                           : 6
# detection_method                        : None
# gene_tag                                : None
# gene_transcript_map                     : None
# get_umi_method                          : read_id
# ignore_umi                              : False
# in_sam                                  : False
# log2stderr                              : False
# loglevel                                : 1
# mapping_quality                         : 0
# method                                  : unique
# no_sort_output                          : True
# out_sam                                 : False
# output_unmapped                         : False
# paired                                  : False
# per_cell                                : False
# per_contig                              : False
# per_gene                                : False
# random_seed                             : None
# read_length                             : False
# short_help                              : None
# skip_regex                              : ^(__|Unassigned)
# soft_clip_threshold                     : 4
# spliced                                 : False
# stats                                   : False
# stderr                                  : <_io.TextIOWrapper name='<stderr>' mode='w' encoding='UTF-8'>
# stdin                                   : <_io.TextIOWrapper name='tmp_2.bam' mode='r' encoding='UTF-8'>
# stdlog                                  : <_io.TextIOWrapper name='umi_tools.log' mode='a' encoding='UTF-8'>
# stdout                                  : <_io.TextIOWrapper name='<stdout>' mode='w' encoding='UTF-8'>
# subset                                  : None
# threshold                               : 1
# timeit_file                             : None
# timeit_header                           : None
# timeit_name                             : all
# tmpdir                                  : None
# umi_sep                                 : :
# umi_tag                                 : RX
# umi_tag_delim                           : None
# umi_tag_split                           : None
# unmapped_reads                          : discard
# unpaired_reads                          : use
# whole_contig                            : False
2024-03-19 16:33:18,451 INFO command: dedup --stdin=tmp_2.bam --umi-separator=: --no-sort-output --log=umi_tools.log --method=unique
2024-03-19 16:33:20,982 INFO Written out 100000 reads
2024-03-19 16:33:28,530 INFO Written out 200000 reads
2024-03-19 16:33:29,329 INFO Written out 300000 reads
2024-03-19 16:33:29,724 INFO Written out 400000 reads
2024-03-19 16:33:30,539 INFO Written out 500000 reads
2024-03-19 16:33:31,364 INFO Written out 600000 reads
2024-03-19 16:33:35,662 INFO Written out 700000 reads
2024-03-19 16:33:37,210 INFO Written out 800000 reads
2024-03-19 16:33:37,210 INFO Written out 900000 reads
2024-03-19 16:33:37,497 INFO Parsed 1000000 input reads
2024-03-19 16:33:37,696 INFO Written out 1000000 reads
2024-03-19 16:33:49,651 INFO Written out 1100000 reads
2024-03-19 16:33:50,456 INFO Written out 1200000 reads
2024-03-19 16:33:51,033 INFO Written out 1300000 reads
2024-03-19 16:33:51,774 INFO Written out 1400000 reads
2024-03-19 16:33:52,579 INFO Written out 1500000 reads
2024-03-19 16:33:53,368 INFO Written out 1600000 reads
2024-03-19 16:33:54,147 INFO Written out 1700000 reads
2024-03-19 16:33:54,954 INFO Written out 1800000 reads
2024-03-19 16:33:55,743 INFO Written out 1900000 reads
2024-03-19 16:34:01,309 INFO Parsed 2000000 input reads
2024-03-19 16:34:01,664 INFO Written out 2000000 reads
2024-03-19 16:34:02,088 INFO Written out 2100000 reads
2024-03-19 16:34:02,864 INFO Written out 2200000 reads
2024-03-19 16:34:03,865 INFO Written out 2300000 reads
2024-03-19 16:34:04,127 INFO Written out 2400000 reads
2024-03-19 16:34:06,569 INFO Written out 2500000 reads
2024-03-19 16:34:07,343 INFO Written out 2600000 reads
2024-03-19 16:34:17,099 INFO Written out 2700000 reads
2024-03-19 16:34:17,878 INFO Written out 2800000 reads
2024-03-19 16:34:18,337 INFO Written out 2900000 reads
2024-03-19 16:34:18,497 INFO Parsed 3000000 input reads
2024-03-19 16:34:19,119 INFO Written out 3000000 reads
2024-03-19 16:34:19,510 INFO Written out 3100000 reads
2024-03-19 16:34:20,293 INFO Written out 3200000 reads
2024-03-19 16:34:21,060 INFO Written out 3300000 reads
2024-03-19 16:34:26,941 INFO Written out 3400000 reads
2024-03-19 16:34:31,423 INFO Written out 3500000 reads
2024-03-19 16:34:32,305 INFO Written out 3600000 reads
2024-03-19 16:34:33,110 INFO Written out 3700000 reads
2024-03-19 16:34:37,603 INFO Written out 3800000 reads
2024-03-19 16:34:38,288 INFO Written out 3900000 reads
2024-03-19 16:34:38,353 INFO Parsed 4000000 input reads
2024-03-19 16:34:39,083 INFO Written out 4000000 reads
2024-03-19 16:34:45,243 INFO Written out 4100000 reads
2024-03-19 16:34:46,020 INFO Written out 4200000 reads
2024-03-19 16:34:46,675 INFO Written out 4300000 reads
2024-03-19 16:34:47,431 INFO Written out 4400000 reads
2024-03-19 16:34:48,230 INFO Written out 4500000 reads
2024-03-19 16:34:53,555 INFO Written out 4600000 reads
2024-03-19 16:34:54,340 INFO Written out 4700000 reads
2024-03-19 16:34:55,131 INFO Written out 4800000 reads
2024-03-19 16:35:14,587 INFO Parsed 5000000 input reads
2024-03-19 16:35:14,689 INFO Written out 4900000 reads
2024-03-19 16:35:15,509 INFO Written out 5000000 reads
2024-03-19 16:35:16,319 INFO Written out 5100000 reads
2024-03-19 16:35:16,831 INFO Written out 5200000 reads
2024-03-19 16:35:17,230 INFO Written out 5300000 reads
2024-03-19 16:35:17,617 INFO Written out 5400000 reads
2024-03-19 16:35:18,020 INFO Written out 5500000 reads
2024-03-19 16:35:18,403 INFO Written out 5600000 reads
2024-03-19 16:35:18,779 INFO Written out 5700000 reads
2024-03-19 16:35:19,144 INFO Written out 5800000 reads
2024-03-19 16:35:19,372 INFO Parsed 6000000 input reads
2024-03-19 16:35:19,504 INFO Written out 5900000 reads
2024-03-19 16:35:19,891 INFO Written out 6000000 reads
2024-03-19 16:35:20,283 INFO Written out 6100000 reads
2024-03-19 16:35:20,681 INFO Written out 6200000 reads
2024-03-19 16:35:21,073 INFO Written out 6300000 reads
2024-03-19 16:35:21,458 INFO Written out 6400000 reads
2024-03-19 16:35:21,891 INFO Written out 6500000 reads
2024-03-19 16:35:22,565 INFO Written out 6600000 reads
2024-03-19 16:35:28,620 INFO Written out 6700000 reads
2024-03-19 16:35:29,436 INFO Written out 6800000 reads
2024-03-19 16:35:29,864 INFO Parsed 7000000 input reads
2024-03-19 16:35:30,224 INFO Written out 6900000 reads
2024-03-19 16:35:39,062 INFO Written out 7000000 reads
2024-03-19 16:35:39,960 INFO Written out 7100000 reads
2024-03-19 16:35:40,732 INFO Written out 7200000 reads
2024-03-19 16:35:41,513 INFO Written out 7300000 reads
2024-03-19 16:35:42,001 INFO Written out 7400000 reads
2024-03-19 16:35:42,634 INFO Written out 7500000 reads
2024-03-19 16:35:43,298 INFO Written out 7600000 reads
2024-03-19 16:35:49,926 INFO Written out 7700000 reads
2024-03-19 16:35:50,712 INFO Written out 7800000 reads
2024-03-19 16:35:50,925 INFO Parsed 8000000 input reads
2024-03-19 16:35:51,215 INFO Written out 7900000 reads
2024-03-19 16:35:51,932 INFO Written out 8000000 reads
2024-03-19 16:35:52,701 INFO Written out 8100000 reads
2024-03-19 16:36:02,881 INFO Written out 8200000 reads
2024-03-19 16:36:03,413 INFO Written out 8300000 reads
2024-03-19 16:36:04,199 INFO Written out 8400000 reads
2024-03-19 16:36:04,807 INFO Written out 8500000 reads
2024-03-19 16:36:05,338 INFO Written out 8600000 reads
2024-03-19 16:36:06,115 INFO Written out 8700000 reads
2024-03-19 16:36:06,704 INFO Written out 8800000 reads
2024-03-19 16:36:06,767 INFO Parsed 9000000 input reads
2024-03-19 16:36:07,491 INFO Written out 8900000 reads
2024-03-19 16:36:15,040 INFO Written out 9000000 reads
2024-03-19 16:36:15,797 INFO Written out 9100000 reads
2024-03-19 16:36:16,543 INFO Written out 9200000 reads
2024-03-19 16:36:17,076 INFO Written out 9300000 reads
2024-03-19 16:36:17,813 INFO Written out 9400000 reads
2024-03-19 16:36:18,538 INFO Written out 9500000 reads
2024-03-19 16:36:19,091 INFO Reads: Input Reads: 9785643
2024-03-19 16:36:19,091 INFO Number of reads out: 9576151
2024-03-19 16:36:19,091 INFO Total number of positions deduplicated: 5172341
2024-03-19 16:36:19,091 INFO Mean number of unique UMIs per position: 1.85
2024-03-19 16:36:19,091 INFO Max. number of unique UMIs per position: 129020
# job finished in 180 seconds at Tue Mar 19 16:36:19 2024 -- 165.99  5.10  0.00  0.00 -- 2e3ad5f6-df11-4cd8-a036-599dcfad0d23
