Streaming uncompressed  reads to STDOUT...

Read1 before filtering:
total reads: 34742950
total bases: 1771890450
Q20 bases: 1613193323(91.0436%)
Q30 bases: 1555345762(87.7789%)

Read1 after filtering:
total reads: 33743000
total bases: 1716094606
Q20 bases: 1583336924(92.264%)
Q30 bases: 1528792138(89.0855%)

Filtering result:
reads passed filter: 33743000
reads failed due to low quality: 969635
reads failed due to too many N: 5815
reads failed due to too short: 24500
reads with adapter trimmed: 420950
bases trimmed due to adapters: 5679106

Duplication rate (may be overestimated since this is SE data): 35.1587%

JSON report: fastp.json
HTML report: fastp_3.html

fastp --in1 tmp2_R1.fastq.gz --adapter_sequence=AGATCGGAAGAGCACACGTCTGAACTCCAGTCA --adapter_fasta /home/robert/Research/Manuscripts/My_manuscripts/23-09-Chromatin_remodeler_Impact_on_MRX_nicking/Data_Analyses_and_Figures/S1-seq/01_Raw_data/2nd_Adpt_linkers.fa -h fastp_3.html --stdout 
fastp v0.20.1, time used: 623 seconds
