Read1 before filtering:
total reads: 34742950
total bases: 1771890450
Q20 bases: 1613193323(91.0436%)
Q30 bases: 1555345762(87.7789%)

Read2 before filtering:
total reads: 34742950
total bases: 903316700
Q20 bases: 818762768(90.6396%)
Q30 bases: 766954770(84.9043%)

Read1 after filtering:
total reads: 34742950
total bases: 1771890450
Q20 bases: 1613193323(91.0436%)
Q30 bases: 1555345762(87.7789%)

Read2 aftering filtering:
total reads: 34742950
total bases: 903316700
Q20 bases: 818762768(90.6396%)
Q30 bases: 766954770(84.9043%)

Filtering result:
reads passed filter: 69485900
reads failed due to low quality: 0
reads failed due to too many N: 0
reads failed due to too short: 0

Duplication rate: 0%

Insert size peak (evaluated by paired-end reads): 51

JSON report: fastp.json
HTML report: fastp_1.html

fastp --in1 /media/robert/Elements/Deep_sequencing_data/24-03-13-S1-seq/Merged_FastQ_files/LSY4518-13B_1h/LSY4518-13B_1h_R1.fastq.gz --in2 /media/robert/Elements/Deep_sequencing_data/24-03-13-S1-seq/Merged_FastQ_files/LSY4518-13B_1h/LSY4518-13B_1h_R2.fastq.gz --out1 tmp_R1.fastq.gz --out2 tmp_R2.fastq.gz --length_required=12 --disable_adapter_trimming --disable_quality_filtering --disable_trim_poly_g -h fastp_1.html 
fastp v0.20.1, time used: 130 seconds
