Read1 before filtering:
total reads: 34742950
total bases: 1771890450
Q20 bases: 1613193323(91.0436%)
Q30 bases: 1555345762(87.7789%)

Read2 before filtering:
total reads: 34742950
total bases: 903316700
Q20 bases: 818762768(90.6396%)
Q30 bases: 766954770(84.9043%)

Read1 after filtering:
total reads: 34742950
total bases: 1771890450
Q20 bases: 1613193323(91.0436%)
Q30 bases: 1555345762(87.7789%)

Read2 aftering filtering:
total reads: 34742950
total bases: 486401300
Q20 bases: 428711883(88.1395%)
Q30 bases: 392702619(80.7363%)

Filtering result:
reads passed filter: 69485900
reads failed due to low quality: 0
reads failed due to too many N: 0

Duplication rate: 0%

Insert size peak (evaluated by paired-end reads): 51

JSON report: fastp.json
HTML report: fastp_2.html

fastp --in1 tmp_R1.fastq.gz --in2 tmp_R2.fastq.gz --out1 tmp2_R1.fastq.gz --out2 tmp2_R2.fastq.gz --umi --umi_loc=read2 --umi_len=12 --disable_adapter_trimming --disable_quality_filtering --disable_trim_poly_g --disable_length_filtering -h fastp_2.html 
fastp v0.20.1, time used: 139 seconds
