# UMI-tools version: 1.0.0
# output generated by dedup --stdin=tmp_2.bam --umi-separator=: --no-sort-output --log=umi_tools.log --method=unique
# job started at Mon Mar 18 19:42:28 2024 on thinkpad -- b0ea93d9-b578-4fcf-ab1d-b0ee9b2dbbd9
# pid: 13766, system: Linux 5.15.0-100-generic #110-Ubuntu SMP Wed Feb 7 13:27:48 UTC 2024 x86_64
# assigned_tag                            : None
# cell_tag                                : None
# cell_tag_delim                          : None
# cell_tag_split                          : -
# chimeric_pairs                          : use
# chrom                                   : None
# compresslevel                           : 6
# detection_method                        : None
# gene_tag                                : None
# gene_transcript_map                     : None
# get_umi_method                          : read_id
# ignore_umi                              : False
# in_sam                                  : False
# log2stderr                              : False
# loglevel                                : 1
# mapping_quality                         : 0
# method                                  : unique
# no_sort_output                          : True
# out_sam                                 : False
# output_unmapped                         : False
# paired                                  : False
# per_cell                                : False
# per_contig                              : False
# per_gene                                : False
# random_seed                             : None
# read_length                             : False
# short_help                              : None
# skip_regex                              : ^(__|Unassigned)
# soft_clip_threshold                     : 4
# spliced                                 : False
# stats                                   : False
# stderr                                  : <_io.TextIOWrapper name='<stderr>' mode='w' encoding='UTF-8'>
# stdin                                   : <_io.TextIOWrapper name='tmp_2.bam' mode='r' encoding='UTF-8'>
# stdlog                                  : <_io.TextIOWrapper name='umi_tools.log' mode='a' encoding='UTF-8'>
# stdout                                  : <_io.TextIOWrapper name='<stdout>' mode='w' encoding='UTF-8'>
# subset                                  : None
# threshold                               : 1
# timeit_file                             : None
# timeit_header                           : None
# timeit_name                             : all
# tmpdir                                  : None
# umi_sep                                 : :
# umi_tag                                 : RX
# umi_tag_delim                           : None
# umi_tag_split                           : None
# unmapped_reads                          : discard
# unpaired_reads                          : use
# whole_contig                            : False
2024-03-18 19:42:28,330 INFO command: dedup --stdin=tmp_2.bam --umi-separator=: --no-sort-output --log=umi_tools.log --method=unique
2024-03-18 19:42:32,734 INFO Written out 100000 reads
2024-03-18 19:42:33,493 INFO Written out 200000 reads
2024-03-18 19:42:34,179 INFO Written out 300000 reads
2024-03-18 19:42:50,141 INFO Written out 400000 reads
2024-03-18 19:42:50,833 INFO Written out 500000 reads
2024-03-18 19:42:51,522 INFO Written out 600000 reads
2024-03-18 19:42:52,221 INFO Written out 700000 reads
2024-03-18 19:42:52,592 INFO Written out 800000 reads
2024-03-18 19:42:52,971 INFO Written out 900000 reads
2024-03-18 19:42:53,511 INFO Parsed 1000000 input reads
2024-03-18 19:42:53,684 INFO Written out 1000000 reads
2024-03-18 19:42:54,375 INFO Written out 1100000 reads
2024-03-18 19:42:55,107 INFO Written out 1200000 reads
2024-03-18 19:42:55,805 INFO Written out 1300000 reads
2024-03-18 19:42:56,506 INFO Written out 1400000 reads
2024-03-18 19:42:57,204 INFO Written out 1500000 reads
2024-03-18 19:42:57,893 INFO Written out 1600000 reads
2024-03-18 19:42:58,601 INFO Written out 1700000 reads
2024-03-18 19:43:05,892 INFO Written out 1800000 reads
2024-03-18 19:43:06,586 INFO Written out 1900000 reads
2024-03-18 19:43:06,942 INFO Parsed 2000000 input reads
2024-03-18 19:43:07,236 INFO Written out 2000000 reads
2024-03-18 19:43:07,727 INFO Written out 2100000 reads
2024-03-18 19:43:08,064 INFO Written out 2200000 reads
2024-03-18 19:43:08,469 INFO Written out 2300000 reads
2024-03-18 19:43:09,171 INFO Written out 2400000 reads
2024-03-18 19:43:35,780 INFO Written out 2500000 reads
2024-03-18 19:43:36,484 INFO Written out 2600000 reads
2024-03-18 19:43:37,180 INFO Written out 2700000 reads
2024-03-18 19:43:37,884 INFO Written out 2800000 reads
2024-03-18 19:43:38,589 INFO Written out 2900000 reads
2024-03-18 19:43:38,754 INFO Parsed 3000000 input reads
2024-03-18 19:43:39,232 INFO Written out 3000000 reads
2024-03-18 19:43:39,913 INFO Written out 3100000 reads
2024-03-18 19:43:40,611 INFO Written out 3200000 reads
2024-03-18 19:43:41,296 INFO Written out 3300000 reads
2024-03-18 19:43:46,821 INFO Written out 3400000 reads
2024-03-18 19:43:47,515 INFO Written out 3500000 reads
2024-03-18 19:43:48,215 INFO Written out 3600000 reads
2024-03-18 19:43:48,917 INFO Written out 3700000 reads
2024-03-18 19:43:49,606 INFO Written out 3800000 reads
2024-03-18 19:43:50,303 INFO Parsed 4000000 input reads
2024-03-18 19:43:50,304 INFO Written out 3900000 reads
2024-03-18 19:43:50,998 INFO Written out 4000000 reads
2024-03-18 19:43:51,696 INFO Written out 4100000 reads
2024-03-18 19:43:52,397 INFO Written out 4200000 reads
2024-03-18 19:43:53,091 INFO Written out 4300000 reads
2024-03-18 19:43:53,791 INFO Written out 4400000 reads
2024-03-18 19:43:54,480 INFO Written out 4500000 reads
2024-03-18 19:43:55,174 INFO Written out 4600000 reads
2024-03-18 19:43:55,865 INFO Written out 4700000 reads
2024-03-18 19:44:08,442 INFO Written out 4800000 reads
2024-03-18 19:44:08,968 INFO Parsed 5000000 input reads
2024-03-18 19:44:09,137 INFO Written out 4900000 reads
2024-03-18 19:44:09,557 INFO Written out 5000000 reads
2024-03-18 19:44:09,884 INFO Written out 5100000 reads
2024-03-18 19:44:10,244 INFO Written out 5200000 reads
2024-03-18 19:44:10,946 INFO Written out 5300000 reads
2024-03-18 19:44:11,644 INFO Written out 5400000 reads
2024-03-18 19:44:12,340 INFO Written out 5500000 reads
2024-03-18 19:44:13,036 INFO Written out 5600000 reads
2024-03-18 19:44:13,415 INFO Written out 5700000 reads
2024-03-18 19:44:14,083 INFO Written out 5800000 reads
2024-03-18 19:44:14,417 INFO Parsed 6000000 input reads
2024-03-18 19:44:14,774 INFO Written out 5900000 reads
2024-03-18 19:44:19,390 INFO Written out 6000000 reads
2024-03-18 19:44:20,090 INFO Written out 6100000 reads
2024-03-18 19:44:20,794 INFO Written out 6200000 reads
2024-03-18 19:44:21,490 INFO Written out 6300000 reads
2024-03-18 19:44:42,440 INFO Written out 6400000 reads
2024-03-18 19:44:43,138 INFO Written out 6500000 reads
2024-03-18 19:44:43,838 INFO Written out 6600000 reads
2024-03-18 19:44:49,588 INFO Written out 6700000 reads
2024-03-18 19:44:50,289 INFO Written out 6800000 reads
2024-03-18 19:44:50,458 INFO Parsed 7000000 input reads
2024-03-18 19:44:50,991 INFO Written out 6900000 reads
2024-03-18 19:44:51,348 INFO Written out 7000000 reads
2024-03-18 19:44:51,701 INFO Written out 7100000 reads
2024-03-18 19:44:52,397 INFO Written out 7200000 reads
2024-03-18 19:44:52,962 INFO Written out 7300000 reads
2024-03-18 19:44:53,496 INFO Written out 7400000 reads
2024-03-18 19:44:54,185 INFO Written out 7500000 reads
2024-03-18 19:44:54,830 INFO Written out 7600000 reads
2024-03-18 19:44:55,529 INFO Written out 7700000 reads
2024-03-18 19:44:56,216 INFO Parsed 8000000 input reads
2024-03-18 19:44:56,235 INFO Written out 7800000 reads
2024-03-18 19:44:56,929 INFO Written out 7900000 reads
2024-03-18 19:44:57,626 INFO Written out 8000000 reads
2024-03-18 19:44:58,387 INFO Written out 8100000 reads
2024-03-18 19:44:59,084 INFO Written out 8200000 reads
2024-03-18 19:45:08,650 INFO Written out 8300000 reads
2024-03-18 19:45:09,352 INFO Written out 8400000 reads
2024-03-18 19:45:10,051 INFO Written out 8500000 reads
2024-03-18 19:45:10,742 INFO Written out 8600000 reads
2024-03-18 19:45:11,452 INFO Written out 8700000 reads
2024-03-18 19:45:11,968 INFO Parsed 9000000 input reads
2024-03-18 19:45:12,158 INFO Written out 8800000 reads
2024-03-18 19:45:12,861 INFO Written out 8900000 reads
2024-03-18 19:45:13,564 INFO Written out 9000000 reads
2024-03-18 19:45:23,107 INFO Written out 9100000 reads
2024-03-18 19:45:23,477 INFO Written out 9200000 reads
2024-03-18 19:45:24,190 INFO Written out 9300000 reads
2024-03-18 19:45:24,774 INFO Written out 9400000 reads
2024-03-18 19:45:25,472 INFO Written out 9500000 reads
2024-03-18 19:45:26,171 INFO Written out 9600000 reads
2024-03-18 19:45:26,863 INFO Written out 9700000 reads
2024-03-18 19:45:27,211 INFO Parsed 10000000 input reads
2024-03-18 19:45:27,562 INFO Written out 9800000 reads
2024-03-18 19:45:28,261 INFO Written out 9900000 reads
2024-03-18 19:45:41,955 INFO Written out 10000000 reads
2024-03-18 19:45:47,529 INFO Written out 10100000 reads
2024-03-18 19:45:48,238 INFO Written out 10200000 reads
2024-03-18 19:45:48,946 INFO Written out 10300000 reads
2024-03-18 19:45:49,654 INFO Written out 10400000 reads
2024-03-18 19:45:50,326 INFO Written out 10500000 reads
2024-03-18 19:45:50,681 INFO Written out 10600000 reads
2024-03-18 19:45:51,154 INFO Written out 10700000 reads
2024-03-18 19:45:51,324 INFO Parsed 11000000 input reads
2024-03-18 19:45:51,857 INFO Written out 10800000 reads
2024-03-18 19:45:52,555 INFO Written out 10900000 reads
2024-03-18 19:45:53,250 INFO Written out 11000000 reads
2024-03-18 19:45:53,950 INFO Written out 11100000 reads
2024-03-18 19:45:54,650 INFO Written out 11200000 reads
2024-03-18 19:46:05,981 INFO Written out 11300000 reads
2024-03-18 19:46:06,669 INFO Written out 11400000 reads
2024-03-18 19:46:07,374 INFO Written out 11500000 reads
2024-03-18 19:46:08,075 INFO Written out 11600000 reads
2024-03-18 19:46:08,774 INFO Parsed 12000000 input reads
2024-03-18 19:46:08,776 INFO Written out 11700000 reads
2024-03-18 19:46:09,471 INFO Written out 11800000 reads
2024-03-18 19:46:10,173 INFO Written out 11900000 reads
2024-03-18 19:46:10,874 INFO Written out 12000000 reads
2024-03-18 19:46:11,580 INFO Written out 12100000 reads
2024-03-18 19:47:03,436 INFO Written out 12200000 reads
2024-03-18 19:47:04,216 INFO Written out 12300000 reads
2024-03-18 19:47:04,913 INFO Written out 12400000 reads
2024-03-18 19:47:05,620 INFO Written out 12500000 reads
2024-03-18 19:47:06,311 INFO Written out 12600000 reads
2024-03-18 19:47:06,833 INFO Parsed 13000000 input reads
2024-03-18 19:47:07,016 INFO Written out 12700000 reads
2024-03-18 19:47:07,713 INFO Written out 12800000 reads
2024-03-18 19:47:08,367 INFO Written out 12900000 reads
2024-03-18 19:47:08,722 INFO Written out 13000000 reads
2024-03-18 19:47:09,088 INFO Written out 13100000 reads
2024-03-18 19:47:09,457 INFO Written out 13200000 reads
2024-03-18 19:47:09,831 INFO Written out 13300000 reads
2024-03-18 19:47:14,969 INFO Written out 13400000 reads
2024-03-18 19:47:15,334 INFO Written out 13500000 reads
2024-03-18 19:47:15,702 INFO Written out 13600000 reads
2024-03-18 19:47:15,910 INFO Parsed 14000000 input reads
2024-03-18 19:47:16,060 INFO Written out 13700000 reads
2024-03-18 19:47:16,426 INFO Written out 13800000 reads
2024-03-18 19:47:16,801 INFO Written out 13900000 reads
2024-03-18 19:47:17,163 INFO Written out 14000000 reads
2024-03-18 19:47:17,520 INFO Written out 14100000 reads
2024-03-18 19:47:17,885 INFO Written out 14200000 reads
2024-03-18 19:47:18,240 INFO Written out 14300000 reads
2024-03-18 19:47:18,596 INFO Written out 14400000 reads
2024-03-18 19:47:18,952 INFO Written out 14500000 reads
2024-03-18 19:47:19,324 INFO Written out 14600000 reads
2024-03-18 19:47:19,447 INFO Parsed 15000000 input reads
2024-03-18 19:47:19,670 INFO Written out 14700000 reads
2024-03-18 19:47:20,018 INFO Written out 14800000 reads
2024-03-18 19:47:20,376 INFO Written out 14900000 reads
2024-03-18 19:47:20,725 INFO Written out 15000000 reads
2024-03-18 19:47:21,077 INFO Written out 15100000 reads
2024-03-18 19:47:21,445 INFO Written out 15200000 reads
2024-03-18 19:47:21,812 INFO Written out 15300000 reads
2024-03-18 19:47:22,185 INFO Written out 15400000 reads
2024-03-18 19:47:22,553 INFO Written out 15500000 reads
2024-03-18 19:47:22,918 INFO Written out 15600000 reads
2024-03-18 19:47:22,990 INFO Parsed 16000000 input reads
2024-03-18 19:47:23,285 INFO Written out 15700000 reads
2024-03-18 19:47:23,643 INFO Written out 15800000 reads
2024-03-18 19:47:24,010 INFO Written out 15900000 reads
2024-03-18 19:47:24,382 INFO Written out 16000000 reads
2024-03-18 19:47:24,741 INFO Written out 16100000 reads
2024-03-18 19:47:25,103 INFO Written out 16200000 reads
2024-03-18 19:47:25,466 INFO Written out 16300000 reads
2024-03-18 19:47:25,820 INFO Written out 16400000 reads
2024-03-18 19:47:26,179 INFO Written out 16500000 reads
2024-03-18 19:47:26,552 INFO Written out 16600000 reads
2024-03-18 19:47:26,579 INFO Parsed 17000000 input reads
2024-03-18 19:47:31,448 INFO Written out 16700000 reads
2024-03-18 19:47:31,822 INFO Written out 16800000 reads
2024-03-18 19:47:32,165 INFO Written out 16900000 reads
2024-03-18 19:47:32,676 INFO Written out 17000000 reads
2024-03-18 19:47:33,373 INFO Written out 17100000 reads
2024-03-18 19:47:34,072 INFO Written out 17200000 reads
2024-03-18 19:47:34,775 INFO Written out 17300000 reads
2024-03-18 19:47:35,475 INFO Written out 17400000 reads
2024-03-18 19:47:36,182 INFO Written out 17500000 reads
2024-03-18 19:47:36,755 INFO Parsed 18000000 input reads
2024-03-18 19:47:36,881 INFO Written out 17600000 reads
2024-03-18 19:47:37,650 INFO Written out 17700000 reads
2024-03-18 19:47:38,372 INFO Written out 17800000 reads
2024-03-18 19:47:57,342 INFO Written out 17900000 reads
2024-03-18 19:47:57,958 INFO Written out 18000000 reads
2024-03-18 19:47:58,300 INFO Written out 18100000 reads
2024-03-18 19:47:58,782 INFO Written out 18200000 reads
2024-03-18 19:47:59,469 INFO Written out 18300000 reads
2024-03-18 19:48:00,163 INFO Written out 18400000 reads
2024-03-18 19:48:00,861 INFO Written out 18500000 reads
2024-03-18 19:48:01,242 INFO Parsed 19000000 input reads
2024-03-18 19:48:01,556 INFO Written out 18600000 reads
2024-03-18 19:48:02,259 INFO Written out 18700000 reads
2024-03-18 19:48:02,956 INFO Written out 18800000 reads
2024-03-18 19:48:03,394 INFO Written out 18900000 reads
2024-03-18 19:48:04,211 INFO Written out 19000000 reads
2024-03-18 19:48:04,859 INFO Written out 19100000 reads
2024-03-18 19:48:05,263 INFO Written out 19200000 reads
2024-03-18 19:48:05,638 INFO Written out 19300000 reads
2024-03-18 19:48:06,109 INFO Written out 19400000 reads
2024-03-18 19:48:06,808 INFO Written out 19500000 reads
2024-03-18 19:48:07,007 INFO Parsed 20000000 input reads
2024-03-18 19:48:07,506 INFO Written out 19600000 reads
2024-03-18 19:48:08,209 INFO Written out 19700000 reads
2024-03-18 19:48:23,682 INFO Written out 19800000 reads
2024-03-18 19:48:24,381 INFO Written out 19900000 reads
2024-03-18 19:48:29,619 INFO Written out 20000000 reads
2024-03-18 19:48:30,322 INFO Written out 20100000 reads
2024-03-18 19:48:30,821 INFO Written out 20200000 reads
2024-03-18 19:48:31,624 INFO Written out 20300000 reads
2024-03-18 19:48:31,967 INFO Written out 20400000 reads
2024-03-18 19:48:32,523 INFO Parsed 21000000 input reads
2024-03-18 19:48:32,531 INFO Written out 20500000 reads
2024-03-18 19:48:33,229 INFO Written out 20600000 reads
2024-03-18 19:48:33,930 INFO Written out 20700000 reads
2024-03-18 19:48:34,630 INFO Written out 20800000 reads
2024-03-18 19:48:35,320 INFO Written out 20900000 reads
2024-03-18 19:48:36,031 INFO Written out 21000000 reads
2024-03-18 19:48:36,730 INFO Written out 21100000 reads
2024-03-18 19:48:58,846 INFO Written out 21200000 reads
2024-03-18 19:48:59,190 INFO Written out 21300000 reads
2024-03-18 19:48:59,535 INFO Written out 21400000 reads
2024-03-18 19:48:59,955 INFO Parsed 22000000 input reads
2024-03-18 19:49:00,125 INFO Written out 21500000 reads
2024-03-18 19:49:00,824 INFO Written out 21600000 reads
2024-03-18 19:49:01,525 INFO Written out 21700000 reads
2024-03-18 19:49:02,224 INFO Written out 21800000 reads
2024-03-18 19:49:02,945 INFO Written out 21900000 reads
2024-03-18 19:49:03,425 INFO Written out 22000000 reads
2024-03-18 19:49:03,920 INFO Written out 22100000 reads
2024-03-18 19:49:04,617 INFO Written out 22200000 reads
2024-03-18 19:49:05,321 INFO Written out 22300000 reads
2024-03-18 19:49:06,020 INFO Written out 22400000 reads
2024-03-18 19:49:06,373 INFO Parsed 23000000 input reads
2024-03-18 19:49:06,728 INFO Written out 22500000 reads
2024-03-18 19:49:07,422 INFO Written out 22600000 reads
2024-03-18 19:49:08,089 INFO Written out 22700000 reads
2024-03-18 19:49:08,794 INFO Written out 22800000 reads
2024-03-18 19:49:09,491 INFO Written out 22900000 reads
2024-03-18 19:49:10,188 INFO Written out 23000000 reads
2024-03-18 19:49:10,780 INFO Written out 23100000 reads
2024-03-18 19:49:11,124 INFO Written out 23200000 reads
2024-03-18 19:49:32,523 INFO Written out 23300000 reads
2024-03-18 19:49:33,185 INFO Written out 23400000 reads
2024-03-18 19:49:33,352 INFO Parsed 24000000 input reads
2024-03-18 19:49:33,849 INFO Written out 23500000 reads
2024-03-18 19:49:34,509 INFO Written out 23600000 reads
2024-03-18 19:49:35,174 INFO Written out 23700000 reads
2024-03-18 19:49:35,834 INFO Written out 23800000 reads
2024-03-18 19:49:36,497 INFO Written out 23900000 reads
2024-03-18 19:49:36,907 INFO Written out 24000000 reads
2024-03-18 19:49:37,510 INFO Written out 24100000 reads
2024-03-18 19:49:38,175 INFO Written out 24200000 reads
2024-03-18 19:49:38,836 INFO Written out 24300000 reads
2024-03-18 19:49:39,485 INFO Parsed 25000000 input reads
2024-03-18 19:49:39,493 INFO Written out 24400000 reads
2024-03-18 19:49:40,154 INFO Written out 24500000 reads
2024-03-18 19:49:40,816 INFO Written out 24600000 reads
2024-03-18 19:49:41,468 INFO Written out 24700000 reads
2024-03-18 19:49:42,135 INFO Written out 24800000 reads
2024-03-18 19:49:42,145 INFO Reads: Input Reads: 25411640
2024-03-18 19:49:42,145 INFO Number of reads out: 24800897
2024-03-18 19:49:42,145 INFO Total number of positions deduplicated: 10399861
2024-03-18 19:49:42,145 INFO Mean number of unique UMIs per position: 2.38
2024-03-18 19:49:42,145 INFO Max. number of unique UMIs per position: 25993
# job finished in 433 seconds at Mon Mar 18 19:49:42 2024 -- 389.55 11.30  0.00  0.00 -- b0ea93d9-b578-4fcf-ab1d-b0ee9b2dbbd9
