Streaming uncompressed  reads to STDOUT...

Read1 before filtering:
total reads: 29952028
total bases: 1527553428
Q20 bases: 1413688444(92.5459%)
Q30 bases: 1370723464(89.7333%)

Read1 after filtering:
total reads: 29413324
total bases: 1496677481
Q20 bases: 1396639470(93.316%)
Q30 bases: 1355470491(90.5653%)

Filtering result:
reads passed filter: 29413324
reads failed due to low quality: 513615
reads failed due to too many N: 5272
reads failed due to too short: 19817
reads with adapter trimmed: 227900
bases trimmed due to adapters: 3346056

Duplication rate (may be overestimated since this is SE data): 25.9339%

JSON report: fastp.json
HTML report: fastp_3.html

fastp --in1 tmp2_R1.fastq.gz --adapter_sequence=AGATCGGAAGAGCACACGTCTGAACTCCAGTCA --adapter_fasta /home/robert/Research/Manuscripts/My_manuscripts/23-09-Chromatin_remodeler_Impact_on_MRX_nicking/Data_Analyses_and_Figures/S1-seq/01_Raw_data/2nd_Adpt_linkers.fa -h fastp_3.html --stdout 
fastp v0.20.1, time used: 592 seconds
