Read1 before filtering:
total reads: 29952028
total bases: 1527553428
Q20 bases: 1413688444(92.5459%)
Q30 bases: 1370723464(89.7333%)

Read2 before filtering:
total reads: 29952028
total bases: 778752728
Q20 bases: 714544491(91.755%)
Q30 bases: 673411086(86.473%)

Read1 after filtering:
total reads: 29952028
total bases: 1527553428
Q20 bases: 1413688444(92.5459%)
Q30 bases: 1370723464(89.7333%)

Read2 aftering filtering:
total reads: 29952028
total bases: 419328392
Q20 bases: 374595777(89.3323%)
Q30 bases: 345590451(82.4152%)

Filtering result:
reads passed filter: 59904056
reads failed due to low quality: 0
reads failed due to too many N: 0

Duplication rate: 0%

Insert size peak (evaluated by paired-end reads): 51

JSON report: fastp.json
HTML report: fastp_2.html

fastp --in1 tmp_R1.fastq.gz --in2 tmp_R2.fastq.gz --out1 tmp2_R1.fastq.gz --out2 tmp2_R2.fastq.gz --umi --umi_loc=read2 --umi_len=12 --disable_adapter_trimming --disable_quality_filtering --disable_trim_poly_g --disable_length_filtering -h fastp_2.html 
fastp v0.20.1, time used: 117 seconds
