# UMI-tools version: 1.0.0
# output generated by dedup --stdin=tmp_2.bam --umi-separator=: --no-sort-output --log=umi_tools.log --method=unique
# job started at Tue Mar 19 06:42:35 2024 on thinkpad -- 6917ef9a-1b3c-4861-acc9-7da067616e3b
# pid: 6561, system: Linux 5.15.0-100-generic #110-Ubuntu SMP Wed Feb 7 13:27:48 UTC 2024 x86_64
# assigned_tag                            : None
# cell_tag                                : None
# cell_tag_delim                          : None
# cell_tag_split                          : -
# chimeric_pairs                          : use
# chrom                                   : None
# compresslevel                           : 6
# detection_method                        : None
# gene_tag                                : None
# gene_transcript_map                     : None
# get_umi_method                          : read_id
# ignore_umi                              : False
# in_sam                                  : False
# log2stderr                              : False
# loglevel                                : 1
# mapping_quality                         : 0
# method                                  : unique
# no_sort_output                          : True
# out_sam                                 : False
# output_unmapped                         : False
# paired                                  : False
# per_cell                                : False
# per_contig                              : False
# per_gene                                : False
# random_seed                             : None
# read_length                             : False
# short_help                              : None
# skip_regex                              : ^(__|Unassigned)
# soft_clip_threshold                     : 4
# spliced                                 : False
# stats                                   : False
# stderr                                  : <_io.TextIOWrapper name='<stderr>' mode='w' encoding='UTF-8'>
# stdin                                   : <_io.TextIOWrapper name='tmp_2.bam' mode='r' encoding='UTF-8'>
# stdlog                                  : <_io.TextIOWrapper name='umi_tools.log' mode='a' encoding='UTF-8'>
# stdout                                  : <_io.TextIOWrapper name='<stdout>' mode='w' encoding='UTF-8'>
# subset                                  : None
# threshold                               : 1
# timeit_file                             : None
# timeit_header                           : None
# timeit_name                             : all
# tmpdir                                  : None
# umi_sep                                 : :
# umi_tag                                 : RX
# umi_tag_delim                           : None
# umi_tag_split                           : None
# unmapped_reads                          : discard
# unpaired_reads                          : use
# whole_contig                            : False
2024-03-19 06:42:35,115 INFO command: dedup --stdin=tmp_2.bam --umi-separator=: --no-sort-output --log=umi_tools.log --method=unique
2024-03-19 06:42:37,459 INFO Written out 100000 reads
2024-03-19 06:42:44,509 INFO Written out 200000 reads
2024-03-19 06:42:45,286 INFO Written out 300000 reads
2024-03-19 06:42:45,809 INFO Written out 400000 reads
2024-03-19 06:42:46,574 INFO Written out 500000 reads
2024-03-19 06:42:47,351 INFO Written out 600000 reads
2024-03-19 06:42:50,704 INFO Written out 700000 reads
2024-03-19 06:42:51,371 INFO Written out 800000 reads
2024-03-19 06:43:03,199 INFO Written out 900000 reads
2024-03-19 06:43:03,802 INFO Parsed 1000000 input reads
2024-03-19 06:43:03,975 INFO Written out 1000000 reads
2024-03-19 06:43:04,748 INFO Written out 1100000 reads
2024-03-19 06:43:05,498 INFO Written out 1200000 reads
2024-03-19 06:43:06,267 INFO Written out 1300000 reads
2024-03-19 06:43:07,044 INFO Written out 1400000 reads
2024-03-19 06:43:07,819 INFO Written out 1500000 reads
2024-03-19 06:43:08,606 INFO Written out 1600000 reads
2024-03-19 06:43:09,393 INFO Written out 1700000 reads
2024-03-19 06:43:14,187 INFO Written out 1800000 reads
2024-03-19 06:43:14,818 INFO Written out 1900000 reads
2024-03-19 06:43:15,248 INFO Parsed 2000000 input reads
2024-03-19 06:43:15,592 INFO Written out 2000000 reads
2024-03-19 06:43:16,319 INFO Written out 2100000 reads
2024-03-19 06:43:18,835 INFO Written out 2200000 reads
2024-03-19 06:43:27,445 INFO Written out 2300000 reads
2024-03-19 06:43:28,224 INFO Written out 2400000 reads
2024-03-19 06:43:29,006 INFO Written out 2500000 reads
2024-03-19 06:43:29,646 INFO Written out 2600000 reads
2024-03-19 06:43:30,408 INFO Written out 2700000 reads
2024-03-19 06:43:31,177 INFO Written out 2800000 reads
2024-03-19 06:43:31,948 INFO Written out 2900000 reads
2024-03-19 06:43:32,208 INFO Parsed 3000000 input reads
2024-03-19 06:43:36,637 INFO Written out 3000000 reads
2024-03-19 06:43:37,413 INFO Written out 3100000 reads
2024-03-19 06:43:38,197 INFO Written out 3200000 reads
2024-03-19 06:43:42,209 INFO Written out 3300000 reads
2024-03-19 06:43:47,919 INFO Written out 3400000 reads
2024-03-19 06:43:48,691 INFO Written out 3500000 reads
2024-03-19 06:43:54,709 INFO Written out 3600000 reads
2024-03-19 06:43:55,470 INFO Written out 3700000 reads
2024-03-19 06:43:56,324 INFO Written out 3800000 reads
2024-03-19 06:43:57,094 INFO Written out 3900000 reads
2024-03-19 06:43:57,189 INFO Parsed 4000000 input reads
2024-03-19 06:43:57,878 INFO Written out 4000000 reads
2024-03-19 06:44:03,107 INFO Written out 4100000 reads
2024-03-19 06:44:03,878 INFO Written out 4200000 reads
2024-03-19 06:44:04,647 INFO Written out 4300000 reads
2024-03-19 06:44:25,491 INFO Written out 4400000 reads
2024-03-19 06:44:26,269 INFO Written out 4500000 reads
2024-03-19 06:44:27,045 INFO Written out 4600000 reads
2024-03-19 06:44:27,568 INFO Written out 4700000 reads
2024-03-19 06:44:27,958 INFO Written out 4800000 reads
2024-03-19 06:44:28,315 INFO Parsed 5000000 input reads
2024-03-19 06:44:28,345 INFO Written out 4900000 reads
2024-03-19 06:44:28,725 INFO Written out 5000000 reads
2024-03-19 06:44:29,105 INFO Written out 5100000 reads
2024-03-19 06:44:29,483 INFO Written out 5200000 reads
2024-03-19 06:44:29,851 INFO Written out 5300000 reads
2024-03-19 06:44:30,207 INFO Written out 5400000 reads
2024-03-19 06:44:30,568 INFO Written out 5500000 reads
2024-03-19 06:44:30,944 INFO Written out 5600000 reads
2024-03-19 06:44:31,333 INFO Written out 5700000 reads
2024-03-19 06:44:31,710 INFO Written out 5800000 reads
2024-03-19 06:44:32,011 INFO Parsed 6000000 input reads
2024-03-19 06:44:32,097 INFO Written out 5900000 reads
2024-03-19 06:44:32,472 INFO Written out 6000000 reads
2024-03-19 06:44:32,841 INFO Written out 6100000 reads
2024-03-19 06:44:33,300 INFO Written out 6200000 reads
2024-03-19 06:44:34,057 INFO Written out 6300000 reads
2024-03-19 06:44:34,830 INFO Written out 6400000 reads
2024-03-19 06:44:35,604 INFO Written out 6500000 reads
2024-03-19 06:44:42,968 INFO Written out 6600000 reads
2024-03-19 06:44:48,506 INFO Written out 6700000 reads
2024-03-19 06:44:49,272 INFO Written out 6800000 reads
2024-03-19 06:44:49,694 INFO Parsed 7000000 input reads
2024-03-19 06:44:50,015 INFO Written out 6900000 reads
2024-03-19 06:44:50,711 INFO Written out 7000000 reads
2024-03-19 06:44:57,468 INFO Written out 7100000 reads
2024-03-19 06:44:58,251 INFO Written out 7200000 reads
2024-03-19 06:44:58,859 INFO Written out 7300000 reads
2024-03-19 06:44:59,623 INFO Written out 7400000 reads
2024-03-19 06:45:00,391 INFO Written out 7500000 reads
2024-03-19 06:45:08,803 INFO Written out 7600000 reads
2024-03-19 06:45:09,570 INFO Written out 7700000 reads
2024-03-19 06:45:10,284 INFO Written out 7800000 reads
2024-03-19 06:45:10,564 INFO Parsed 8000000 input reads
2024-03-19 06:45:11,056 INFO Written out 7900000 reads
2024-03-19 06:45:11,825 INFO Written out 8000000 reads
2024-03-19 06:45:12,593 INFO Written out 8100000 reads
2024-03-19 06:45:13,320 INFO Written out 8200000 reads
2024-03-19 06:45:20,870 INFO Written out 8300000 reads
2024-03-19 06:45:21,594 INFO Written out 8400000 reads
2024-03-19 06:45:22,298 INFO Written out 8500000 reads
2024-03-19 06:45:23,015 INFO Written out 8600000 reads
2024-03-19 06:45:23,725 INFO Written out 8700000 reads
2024-03-19 06:45:24,143 INFO Reads: Input Reads: 8943409
2024-03-19 06:45:24,143 INFO Number of reads out: 8758986
2024-03-19 06:45:24,143 INFO Total number of positions deduplicated: 5244835
2024-03-19 06:45:24,143 INFO Mean number of unique UMIs per position: 1.67
2024-03-19 06:45:24,143 INFO Max. number of unique UMIs per position: 56114
# job finished in 169 seconds at Tue Mar 19 06:45:24 2024 -- 154.77  4.76  0.00  0.00 -- 6917ef9a-1b3c-4861-acc9-7da067616e3b
