Streaming uncompressed  reads to STDOUT...

Read1 before filtering:
total reads: 25806554
total bases: 1316134254
Q20 bases: 1215855982(92.3808%)
Q30 bases: 1178821808(89.567%)

Read1 after filtering:
total reads: 25283725
total bases: 1286748376
Q20 bases: 1200013768(93.2594%)
Q30 bases: 1164730552(90.5174%)

Filtering result:
reads passed filter: 25283725
reads failed due to low quality: 505524
reads failed due to too many N: 4606
reads failed due to too short: 12699
reads with adapter trimmed: 177651
bases trimmed due to adapters: 2492956

Duplication rate (may be overestimated since this is SE data): 25.856%

JSON report: fastp.json
HTML report: fastp_3.html

fastp --in1 tmp2_R1.fastq.gz --adapter_sequence=AGATCGGAAGAGCACACGTCTGAACTCCAGTCA --adapter_fasta /home/robert/Research/Manuscripts/My_manuscripts/23-09-Chromatin_remodeler_Impact_on_MRX_nicking/Data_Analyses_and_Figures/S1-seq/01_Raw_data/2nd_Adpt_linkers.fa -h fastp_3.html --stdout 
fastp v0.20.1, time used: 532 seconds
