Read1 before filtering:
total reads: 25806554
total bases: 1316134254
Q20 bases: 1215855982(92.3808%)
Q30 bases: 1178821808(89.567%)

Read2 before filtering:
total reads: 25806554
total bases: 670970404
Q20 bases: 611283195(91.1043%)
Q30 bases: 574460494(85.6164%)

Read1 after filtering:
total reads: 25806554
total bases: 1316134254
Q20 bases: 1215855982(92.3808%)
Q30 bases: 1178821808(89.567%)

Read2 aftering filtering:
total reads: 25806554
total bases: 361291756
Q20 bases: 320323293(88.6606%)
Q30 bases: 294765134(81.5865%)

Filtering result:
reads passed filter: 51613108
reads failed due to low quality: 0
reads failed due to too many N: 0

Duplication rate: 0%

Insert size peak (evaluated by paired-end reads): 51

JSON report: fastp.json
HTML report: fastp_2.html

fastp --in1 tmp_R1.fastq.gz --in2 tmp_R2.fastq.gz --out1 tmp2_R1.fastq.gz --out2 tmp2_R2.fastq.gz --umi --umi_loc=read2 --umi_len=12 --disable_adapter_trimming --disable_quality_filtering --disable_trim_poly_g --disable_length_filtering -h fastp_2.html 
fastp v0.20.1, time used: 103 seconds
