# UMI-tools version: 1.0.0
# output generated by dedup --stdin=tmp_2.bam --umi-separator=: --no-sort-output --log=umi_tools.log --method=unique
# job started at Mon Mar 18 22:10:41 2024 on thinkpad -- 5faa636c-3b95-478c-83e2-ef9846592de1
# pid: 15253, system: Linux 5.15.0-100-generic #110-Ubuntu SMP Wed Feb 7 13:27:48 UTC 2024 x86_64
# assigned_tag                            : None
# cell_tag                                : None
# cell_tag_delim                          : None
# cell_tag_split                          : -
# chimeric_pairs                          : use
# chrom                                   : None
# compresslevel                           : 6
# detection_method                        : None
# gene_tag                                : None
# gene_transcript_map                     : None
# get_umi_method                          : read_id
# ignore_umi                              : False
# in_sam                                  : False
# log2stderr                              : False
# loglevel                                : 1
# mapping_quality                         : 0
# method                                  : unique
# no_sort_output                          : True
# out_sam                                 : False
# output_unmapped                         : False
# paired                                  : False
# per_cell                                : False
# per_contig                              : False
# per_gene                                : False
# random_seed                             : None
# read_length                             : False
# short_help                              : None
# skip_regex                              : ^(__|Unassigned)
# soft_clip_threshold                     : 4
# spliced                                 : False
# stats                                   : False
# stderr                                  : <_io.TextIOWrapper name='<stderr>' mode='w' encoding='UTF-8'>
# stdin                                   : <_io.TextIOWrapper name='tmp_2.bam' mode='r' encoding='UTF-8'>
# stdlog                                  : <_io.TextIOWrapper name='umi_tools.log' mode='a' encoding='UTF-8'>
# stdout                                  : <_io.TextIOWrapper name='<stdout>' mode='w' encoding='UTF-8'>
# subset                                  : None
# threshold                               : 1
# timeit_file                             : None
# timeit_header                           : None
# timeit_name                             : all
# tmpdir                                  : None
# umi_sep                                 : :
# umi_tag                                 : RX
# umi_tag_delim                           : None
# umi_tag_split                           : None
# unmapped_reads                          : discard
# unpaired_reads                          : use
# whole_contig                            : False
2024-03-18 22:10:41,229 INFO command: dedup --stdin=tmp_2.bam --umi-separator=: --no-sort-output --log=umi_tools.log --method=unique
2024-03-18 22:10:43,256 INFO Written out 100000 reads
2024-03-18 22:10:49,129 INFO Written out 200000 reads
2024-03-18 22:10:49,771 INFO Written out 300000 reads
2024-03-18 22:10:50,536 INFO Written out 400000 reads
2024-03-18 22:10:51,355 INFO Written out 500000 reads
2024-03-18 22:10:54,688 INFO Written out 600000 reads
2024-03-18 22:10:55,230 INFO Written out 700000 reads
2024-03-18 22:11:04,237 INFO Written out 800000 reads
2024-03-18 22:11:05,026 INFO Written out 900000 reads
2024-03-18 22:11:05,642 INFO Parsed 1000000 input reads
2024-03-18 22:11:05,793 INFO Written out 1000000 reads
2024-03-18 22:11:06,572 INFO Written out 1100000 reads
2024-03-18 22:11:07,362 INFO Written out 1200000 reads
2024-03-18 22:11:08,193 INFO Written out 1300000 reads
2024-03-18 22:11:09,031 INFO Written out 1400000 reads
2024-03-18 22:11:13,947 INFO Written out 1500000 reads
2024-03-18 22:11:14,508 INFO Written out 1600000 reads
2024-03-18 22:11:15,324 INFO Written out 1700000 reads
2024-03-18 22:11:16,095 INFO Written out 1800000 reads
2024-03-18 22:11:18,274 INFO Written out 1900000 reads
2024-03-18 22:11:25,345 INFO Parsed 2000000 input reads
2024-03-18 22:11:25,694 INFO Written out 2000000 reads
2024-03-18 22:11:26,524 INFO Written out 2100000 reads
2024-03-18 22:11:27,168 INFO Written out 2200000 reads
2024-03-18 22:11:27,967 INFO Written out 2300000 reads
2024-03-18 22:11:28,789 INFO Written out 2400000 reads
2024-03-18 22:11:32,440 INFO Written out 2500000 reads
2024-03-18 22:11:33,217 INFO Written out 2600000 reads
2024-03-18 22:11:34,037 INFO Written out 2700000 reads
2024-03-18 22:11:37,796 INFO Written out 2800000 reads
2024-03-18 22:11:38,487 INFO Written out 2900000 reads
2024-03-18 22:11:38,781 INFO Parsed 3000000 input reads
2024-03-18 22:11:39,271 INFO Written out 3000000 reads
2024-03-18 22:11:44,460 INFO Written out 3100000 reads
2024-03-18 22:11:45,191 INFO Written out 3200000 reads
2024-03-18 22:11:45,777 INFO Written out 3300000 reads
2024-03-18 22:11:51,810 INFO Written out 3400000 reads
2024-03-18 22:11:56,200 INFO Written out 3500000 reads
2024-03-18 22:11:56,987 INFO Written out 3600000 reads
2024-03-18 22:11:57,781 INFO Written out 3700000 reads
2024-03-18 22:12:12,984 INFO Written out 3800000 reads
2024-03-18 22:12:13,767 INFO Written out 3900000 reads
2024-03-18 22:12:13,899 INFO Parsed 4000000 input reads
2024-03-18 22:12:14,249 INFO Written out 4000000 reads
2024-03-18 22:12:14,651 INFO Written out 4100000 reads
2024-03-18 22:12:15,048 INFO Written out 4200000 reads
2024-03-18 22:12:15,438 INFO Written out 4300000 reads
2024-03-18 22:12:15,811 INFO Written out 4400000 reads
2024-03-18 22:12:16,192 INFO Written out 4500000 reads
2024-03-18 22:12:16,593 INFO Written out 4600000 reads
2024-03-18 22:12:16,989 INFO Written out 4700000 reads
2024-03-18 22:12:17,379 INFO Written out 4800000 reads
2024-03-18 22:12:17,821 INFO Written out 4900000 reads
2024-03-18 22:12:17,833 INFO Parsed 5000000 input reads
2024-03-18 22:12:18,491 INFO Written out 5000000 reads
2024-03-18 22:12:19,269 INFO Written out 5100000 reads
2024-03-18 22:12:25,381 INFO Written out 5200000 reads
2024-03-18 22:12:26,177 INFO Written out 5300000 reads
2024-03-18 22:12:26,990 INFO Written out 5400000 reads
2024-03-18 22:12:27,745 INFO Written out 5500000 reads
2024-03-18 22:12:28,427 INFO Written out 5600000 reads
2024-03-18 22:12:34,083 INFO Written out 5700000 reads
2024-03-18 22:12:34,869 INFO Written out 5800000 reads
2024-03-18 22:12:35,178 INFO Parsed 6000000 input reads
2024-03-18 22:12:35,319 INFO Written out 5900000 reads
2024-03-18 22:12:36,103 INFO Written out 6000000 reads
2024-03-18 22:12:36,891 INFO Written out 6100000 reads
2024-03-18 22:12:44,750 INFO Written out 6200000 reads
2024-03-18 22:12:45,528 INFO Written out 6300000 reads
2024-03-18 22:12:46,248 INFO Written out 6400000 reads
2024-03-18 22:12:47,035 INFO Written out 6500000 reads
2024-03-18 22:12:47,818 INFO Written out 6600000 reads
2024-03-18 22:12:53,250 INFO Written out 6700000 reads
2024-03-18 22:12:59,034 INFO Written out 6800000 reads
2024-03-18 22:12:59,488 INFO Parsed 7000000 input reads
2024-03-18 22:12:59,777 INFO Written out 6900000 reads
2024-03-18 22:13:00,495 INFO Written out 7000000 reads
2024-03-18 22:13:01,238 INFO Written out 7100000 reads
2024-03-18 22:13:01,938 INFO Reads: Input Reads: 7341372
2024-03-18 22:13:01,938 INFO Number of reads out: 7195400
2024-03-18 22:13:01,938 INFO Total number of positions deduplicated: 4392188
2024-03-18 22:13:01,938 INFO Mean number of unique UMIs per position: 1.64
2024-03-18 22:13:01,938 INFO Max. number of unique UMIs per position: 6477
# job finished in 140 seconds at Mon Mar 18 22:13:01 2024 -- 126.94  4.01  0.00  0.00 -- 5faa636c-3b95-478c-83e2-ef9846592de1
