Read1 before filtering:
total reads: 26807682
total bases: 1367191782
Q20 bases: 1258518197(92.0513%)
Q30 bases: 1218215326(89.1035%)

Read2 before filtering:
total reads: 26807682
total bases: 696999732
Q20 bases: 638149089(91.5566%)
Q30 bases: 601002048(86.227%)

Read1 after filtering:
total reads: 26807682
total bases: 1367191782
Q20 bases: 1258518197(92.0513%)
Q30 bases: 1218215326(89.1035%)

Read2 aftering filtering:
total reads: 26807682
total bases: 375307548
Q20 bases: 334521055(89.1325%)
Q30 bases: 308341420(82.157%)

Filtering result:
reads passed filter: 53615364
reads failed due to low quality: 0
reads failed due to too many N: 0

Duplication rate: 0%

Insert size peak (evaluated by paired-end reads): 51

JSON report: fastp.json
HTML report: fastp_2.html

fastp --in1 tmp_R1.fastq.gz --in2 tmp_R2.fastq.gz --out1 tmp2_R1.fastq.gz --out2 tmp2_R2.fastq.gz --umi --umi_loc=read2 --umi_len=12 --disable_adapter_trimming --disable_quality_filtering --disable_trim_poly_g --disable_length_filtering -h fastp_2.html 
fastp v0.20.1, time used: 106 seconds
