Streaming uncompressed  reads to STDOUT...

Read1 before filtering:
total reads: 26807682
total bases: 1367191782
Q20 bases: 1258518197(92.0513%)
Q30 bases: 1218215326(89.1035%)

Read1 after filtering:
total reads: 26224033
total bases: 1334518302
Q20 bases: 1240789942(92.9766%)
Q30 bases: 1202435912(90.1026%)

Filtering result:
reads passed filter: 26224033
reads failed due to low quality: 560856
reads failed due to too many N: 4657
reads failed due to too short: 18136
reads with adapter trimmed: 218080
bases trimmed due to adapters: 3073451

Duplication rate (may be overestimated since this is SE data): 27.3382%

JSON report: fastp.json
HTML report: fastp_3.html

fastp --in1 tmp2_R1.fastq.gz --adapter_sequence=AGATCGGAAGAGCACACGTCTGAACTCCAGTCA --adapter_fasta /home/robert/Research/Manuscripts/My_manuscripts/23-09-Chromatin_remodeler_Impact_on_MRX_nicking/Data_Analyses_and_Figures/S1-seq/01_Raw_data/2nd_Adpt_linkers.fa -h fastp_3.html --stdout 
fastp v0.20.1, time used: 529 seconds
