# UMI-tools version: 1.0.0
# output generated by dedup --stdin=tmp_2.bam --umi-separator=: --no-sort-output --log=umi_tools.log --method=unique
# job started at Tue Mar 19 13:39:37 2024 on thinkpad -- 78505d3c-00d9-4f91-b7f6-eeda191da936
# pid: 9494, system: Linux 5.15.0-100-generic #110-Ubuntu SMP Wed Feb 7 13:27:48 UTC 2024 x86_64
# assigned_tag                            : None
# cell_tag                                : None
# cell_tag_delim                          : None
# cell_tag_split                          : -
# chimeric_pairs                          : use
# chrom                                   : None
# compresslevel                           : 6
# detection_method                        : None
# gene_tag                                : None
# gene_transcript_map                     : None
# get_umi_method                          : read_id
# ignore_umi                              : False
# in_sam                                  : False
# log2stderr                              : False
# loglevel                                : 1
# mapping_quality                         : 0
# method                                  : unique
# no_sort_output                          : True
# out_sam                                 : False
# output_unmapped                         : False
# paired                                  : False
# per_cell                                : False
# per_contig                              : False
# per_gene                                : False
# random_seed                             : None
# read_length                             : False
# short_help                              : None
# skip_regex                              : ^(__|Unassigned)
# soft_clip_threshold                     : 4
# spliced                                 : False
# stats                                   : False
# stderr                                  : <_io.TextIOWrapper name='<stderr>' mode='w' encoding='UTF-8'>
# stdin                                   : <_io.TextIOWrapper name='tmp_2.bam' mode='r' encoding='UTF-8'>
# stdlog                                  : <_io.TextIOWrapper name='umi_tools.log' mode='a' encoding='UTF-8'>
# stdout                                  : <_io.TextIOWrapper name='<stdout>' mode='w' encoding='UTF-8'>
# subset                                  : None
# threshold                               : 1
# timeit_file                             : None
# timeit_header                           : None
# timeit_name                             : all
# tmpdir                                  : None
# umi_sep                                 : :
# umi_tag                                 : RX
# umi_tag_delim                           : None
# umi_tag_split                           : None
# unmapped_reads                          : discard
# unpaired_reads                          : use
# whole_contig                            : False
2024-03-19 13:39:37,357 INFO command: dedup --stdin=tmp_2.bam --umi-separator=: --no-sort-output --log=umi_tools.log --method=unique
2024-03-19 13:39:40,138 INFO Written out 100000 reads
2024-03-19 13:39:48,424 INFO Written out 200000 reads
2024-03-19 13:39:49,190 INFO Written out 300000 reads
2024-03-19 13:39:50,218 INFO Written out 400000 reads
2024-03-19 13:39:50,707 INFO Written out 500000 reads
2024-03-19 13:39:51,474 INFO Written out 600000 reads
2024-03-19 13:39:52,252 INFO Written out 700000 reads
2024-03-19 13:39:53,022 INFO Written out 800000 reads
2024-03-19 13:39:57,127 INFO Written out 900000 reads
2024-03-19 13:39:57,740 INFO Parsed 1000000 input reads
2024-03-19 13:39:58,038 INFO Written out 1000000 reads
2024-03-19 13:39:58,411 INFO Written out 1100000 reads
2024-03-19 13:40:12,578 INFO Written out 1200000 reads
2024-03-19 13:40:13,352 INFO Written out 1300000 reads
2024-03-19 13:40:14,125 INFO Written out 1400000 reads
2024-03-19 13:40:14,895 INFO Written out 1500000 reads
2024-03-19 13:40:15,674 INFO Written out 1600000 reads
2024-03-19 13:40:16,463 INFO Written out 1700000 reads
2024-03-19 13:40:17,246 INFO Written out 1800000 reads
2024-03-19 13:40:18,026 INFO Written out 1900000 reads
2024-03-19 13:40:18,473 INFO Parsed 2000000 input reads
2024-03-19 13:40:18,808 INFO Written out 2000000 reads
2024-03-19 13:40:19,598 INFO Written out 2100000 reads
2024-03-19 13:40:20,383 INFO Written out 2200000 reads
2024-03-19 13:40:26,319 INFO Written out 2300000 reads
2024-03-19 13:40:27,102 INFO Written out 2400000 reads
2024-03-19 13:40:27,724 INFO Written out 2500000 reads
2024-03-19 13:40:28,495 INFO Written out 2600000 reads
2024-03-19 13:40:29,210 INFO Written out 2700000 reads
2024-03-19 13:40:32,309 INFO Written out 2800000 reads
2024-03-19 13:40:33,090 INFO Written out 2900000 reads
2024-03-19 13:40:33,369 INFO Parsed 3000000 input reads
2024-03-19 13:40:44,000 INFO Written out 3000000 reads
2024-03-19 13:40:44,778 INFO Written out 3100000 reads
2024-03-19 13:40:45,561 INFO Written out 3200000 reads
2024-03-19 13:40:46,227 INFO Written out 3300000 reads
2024-03-19 13:40:52,082 INFO Written out 3400000 reads
2024-03-19 13:40:52,847 INFO Written out 3500000 reads
2024-03-19 13:40:53,619 INFO Written out 3600000 reads
2024-03-19 13:40:54,388 INFO Written out 3700000 reads
2024-03-19 13:40:55,160 INFO Written out 3800000 reads
2024-03-19 13:41:00,564 INFO Written out 3900000 reads
2024-03-19 13:41:00,688 INFO Parsed 4000000 input reads
2024-03-19 13:41:01,390 INFO Written out 4000000 reads
2024-03-19 13:41:02,230 INFO Written out 4100000 reads
2024-03-19 13:41:03,068 INFO Written out 4200000 reads
2024-03-19 13:41:07,837 INFO Written out 4300000 reads
2024-03-19 13:41:08,655 INFO Written out 4400000 reads
2024-03-19 13:41:09,473 INFO Written out 4500000 reads
2024-03-19 13:41:16,801 INFO Written out 4600000 reads
2024-03-19 13:41:17,551 INFO Written out 4700000 reads
2024-03-19 13:41:18,323 INFO Written out 4800000 reads
2024-03-19 13:41:18,954 INFO Parsed 5000000 input reads
2024-03-19 13:41:19,000 INFO Written out 4900000 reads
2024-03-19 13:41:19,771 INFO Written out 5000000 reads
2024-03-19 13:41:20,540 INFO Written out 5100000 reads
2024-03-19 13:41:27,018 INFO Written out 5200000 reads
2024-03-19 13:41:27,785 INFO Written out 5300000 reads
2024-03-19 13:41:28,559 INFO Written out 5400000 reads
2024-03-19 13:41:29,332 INFO Written out 5500000 reads
2024-03-19 13:41:30,130 INFO Written out 5600000 reads
2024-03-19 13:41:54,956 INFO Written out 5700000 reads
2024-03-19 13:41:55,724 INFO Written out 5800000 reads
2024-03-19 13:41:56,284 INFO Parsed 6000000 input reads
2024-03-19 13:41:56,492 INFO Written out 5900000 reads
2024-03-19 13:41:57,203 INFO Written out 6000000 reads
2024-03-19 13:41:57,581 INFO Written out 6100000 reads
2024-03-19 13:41:57,968 INFO Written out 6200000 reads
2024-03-19 13:41:58,351 INFO Written out 6300000 reads
2024-03-19 13:41:58,731 INFO Written out 6400000 reads
2024-03-19 13:41:59,114 INFO Written out 6500000 reads
2024-03-19 13:41:59,493 INFO Written out 6600000 reads
2024-03-19 13:42:04,936 INFO Written out 6700000 reads
2024-03-19 13:42:05,302 INFO Written out 6800000 reads
2024-03-19 13:42:05,511 INFO Parsed 7000000 input reads
2024-03-19 13:42:05,665 INFO Written out 6900000 reads
2024-03-19 13:42:06,023 INFO Written out 7000000 reads
2024-03-19 13:42:06,403 INFO Written out 7100000 reads
2024-03-19 13:42:06,790 INFO Written out 7200000 reads
2024-03-19 13:42:07,171 INFO Written out 7300000 reads
2024-03-19 13:42:07,553 INFO Written out 7400000 reads
2024-03-19 13:42:07,930 INFO Written out 7500000 reads
2024-03-19 13:42:08,309 INFO Written out 7600000 reads
2024-03-19 13:42:08,677 INFO Written out 7700000 reads
2024-03-19 13:42:09,159 INFO Written out 7800000 reads
2024-03-19 13:42:09,398 INFO Parsed 8000000 input reads
2024-03-19 13:42:09,823 INFO Written out 7900000 reads
2024-03-19 13:42:10,592 INFO Written out 8000000 reads
2024-03-19 13:42:11,363 INFO Written out 8100000 reads
2024-03-19 13:42:12,136 INFO Written out 8200000 reads
2024-03-19 13:42:20,793 INFO Written out 8300000 reads
2024-03-19 13:42:21,545 INFO Written out 8400000 reads
2024-03-19 13:42:22,312 INFO Written out 8500000 reads
2024-03-19 13:42:23,085 INFO Written out 8600000 reads
2024-03-19 13:42:23,823 INFO Written out 8700000 reads
2024-03-19 13:42:24,514 INFO Written out 8800000 reads
2024-03-19 13:42:24,700 INFO Parsed 9000000 input reads
2024-03-19 13:42:25,286 INFO Written out 8900000 reads
2024-03-19 13:42:33,002 INFO Written out 9000000 reads
2024-03-19 13:42:33,780 INFO Written out 9100000 reads
2024-03-19 13:42:34,603 INFO Written out 9200000 reads
2024-03-19 13:42:35,123 INFO Written out 9300000 reads
2024-03-19 13:42:35,881 INFO Written out 9400000 reads
2024-03-19 13:42:36,639 INFO Written out 9500000 reads
2024-03-19 13:42:47,340 INFO Written out 9600000 reads
2024-03-19 13:42:48,011 INFO Written out 9700000 reads
2024-03-19 13:42:48,784 INFO Written out 9800000 reads
2024-03-19 13:42:48,808 INFO Parsed 10000000 input reads
2024-03-19 13:42:49,532 INFO Written out 9900000 reads
2024-03-19 13:42:54,978 INFO Written out 10000000 reads
2024-03-19 13:42:55,766 INFO Written out 10100000 reads
2024-03-19 13:42:56,546 INFO Written out 10200000 reads
2024-03-19 13:42:57,313 INFO Written out 10300000 reads
2024-03-19 13:42:58,084 INFO Written out 10400000 reads
2024-03-19 13:43:06,651 INFO Written out 10500000 reads
2024-03-19 13:43:07,365 INFO Written out 10600000 reads
2024-03-19 13:43:08,080 INFO Written out 10700000 reads
2024-03-19 13:43:08,649 INFO Parsed 11000000 input reads
2024-03-19 13:43:08,777 INFO Written out 10800000 reads
2024-03-19 13:43:09,488 INFO Written out 10900000 reads
2024-03-19 13:43:10,205 INFO Written out 11000000 reads
2024-03-19 13:43:10,922 INFO Written out 11100000 reads
2024-03-19 13:43:11,361 INFO Reads: Input Reads: 11388043
2024-03-19 13:43:11,361 INFO Number of reads out: 11161517
2024-03-19 13:43:11,361 INFO Total number of positions deduplicated: 6572156
2024-03-19 13:43:11,361 INFO Mean number of unique UMIs per position: 1.70
2024-03-19 13:43:11,361 INFO Max. number of unique UMIs per position: 72890
# job finished in 214 seconds at Tue Mar 19 13:43:11 2024 -- 193.48  5.95  0.00  0.00 -- 78505d3c-00d9-4f91-b7f6-eeda191da936
