Streaming uncompressed  reads to STDOUT...

Read1 before filtering:
total reads: 16428071
total bases: 837831621
Q20 bases: 767309944(91.5828%)
Q30 bases: 741223785(88.4693%)

Read1 after filtering:
total reads: 16028931
total bases: 815745869
Q20 bases: 755460123(92.6097%)
Q30 bases: 730702354(89.5748%)

Filtering result:
reads passed filter: 16028931
reads failed due to low quality: 384529
reads failed due to too many N: 2743
reads failed due to too short: 11868
reads with adapter trimmed: 144518
bases trimmed due to adapters: 1964059

Duplication rate (may be overestimated since this is SE data): 26.2291%

JSON report: fastp.json
HTML report: fastp_3.html

fastp --in1 tmp2_R1.fastq.gz --adapter_sequence=AGATCGGAAGAGCACACGTCTGAACTCCAGTCA --adapter_fasta /home/robert/Research/Manuscripts/My_manuscripts/23-09-Chromatin_remodeler_Impact_on_MRX_nicking/Data_Analyses_and_Figures/S1-seq/01_Raw_data/2nd_Adpt_linkers.fa -h fastp_3.html --stdout 
fastp v0.20.1, time used: 312 seconds
