Read1 before filtering:
total reads: 16428071
total bases: 837831621
Q20 bases: 767309944(91.5828%)
Q30 bases: 741223785(88.4693%)

Read2 before filtering:
total reads: 16428071
total bases: 427129846
Q20 bases: 388184727(90.8821%)
Q30 bases: 364547743(85.3482%)

Read1 after filtering:
total reads: 16428071
total bases: 837831621
Q20 bases: 767309944(91.5828%)
Q30 bases: 741223785(88.4693%)

Read2 aftering filtering:
total reads: 16428071
total bases: 427129846
Q20 bases: 388184727(90.8821%)
Q30 bases: 364547743(85.3482%)

Filtering result:
reads passed filter: 32856142
reads failed due to low quality: 0
reads failed due to too many N: 0
reads failed due to too short: 0

Duplication rate: 0%

Insert size peak (evaluated by paired-end reads): 51

JSON report: fastp.json
HTML report: fastp_1.html

fastp --in1 /media/robert/One Touch/Deep_sequencing_data/Robert_Gnuegge/24-03-13-S1-seq/Merged_FastQ_files/LSY5935_0h/LSY5935_0h_R1.fastq.gz --in2 /media/robert/One Touch/Deep_sequencing_data/Robert_Gnuegge/24-03-13-S1-seq/Merged_FastQ_files/LSY5935_0h/LSY5935_0h_R2.fastq.gz --out1 tmp_R1.fastq.gz --out2 tmp_R2.fastq.gz --length_required=12 --disable_adapter_trimming --disable_quality_filtering --disable_trim_poly_g -h fastp_1.html 
fastp v0.20.1, time used: 55 seconds
