# UMI-tools version: 1.0.0
# output generated by dedup --stdin=tmp_2.bam --umi-separator=: --no-sort-output --log=umi_tools.log --method=unique
# job started at Tue Mar 19 13:22:09 2024 on thinkpad -- 93e7163d-ff9c-4fc2-9e38-42b3c5ede1b8
# pid: 9258, system: Linux 5.15.0-100-generic #110-Ubuntu SMP Wed Feb 7 13:27:48 UTC 2024 x86_64
# assigned_tag                            : None
# cell_tag                                : None
# cell_tag_delim                          : None
# cell_tag_split                          : -
# chimeric_pairs                          : use
# chrom                                   : None
# compresslevel                           : 6
# detection_method                        : None
# gene_tag                                : None
# gene_transcript_map                     : None
# get_umi_method                          : read_id
# ignore_umi                              : False
# in_sam                                  : False
# log2stderr                              : False
# loglevel                                : 1
# mapping_quality                         : 0
# method                                  : unique
# no_sort_output                          : True
# out_sam                                 : False
# output_unmapped                         : False
# paired                                  : False
# per_cell                                : False
# per_contig                              : False
# per_gene                                : False
# random_seed                             : None
# read_length                             : False
# short_help                              : None
# skip_regex                              : ^(__|Unassigned)
# soft_clip_threshold                     : 4
# spliced                                 : False
# stats                                   : False
# stderr                                  : <_io.TextIOWrapper name='<stderr>' mode='w' encoding='UTF-8'>
# stdin                                   : <_io.TextIOWrapper name='tmp_2.bam' mode='r' encoding='UTF-8'>
# stdlog                                  : <_io.TextIOWrapper name='umi_tools.log' mode='a' encoding='UTF-8'>
# stdout                                  : <_io.TextIOWrapper name='<stdout>' mode='w' encoding='UTF-8'>
# subset                                  : None
# threshold                               : 1
# timeit_file                             : None
# timeit_header                           : None
# timeit_name                             : all
# tmpdir                                  : None
# umi_sep                                 : :
# umi_tag                                 : RX
# umi_tag_delim                           : None
# umi_tag_split                           : None
# unmapped_reads                          : discard
# unpaired_reads                          : use
# whole_contig                            : False
2024-03-19 13:22:09,448 INFO command: dedup --stdin=tmp_2.bam --umi-separator=: --no-sort-output --log=umi_tools.log --method=unique
2024-03-19 13:22:11,900 INFO Written out 100000 reads
2024-03-19 13:22:18,792 INFO Written out 200000 reads
2024-03-19 13:22:19,590 INFO Written out 300000 reads
2024-03-19 13:22:20,400 INFO Written out 400000 reads
2024-03-19 13:22:21,219 INFO Written out 500000 reads
2024-03-19 13:22:22,017 INFO Written out 600000 reads
2024-03-19 13:22:24,854 INFO Written out 700000 reads
2024-03-19 13:22:25,620 INFO Written out 800000 reads
2024-03-19 13:22:37,485 INFO Written out 900000 reads
2024-03-19 13:22:38,121 INFO Parsed 1000000 input reads
2024-03-19 13:22:38,257 INFO Written out 1000000 reads
2024-03-19 13:22:39,034 INFO Written out 1100000 reads
2024-03-19 13:22:39,849 INFO Written out 1200000 reads
2024-03-19 13:22:40,669 INFO Written out 1300000 reads
2024-03-19 13:22:41,486 INFO Written out 1400000 reads
2024-03-19 13:22:42,302 INFO Written out 1500000 reads
2024-03-19 13:22:43,132 INFO Written out 1600000 reads
2024-03-19 13:22:43,957 INFO Written out 1700000 reads
2024-03-19 13:22:49,061 INFO Written out 1800000 reads
2024-03-19 13:22:49,869 INFO Written out 1900000 reads
2024-03-19 13:22:50,390 INFO Parsed 2000000 input reads
2024-03-19 13:22:50,681 INFO Written out 2000000 reads
2024-03-19 13:22:51,491 INFO Written out 2100000 reads
2024-03-19 13:22:54,109 INFO Written out 2200000 reads
2024-03-19 13:23:03,090 INFO Written out 2300000 reads
2024-03-19 13:23:03,903 INFO Written out 2400000 reads
2024-03-19 13:23:04,722 INFO Written out 2500000 reads
2024-03-19 13:23:05,507 INFO Written out 2600000 reads
2024-03-19 13:23:06,315 INFO Written out 2700000 reads
2024-03-19 13:23:07,128 INFO Written out 2800000 reads
2024-03-19 13:23:07,941 INFO Written out 2900000 reads
2024-03-19 13:23:12,211 INFO Parsed 3000000 input reads
2024-03-19 13:23:12,644 INFO Written out 3000000 reads
2024-03-19 13:23:13,450 INFO Written out 3100000 reads
2024-03-19 13:23:14,262 INFO Written out 3200000 reads
2024-03-19 13:23:18,193 INFO Written out 3300000 reads
2024-03-19 13:23:24,176 INFO Written out 3400000 reads
2024-03-19 13:23:24,947 INFO Written out 3500000 reads
2024-03-19 13:23:31,049 INFO Written out 3600000 reads
2024-03-19 13:23:31,819 INFO Written out 3700000 reads
2024-03-19 13:23:32,592 INFO Written out 3800000 reads
2024-03-19 13:23:33,364 INFO Written out 3900000 reads
2024-03-19 13:23:33,596 INFO Parsed 4000000 input reads
2024-03-19 13:23:34,175 INFO Written out 4000000 reads
2024-03-19 13:23:39,718 INFO Written out 4100000 reads
2024-03-19 13:23:40,491 INFO Written out 4200000 reads
2024-03-19 13:23:41,262 INFO Written out 4300000 reads
2024-03-19 13:23:42,042 INFO Written out 4400000 reads
2024-03-19 13:24:01,823 INFO Written out 4500000 reads
2024-03-19 13:24:02,596 INFO Written out 4600000 reads
2024-03-19 13:24:03,314 INFO Written out 4700000 reads
2024-03-19 13:24:03,701 INFO Written out 4800000 reads
2024-03-19 13:24:04,095 INFO Written out 4900000 reads
2024-03-19 13:24:04,143 INFO Parsed 5000000 input reads
2024-03-19 13:24:04,503 INFO Written out 5000000 reads
2024-03-19 13:24:04,887 INFO Written out 5100000 reads
2024-03-19 13:24:05,267 INFO Written out 5200000 reads
2024-03-19 13:24:05,635 INFO Written out 5300000 reads
2024-03-19 13:24:05,998 INFO Written out 5400000 reads
2024-03-19 13:24:06,361 INFO Written out 5500000 reads
2024-03-19 13:24:06,754 INFO Written out 5600000 reads
2024-03-19 13:24:07,140 INFO Written out 5700000 reads
2024-03-19 13:24:07,526 INFO Written out 5800000 reads
2024-03-19 13:24:07,905 INFO Written out 5900000 reads
2024-03-19 13:24:07,909 INFO Parsed 6000000 input reads
2024-03-19 13:24:08,281 INFO Written out 6000000 reads
2024-03-19 13:24:08,858 INFO Written out 6100000 reads
2024-03-19 13:24:09,641 INFO Written out 6200000 reads
2024-03-19 13:24:10,415 INFO Written out 6300000 reads
2024-03-19 13:24:11,183 INFO Written out 6400000 reads
2024-03-19 13:24:18,645 INFO Written out 6500000 reads
2024-03-19 13:24:19,424 INFO Written out 6600000 reads
2024-03-19 13:24:25,392 INFO Written out 6700000 reads
2024-03-19 13:24:26,163 INFO Written out 6800000 reads
2024-03-19 13:24:26,812 INFO Parsed 7000000 input reads
2024-03-19 13:24:26,933 INFO Written out 6900000 reads
2024-03-19 13:24:33,407 INFO Written out 7000000 reads
2024-03-19 13:24:34,177 INFO Written out 7100000 reads
2024-03-19 13:24:34,943 INFO Written out 7200000 reads
2024-03-19 13:24:35,701 INFO Written out 7300000 reads
2024-03-19 13:24:36,466 INFO Written out 7400000 reads
2024-03-19 13:24:44,857 INFO Written out 7500000 reads
2024-03-19 13:24:45,634 INFO Written out 7600000 reads
2024-03-19 13:24:46,405 INFO Written out 7700000 reads
2024-03-19 13:24:47,171 INFO Written out 7800000 reads
2024-03-19 13:24:47,684 INFO Parsed 8000000 input reads
2024-03-19 13:24:47,942 INFO Written out 7900000 reads
2024-03-19 13:24:48,711 INFO Written out 8000000 reads
2024-03-19 13:24:49,478 INFO Written out 8100000 reads
2024-03-19 13:24:57,387 INFO Written out 8200000 reads
2024-03-19 13:24:58,107 INFO Written out 8300000 reads
2024-03-19 13:24:58,830 INFO Written out 8400000 reads
2024-03-19 13:24:59,552 INFO Written out 8500000 reads
2024-03-19 13:25:00,270 INFO Written out 8600000 reads
2024-03-19 13:25:00,988 INFO Written out 8700000 reads
2024-03-19 13:25:01,302 INFO Reads: Input Reads: 8892522
2024-03-19 13:25:01,302 INFO Number of reads out: 8743187
2024-03-19 13:25:01,302 INFO Total number of positions deduplicated: 5749434
2024-03-19 13:25:01,302 INFO Mean number of unique UMIs per position: 1.52
2024-03-19 13:25:01,302 INFO Max. number of unique UMIs per position: 3212
# job finished in 171 seconds at Tue Mar 19 13:25:01 2024 -- 157.15  4.98  0.00  0.00 -- 93e7163d-ff9c-4fc2-9e38-42b3c5ede1b8
