Read1 before filtering:
total reads: 51742531
total bases: 2638869081
Q20 bases: 2450264472(92.8528%)
Q30 bases: 2379649344(90.1769%)

Read2 before filtering:
total reads: 51742531
total bases: 1345305806
Q20 bases: 1239368576(92.1254%)
Q30 bases: 1169881630(86.9603%)

Read1 after filtering:
total reads: 51742531
total bases: 2638869081
Q20 bases: 2450264472(92.8528%)
Q30 bases: 2379649344(90.1769%)

Read2 aftering filtering:
total reads: 51742531
total bases: 1345305806
Q20 bases: 1239368576(92.1254%)
Q30 bases: 1169881630(86.9603%)

Filtering result:
reads passed filter: 103485062
reads failed due to low quality: 0
reads failed due to too many N: 0
reads failed due to too short: 0

Duplication rate: 0%

Insert size peak (evaluated by paired-end reads): 51

JSON report: fastp.json
HTML report: fastp_1.html

fastp --in1 /media/robert/Elements/Deep_sequencing_data/24-03-13-S1-seq/Merged_FastQ_files/LSY5415_2h/LSY5415_2h_R1.fastq.gz --in2 /media/robert/Elements/Deep_sequencing_data/24-03-13-S1-seq/Merged_FastQ_files/LSY5415_2h/LSY5415_2h_R2.fastq.gz --out1 tmp_R1.fastq.gz --out2 tmp_R2.fastq.gz --length_required=12 --disable_adapter_trimming --disable_quality_filtering --disable_trim_poly_g -h fastp_1.html 
fastp v0.20.1, time used: 177 seconds
