# UMI-tools version: 1.0.0
# output generated by dedup --stdin=tmp_2.bam --umi-separator=: --no-sort-output --log=umi_tools.log --method=unique
# job started at Tue Mar 19 05:46:03 2024 on thinkpad -- daf1c36a-b807-4593-814f-0ee00b2f04e2
# pid: 5606, system: Linux 5.15.0-100-generic #110-Ubuntu SMP Wed Feb 7 13:27:48 UTC 2024 x86_64
# assigned_tag                            : None
# cell_tag                                : None
# cell_tag_delim                          : None
# cell_tag_split                          : -
# chimeric_pairs                          : use
# chrom                                   : None
# compresslevel                           : 6
# detection_method                        : None
# gene_tag                                : None
# gene_transcript_map                     : None
# get_umi_method                          : read_id
# ignore_umi                              : False
# in_sam                                  : False
# log2stderr                              : False
# loglevel                                : 1
# mapping_quality                         : 0
# method                                  : unique
# no_sort_output                          : True
# out_sam                                 : False
# output_unmapped                         : False
# paired                                  : False
# per_cell                                : False
# per_contig                              : False
# per_gene                                : False
# random_seed                             : None
# read_length                             : False
# short_help                              : None
# skip_regex                              : ^(__|Unassigned)
# soft_clip_threshold                     : 4
# spliced                                 : False
# stats                                   : False
# stderr                                  : <_io.TextIOWrapper name='<stderr>' mode='w' encoding='UTF-8'>
# stdin                                   : <_io.TextIOWrapper name='tmp_2.bam' mode='r' encoding='UTF-8'>
# stdlog                                  : <_io.TextIOWrapper name='umi_tools.log' mode='a' encoding='UTF-8'>
# stdout                                  : <_io.TextIOWrapper name='<stdout>' mode='w' encoding='UTF-8'>
# subset                                  : None
# threshold                               : 1
# timeit_file                             : None
# timeit_header                           : None
# timeit_name                             : all
# tmpdir                                  : None
# umi_sep                                 : :
# umi_tag                                 : RX
# umi_tag_delim                           : None
# umi_tag_split                           : None
# unmapped_reads                          : discard
# unpaired_reads                          : use
# whole_contig                            : False
2024-03-19 05:46:03,839 INFO command: dedup --stdin=tmp_2.bam --umi-separator=: --no-sort-output --log=umi_tools.log --method=unique
2024-03-19 05:46:06,260 INFO Written out 100000 reads
2024-03-19 05:46:14,018 INFO Written out 200000 reads
2024-03-19 05:46:14,773 INFO Written out 300000 reads
2024-03-19 05:46:15,129 INFO Written out 400000 reads
2024-03-19 05:46:15,732 INFO Written out 500000 reads
2024-03-19 05:46:16,491 INFO Written out 600000 reads
2024-03-19 05:46:17,254 INFO Written out 700000 reads
2024-03-19 05:46:21,595 INFO Written out 800000 reads
2024-03-19 05:46:22,281 INFO Written out 900000 reads
2024-03-19 05:46:22,611 INFO Parsed 1000000 input reads
2024-03-19 05:46:22,717 INFO Written out 1000000 reads
2024-03-19 05:46:23,128 INFO Written out 1100000 reads
2024-03-19 05:46:35,355 INFO Written out 1200000 reads
2024-03-19 05:46:36,115 INFO Written out 1300000 reads
2024-03-19 05:46:36,748 INFO Written out 1400000 reads
2024-03-19 05:46:37,454 INFO Written out 1500000 reads
2024-03-19 05:46:38,173 INFO Written out 1600000 reads
2024-03-19 05:46:38,918 INFO Written out 1700000 reads
2024-03-19 05:46:39,658 INFO Written out 1800000 reads
2024-03-19 05:46:40,409 INFO Written out 1900000 reads
2024-03-19 05:46:40,757 INFO Parsed 2000000 input reads
2024-03-19 05:46:41,164 INFO Written out 2000000 reads
2024-03-19 05:46:41,923 INFO Written out 2100000 reads
2024-03-19 05:46:48,739 INFO Written out 2200000 reads
2024-03-19 05:46:49,088 INFO Written out 2300000 reads
2024-03-19 05:46:49,515 INFO Written out 2400000 reads
2024-03-19 05:46:50,269 INFO Written out 2500000 reads
2024-03-19 05:46:50,818 INFO Written out 2600000 reads
2024-03-19 05:46:51,449 INFO Written out 2700000 reads
2024-03-19 05:46:53,917 INFO Written out 2800000 reads
2024-03-19 05:47:04,143 INFO Written out 2900000 reads
2024-03-19 05:47:04,282 INFO Parsed 3000000 input reads
2024-03-19 05:47:04,905 INFO Written out 3000000 reads
2024-03-19 05:47:05,667 INFO Written out 3100000 reads
2024-03-19 05:47:06,090 INFO Written out 3200000 reads
2024-03-19 05:47:06,722 INFO Written out 3300000 reads
2024-03-19 05:47:11,971 INFO Written out 3400000 reads
2024-03-19 05:47:12,659 INFO Written out 3500000 reads
2024-03-19 05:47:13,413 INFO Written out 3600000 reads
2024-03-19 05:47:14,168 INFO Written out 3700000 reads
2024-03-19 05:47:19,068 INFO Written out 3800000 reads
2024-03-19 05:47:19,755 INFO Parsed 4000000 input reads
2024-03-19 05:47:19,821 INFO Written out 3900000 reads
2024-03-19 05:47:20,586 INFO Written out 4000000 reads
2024-03-19 05:47:21,342 INFO Written out 4100000 reads
2024-03-19 05:47:26,126 INFO Written out 4200000 reads
2024-03-19 05:47:26,524 INFO Written out 4300000 reads
2024-03-19 05:47:27,280 INFO Written out 4400000 reads
2024-03-19 05:47:28,036 INFO Written out 4500000 reads
2024-03-19 05:47:35,224 INFO Written out 4600000 reads
2024-03-19 05:47:35,984 INFO Written out 4700000 reads
2024-03-19 05:47:36,710 INFO Written out 4800000 reads
2024-03-19 05:47:36,943 INFO Parsed 5000000 input reads
2024-03-19 05:47:37,058 INFO Written out 4900000 reads
2024-03-19 05:47:37,788 INFO Written out 5000000 reads
2024-03-19 05:47:38,556 INFO Written out 5100000 reads
2024-03-19 05:47:43,744 INFO Written out 5200000 reads
2024-03-19 05:47:44,501 INFO Written out 5300000 reads
2024-03-19 05:47:45,258 INFO Written out 5400000 reads
2024-03-19 05:47:46,024 INFO Written out 5500000 reads
2024-03-19 05:48:05,780 INFO Written out 5600000 reads
2024-03-19 05:48:06,533 INFO Written out 5700000 reads
2024-03-19 05:48:07,285 INFO Written out 5800000 reads
2024-03-19 05:48:07,509 INFO Parsed 6000000 input reads
2024-03-19 05:48:07,739 INFO Written out 5900000 reads
2024-03-19 05:48:08,130 INFO Written out 6000000 reads
2024-03-19 05:48:08,513 INFO Written out 6100000 reads
2024-03-19 05:48:08,898 INFO Written out 6200000 reads
2024-03-19 05:48:09,279 INFO Written out 6300000 reads
2024-03-19 05:48:09,649 INFO Written out 6400000 reads
2024-03-19 05:48:10,009 INFO Written out 6500000 reads
2024-03-19 05:48:10,386 INFO Written out 6600000 reads
2024-03-19 05:48:15,644 INFO Written out 6700000 reads
2024-03-19 05:48:16,043 INFO Written out 6800000 reads
2024-03-19 05:48:16,134 INFO Parsed 7000000 input reads
2024-03-19 05:48:16,430 INFO Written out 6900000 reads
2024-03-19 05:48:16,809 INFO Written out 7000000 reads
2024-03-19 05:48:17,264 INFO Written out 7100000 reads
2024-03-19 05:48:17,602 INFO Written out 7200000 reads
2024-03-19 05:48:18,181 INFO Written out 7300000 reads
2024-03-19 05:48:18,930 INFO Written out 7400000 reads
2024-03-19 05:48:19,686 INFO Written out 7500000 reads
2024-03-19 05:48:29,707 INFO Written out 7600000 reads
2024-03-19 05:48:30,350 INFO Written out 7700000 reads
2024-03-19 05:48:30,902 INFO Parsed 8000000 input reads
2024-03-19 05:48:30,910 INFO Written out 7800000 reads
2024-03-19 05:48:31,659 INFO Written out 7900000 reads
2024-03-19 05:48:32,410 INFO Written out 8000000 reads
2024-03-19 05:48:32,844 INFO Written out 8100000 reads
2024-03-19 05:48:33,417 INFO Written out 8200000 reads
2024-03-19 05:48:33,786 INFO Written out 8300000 reads
2024-03-19 05:48:34,370 INFO Written out 8400000 reads
2024-03-19 05:48:42,303 INFO Written out 8500000 reads
2024-03-19 05:48:43,054 INFO Written out 8600000 reads
2024-03-19 05:48:43,656 INFO Written out 8700000 reads
2024-03-19 05:48:43,898 INFO Parsed 9000000 input reads
2024-03-19 05:48:44,006 INFO Written out 8800000 reads
2024-03-19 05:48:44,626 INFO Written out 8900000 reads
2024-03-19 05:48:45,396 INFO Written out 9000000 reads
2024-03-19 05:48:46,149 INFO Written out 9100000 reads
2024-03-19 05:48:57,173 INFO Written out 9200000 reads
2024-03-19 05:48:57,531 INFO Written out 9300000 reads
2024-03-19 05:48:58,275 INFO Written out 9400000 reads
2024-03-19 05:48:59,031 INFO Written out 9500000 reads
2024-03-19 05:48:59,454 INFO Written out 9600000 reads
2024-03-19 05:49:00,225 INFO Written out 9700000 reads
2024-03-19 05:49:00,563 INFO Parsed 10000000 input reads
2024-03-19 05:49:01,001 INFO Written out 9800000 reads
2024-03-19 05:49:01,712 INFO Written out 9900000 reads
2024-03-19 05:49:07,236 INFO Written out 10000000 reads
2024-03-19 05:49:07,636 INFO Written out 10100000 reads
2024-03-19 05:49:15,661 INFO Written out 10200000 reads
2024-03-19 05:49:16,373 INFO Written out 10300000 reads
2024-03-19 05:49:17,087 INFO Written out 10400000 reads
2024-03-19 05:49:17,579 INFO Written out 10500000 reads
2024-03-19 05:49:18,258 INFO Written out 10600000 reads
2024-03-19 05:49:18,961 INFO Written out 10700000 reads
2024-03-19 05:49:19,074 INFO Parsed 11000000 input reads
2024-03-19 05:49:19,660 INFO Written out 10800000 reads
2024-03-19 05:49:19,911 INFO Reads: Input Reads: 11123050
2024-03-19 05:49:19,911 INFO Number of reads out: 10835834
2024-03-19 05:49:19,911 INFO Total number of positions deduplicated: 5554550
2024-03-19 05:49:19,911 INFO Mean number of unique UMIs per position: 1.95
2024-03-19 05:49:19,911 INFO Max. number of unique UMIs per position: 13449
# job finished in 196 seconds at Tue Mar 19 05:49:19 2024 -- 177.33  5.08  0.00  0.00 -- daf1c36a-b807-4593-814f-0ee00b2f04e2
