Streaming uncompressed  reads to STDOUT...

Read1 before filtering:
total reads: 30865012
total bases: 1574115612
Q20 bases: 1460307744(92.77%)
Q30 bases: 1417397146(90.044%)

Read1 after filtering:
total reads: 30332850
total bases: 1543358766
Q20 bases: 1443232303(93.5124%)
Q30 bases: 1402111470(90.8481%)

Filtering result:
reads passed filter: 30332850
reads failed due to low quality: 506687
reads failed due to too many N: 5608
reads failed due to too short: 19867
reads with adapter trimmed: 225518
bases trimmed due to adapters: 3451526

Duplication rate (may be overestimated since this is SE data): 24.4621%

JSON report: fastp.json
HTML report: fastp_3.html

fastp --in1 tmp2_R1.fastq.gz --adapter_sequence=AGATCGGAAGAGCACACGTCTGAACTCCAGTCA --adapter_fasta /home/robert/Research/Manuscripts/My_manuscripts/23-09-Chromatin_remodeler_Impact_on_MRX_nicking/Data_Analyses_and_Figures/S1-seq/01_Raw_data/2nd_Adpt_linkers.fa -h fastp_3.html --stdout 
fastp v0.20.1, time used: 629 seconds
