Streaming uncompressed  reads to STDOUT...

Read1 before filtering:
total reads: 25844883
total bases: 1318089033
Q20 bases: 1212709351(92.0051%)
Q30 bases: 1173534522(89.033%)

Read1 after filtering:
total reads: 25272613
total bases: 1286055382
Q20 bases: 1195377316(92.9491%)
Q30 bases: 1158096182(90.0503%)

Filtering result:
reads passed filter: 25272613
reads failed due to low quality: 548578
reads failed due to too many N: 4511
reads failed due to too short: 19181
reads with adapter trimmed: 213821
bases trimmed due to adapters: 3070973

Duplication rate (may be overestimated since this is SE data): 27.03%

JSON report: fastp.json
HTML report: fastp_3.html

fastp --in1 tmp2_R1.fastq.gz --adapter_sequence=AGATCGGAAGAGCACACGTCTGAACTCCAGTCA --adapter_fasta /home/robert/Research/Manuscripts/My_manuscripts/23-09-Chromatin_remodeler_Impact_on_MRX_nicking/Data_Analyses_and_Figures/S1-seq/01_Raw_data/2nd_Adpt_linkers.fa -h fastp_3.html --stdout 
fastp v0.20.1, time used: 497 seconds
