Read1 before filtering:
total reads: 25844883
total bases: 1318089033
Q20 bases: 1212709351(92.0051%)
Q30 bases: 1173534522(89.033%)

Read2 before filtering:
total reads: 25844883
total bases: 671966958
Q20 bases: 614550471(91.4555%)
Q30 bases: 578587759(86.1036%)

Read1 after filtering:
total reads: 25844883
total bases: 1318089033
Q20 bases: 1212709351(92.0051%)
Q30 bases: 1173534522(89.033%)

Read2 aftering filtering:
total reads: 25844883
total bases: 361828362
Q20 bases: 322017409(88.9973%)
Q30 bases: 296725466(82.0072%)

Filtering result:
reads passed filter: 51689766
reads failed due to low quality: 0
reads failed due to too many N: 0

Duplication rate: 0%

Insert size peak (evaluated by paired-end reads): 51

JSON report: fastp.json
HTML report: fastp_2.html

fastp --in1 tmp_R1.fastq.gz --in2 tmp_R2.fastq.gz --out1 tmp2_R1.fastq.gz --out2 tmp2_R2.fastq.gz --umi --umi_loc=read2 --umi_len=12 --disable_adapter_trimming --disable_quality_filtering --disable_trim_poly_g --disable_length_filtering -h fastp_2.html 
fastp v0.20.1, time used: 104 seconds
