# UMI-tools version: 1.0.0
# output generated by dedup --stdin=tmp_2.bam --umi-separator=: --no-sort-output --log=umi_tools.log --method=unique
# job started at Tue Mar 19 06:23:00 2024 on thinkpad -- 4e16d8bf-83c1-4559-a618-556f6f649e4c
# pid: 6239, system: Linux 5.15.0-100-generic #110-Ubuntu SMP Wed Feb 7 13:27:48 UTC 2024 x86_64
# assigned_tag                            : None
# cell_tag                                : None
# cell_tag_delim                          : None
# cell_tag_split                          : -
# chimeric_pairs                          : use
# chrom                                   : None
# compresslevel                           : 6
# detection_method                        : None
# gene_tag                                : None
# gene_transcript_map                     : None
# get_umi_method                          : read_id
# ignore_umi                              : False
# in_sam                                  : False
# log2stderr                              : False
# loglevel                                : 1
# mapping_quality                         : 0
# method                                  : unique
# no_sort_output                          : True
# out_sam                                 : False
# output_unmapped                         : False
# paired                                  : False
# per_cell                                : False
# per_contig                              : False
# per_gene                                : False
# random_seed                             : None
# read_length                             : False
# short_help                              : None
# skip_regex                              : ^(__|Unassigned)
# soft_clip_threshold                     : 4
# spliced                                 : False
# stats                                   : False
# stderr                                  : <_io.TextIOWrapper name='<stderr>' mode='w' encoding='UTF-8'>
# stdin                                   : <_io.TextIOWrapper name='tmp_2.bam' mode='r' encoding='UTF-8'>
# stdlog                                  : <_io.TextIOWrapper name='umi_tools.log' mode='a' encoding='UTF-8'>
# stdout                                  : <_io.TextIOWrapper name='<stdout>' mode='w' encoding='UTF-8'>
# subset                                  : None
# threshold                               : 1
# timeit_file                             : None
# timeit_header                           : None
# timeit_name                             : all
# tmpdir                                  : None
# umi_sep                                 : :
# umi_tag                                 : RX
# umi_tag_delim                           : None
# umi_tag_split                           : None
# unmapped_reads                          : discard
# unpaired_reads                          : use
# whole_contig                            : False
2024-03-19 06:23:00,746 INFO command: dedup --stdin=tmp_2.bam --umi-separator=: --no-sort-output --log=umi_tools.log --method=unique
2024-03-19 06:23:03,419 INFO Written out 100000 reads
2024-03-19 06:23:11,231 INFO Written out 200000 reads
2024-03-19 06:23:12,026 INFO Written out 300000 reads
2024-03-19 06:23:12,774 INFO Written out 400000 reads
2024-03-19 06:23:13,532 INFO Written out 500000 reads
2024-03-19 06:23:14,300 INFO Written out 600000 reads
2024-03-19 06:23:15,077 INFO Written out 700000 reads
2024-03-19 06:23:18,099 INFO Written out 800000 reads
2024-03-19 06:23:18,843 INFO Written out 900000 reads
2024-03-19 06:23:32,049 INFO Parsed 1000000 input reads
2024-03-19 06:23:32,224 INFO Written out 1000000 reads
2024-03-19 06:23:32,994 INFO Written out 1100000 reads
2024-03-19 06:23:33,764 INFO Written out 1200000 reads
2024-03-19 06:23:34,518 INFO Written out 1300000 reads
2024-03-19 06:23:35,272 INFO Written out 1400000 reads
2024-03-19 06:23:36,040 INFO Written out 1500000 reads
2024-03-19 06:23:36,807 INFO Written out 1600000 reads
2024-03-19 06:23:37,574 INFO Written out 1700000 reads
2024-03-19 06:23:38,352 INFO Written out 1800000 reads
2024-03-19 06:23:39,128 INFO Written out 1900000 reads
2024-03-19 06:23:39,543 INFO Parsed 2000000 input reads
2024-03-19 06:23:39,900 INFO Written out 2000000 reads
2024-03-19 06:23:45,614 INFO Written out 2100000 reads
2024-03-19 06:23:46,376 INFO Written out 2200000 reads
2024-03-19 06:23:47,141 INFO Written out 2300000 reads
2024-03-19 06:23:47,897 INFO Written out 2400000 reads
2024-03-19 06:23:50,902 INFO Written out 2500000 reads
2024-03-19 06:23:51,666 INFO Written out 2600000 reads
2024-03-19 06:24:01,706 INFO Written out 2700000 reads
2024-03-19 06:24:02,471 INFO Written out 2800000 reads
2024-03-19 06:24:03,240 INFO Written out 2900000 reads
2024-03-19 06:24:03,457 INFO Parsed 3000000 input reads
2024-03-19 06:24:03,992 INFO Written out 3000000 reads
2024-03-19 06:24:04,746 INFO Written out 3100000 reads
2024-03-19 06:24:05,510 INFO Written out 3200000 reads
2024-03-19 06:24:06,271 INFO Written out 3300000 reads
2024-03-19 06:24:12,038 INFO Written out 3400000 reads
2024-03-19 06:24:17,119 INFO Written out 3500000 reads
2024-03-19 06:24:17,879 INFO Written out 3600000 reads
2024-03-19 06:24:18,646 INFO Written out 3700000 reads
2024-03-19 06:24:23,209 INFO Written out 3800000 reads
2024-03-19 06:24:23,911 INFO Written out 3900000 reads
2024-03-19 06:24:23,966 INFO Parsed 4000000 input reads
2024-03-19 06:24:24,668 INFO Written out 4000000 reads
2024-03-19 06:24:25,426 INFO Written out 4100000 reads
2024-03-19 06:24:32,215 INFO Written out 4200000 reads
2024-03-19 06:24:32,971 INFO Written out 4300000 reads
2024-03-19 06:24:33,723 INFO Written out 4400000 reads
2024-03-19 06:24:34,482 INFO Written out 4500000 reads
2024-03-19 06:24:35,246 INFO Written out 4600000 reads
2024-03-19 06:24:41,441 INFO Written out 4700000 reads
2024-03-19 06:24:42,201 INFO Written out 4800000 reads
2024-03-19 06:24:42,834 INFO Parsed 5000000 input reads
2024-03-19 06:24:42,960 INFO Written out 4900000 reads
2024-03-19 06:24:43,719 INFO Written out 5000000 reads
2024-03-19 06:24:44,477 INFO Written out 5100000 reads
2024-03-19 06:25:09,976 INFO Written out 5200000 reads
2024-03-19 06:25:10,728 INFO Written out 5300000 reads
2024-03-19 06:25:11,481 INFO Written out 5400000 reads
2024-03-19 06:25:12,015 INFO Written out 5500000 reads
2024-03-19 06:25:12,396 INFO Written out 5600000 reads
2024-03-19 06:25:12,781 INFO Written out 5700000 reads
2024-03-19 06:25:13,161 INFO Written out 5800000 reads
2024-03-19 06:25:13,400 INFO Parsed 6000000 input reads
2024-03-19 06:25:13,534 INFO Written out 5900000 reads
2024-03-19 06:25:13,918 INFO Written out 6000000 reads
2024-03-19 06:25:14,289 INFO Written out 6100000 reads
2024-03-19 06:25:14,660 INFO Written out 6200000 reads
2024-03-19 06:25:15,028 INFO Written out 6300000 reads
2024-03-19 06:25:15,383 INFO Written out 6400000 reads
2024-03-19 06:25:15,735 INFO Written out 6500000 reads
2024-03-19 06:25:16,092 INFO Written out 6600000 reads
2024-03-19 06:25:21,232 INFO Written out 6700000 reads
2024-03-19 06:25:21,619 INFO Written out 6800000 reads
2024-03-19 06:25:21,798 INFO Parsed 7000000 input reads
2024-03-19 06:25:21,994 INFO Written out 6900000 reads
2024-03-19 06:25:22,367 INFO Written out 7000000 reads
2024-03-19 06:25:22,745 INFO Written out 7100000 reads
2024-03-19 06:25:23,117 INFO Written out 7200000 reads
2024-03-19 06:25:23,483 INFO Written out 7300000 reads
2024-03-19 06:25:23,923 INFO Written out 7400000 reads
2024-03-19 06:25:24,598 INFO Written out 7500000 reads
2024-03-19 06:25:25,355 INFO Written out 7600000 reads
2024-03-19 06:25:26,114 INFO Written out 7700000 reads
2024-03-19 06:25:26,910 INFO Written out 7800000 reads
2024-03-19 06:25:27,145 INFO Parsed 8000000 input reads
2024-03-19 06:25:35,382 INFO Written out 7900000 reads
2024-03-19 06:25:36,137 INFO Written out 8000000 reads
2024-03-19 06:25:36,891 INFO Written out 8100000 reads
2024-03-19 06:25:37,649 INFO Written out 8200000 reads
2024-03-19 06:25:38,408 INFO Written out 8300000 reads
2024-03-19 06:25:39,167 INFO Written out 8400000 reads
2024-03-19 06:25:46,579 INFO Written out 8500000 reads
2024-03-19 06:25:47,342 INFO Written out 8600000 reads
2024-03-19 06:25:48,096 INFO Written out 8700000 reads
2024-03-19 06:25:48,855 INFO Written out 8800000 reads
2024-03-19 06:25:48,916 INFO Parsed 9000000 input reads
2024-03-19 06:25:49,616 INFO Written out 8900000 reads
2024-03-19 06:25:50,376 INFO Written out 9000000 reads
2024-03-19 06:25:59,761 INFO Written out 9100000 reads
2024-03-19 06:26:00,513 INFO Written out 9200000 reads
2024-03-19 06:26:01,266 INFO Written out 9300000 reads
2024-03-19 06:26:02,022 INFO Written out 9400000 reads
2024-03-19 06:26:02,783 INFO Written out 9500000 reads
2024-03-19 06:26:03,541 INFO Written out 9600000 reads
2024-03-19 06:26:04,301 INFO Written out 9700000 reads
2024-03-19 06:26:04,936 INFO Parsed 10000000 input reads
2024-03-19 06:26:05,053 INFO Written out 9800000 reads
2024-03-19 06:26:13,927 INFO Written out 9900000 reads
2024-03-19 06:26:19,450 INFO Written out 10000000 reads
2024-03-19 06:26:20,175 INFO Written out 10100000 reads
2024-03-19 06:26:20,897 INFO Written out 10200000 reads
2024-03-19 06:26:21,619 INFO Written out 10300000 reads
2024-03-19 06:26:22,338 INFO Written out 10400000 reads
2024-03-19 06:26:22,925 INFO Reads: Input Reads: 10714333
2024-03-19 06:26:22,925 INFO Number of reads out: 10482111
2024-03-19 06:26:22,925 INFO Total number of positions deduplicated: 6376331
2024-03-19 06:26:22,925 INFO Mean number of unique UMIs per position: 1.64
2024-03-19 06:26:22,925 INFO Max. number of unique UMIs per position: 4328
# job finished in 202 seconds at Tue Mar 19 06:26:22 2024 -- 182.04  5.89  0.00  0.00 -- 4e16d8bf-83c1-4559-a618-556f6f649e4c
